TN:
SF:src\App.tsx
FN:11,App
FN:14,(anonymous_1)
FN:18,(anonymous_2)
FNF:3
FNH:2
FNDA:8,App
FNDA:0,(anonymous_1)
FNDA:8,(anonymous_2)
DA:11,8
DA:12,8
DA:14,8
DA:15,0
DA:18,8
DA:19,8
DA:21,8
DA:23,0
DA:25,0
DA:27,0
DA:29,0
DA:31,0
DA:33,0
DA:35,0
DA:37,0
DA:41,8
DA:49,4
DA:51,4
LF:18
LH:9
BRDA:19,0,0,8
BRDA:19,0,1,0
BRDA:19,0,2,0
BRDA:19,0,3,0
BRDA:19,0,4,0
BRDA:19,0,5,0
BRDA:19,0,6,0
BRDA:19,0,7,0
BRDA:19,0,8,0
BRF:9
BRH:1
end_of_record
TN:
SF:src\main.tsx
FNF:0
FNH:0
DA:8,4
DA:13,4
LF:2
LH:2
BRF:0
BRH:0
end_of_record
TN:
SF:src\components\common\AddTransactionForm.tsx
FN:18,(anonymous_0)
FN:40,(anonymous_1)
FN:49,(anonymous_2)
FN:57,(anonymous_3)
FN:66,(anonymous_4)
FNF:5
FNH:0
FNDA:0,(anonymous_0)
FNDA:0,(anonymous_1)
FNDA:0,(anonymous_2)
FNDA:0,(anonymous_3)
FNDA:0,(anonymous_4)
DA:18,4
DA:31,0
DA:40,0
DA:49,0
DA:57,0
DA:66,0
DA:78,4
DA:80,4
LF:8
LH:3
BRDA:33,0,0,0
BRDA:33,0,1,0
BRF:2
BRH:0
end_of_record
TN:
SF:src\components\common\CardEditorControls.tsx
FN:14,(anonymous_0)
FN:30,(anonymous_1)
FN:38,(anonymous_2)
FN:41,(anonymous_3)
FN:47,(anonymous_4)
FN:50,(anonymous_5)
FNF:6
FNH:0
FNDA:0,(anonymous_0)
FNDA:0,(anonymous_1)
FNDA:0,(anonymous_2)
FNDA:0,(anonymous_3)
FNDA:0,(anonymous_4)
FNDA:0,(anonymous_5)
DA:14,4
DA:23,0
DA:30,0
DA:38,0
DA:41,0
DA:47,0
DA:50,0
DA:56,4
DA:58,4
LF:9
LH:3
BRF:0
BRH:0
end_of_record
TN:
SF:src\components\common\CardSelector.tsx
FN:21,(anonymous_0)
FN:22,(anonymous_1)
FN:50,(anonymous_2)
FNF:3
FNH:0
FNDA:0,(anonymous_0)
FNDA:0,(anonymous_1)
FNDA:0,(anonymous_2)
DA:21,4
DA:22,0
DA:23,0
DA:26,0
DA:51,0
DA:74,4
DA:76,4
LF:7
LH:3
BRDA:67,0,0,0
BRDA:67,0,1,0
BRF:2
BRH:0
end_of_record
TN:
SF:src\components\dashboard\DataTable.tsx
FN:18,(anonymous_0)
FN:38,(anonymous_1)
FN:46,(anonymous_2)
FN:48,(anonymous_3)
FN:55,(anonymous_4)
FNF:5
FNH:5
FNDA:8,(anonymous_0)
FNDA:40,(anonymous_1)
FNDA:32,(anonymous_2)
FNDA:160,(anonymous_3)
FNDA:160,(anonymous_4)
DA:18,4
DA:19,8
DA:39,40
DA:47,32
DA:48,160
DA:49,32
DA:50,32
DA:56,160
DA:69,4
LF:9
LH:9
BRDA:49,0,0,0
BRDA:49,0,1,32
BRDA:49,1,0,0
BRDA:49,1,1,0
BRDA:57,2,0,32
BRDA:57,2,1,128
BRF:6
BRH:3
end_of_record
TN:
SF:src\components\dashboard\ExpandedExpenseRow.tsx
FN:63,(anonymous_0)
FN:75,(anonymous_1)
FN:84,(anonymous_2)
FN:90,(anonymous_3)
FN:93,(anonymous_4)
FN:114,(anonymous_5)
FN:116,(anonymous_6)
FN:125,(anonymous_7)
FN:130,(anonymous_8)
FN:143,(anonymous_9)
FN:159,(anonymous_10)
FN:162,(anonymous_11)
FN:168,(anonymous_12)
FN:207,(anonymous_13)
FN:207,(anonymous_14)
FN:218,(anonymous_15)
FN:218,(anonymous_16)
FN:229,(anonymous_17)
FN:229,(anonymous_18)
FN:258,(anonymous_19)
FN:63,(anonymous_20)
FN:29,(anonymous_0)
FN:70,(anonymous_1)
FN:80,(anonymous_2)
FN:87,(anonymous_3)
FN:91,(anonymous_4)
FN:111,(anonymous_5)
FN:114,(anonymous_6)
FN:123,(anonymous_7)
FN:127,(anonymous_8)
FN:141,(anonymous_9)
FN:157,(anonymous_10)
FN:154,(anonymous_11)
FN:151,(anonymous_12)
FN:205,(anonymous_13)
FN:216,(anonymous_15)
FN:227,(anonymous_17)
FN:250,(anonymous_19)
FN:280,(anonymous_20)
FNF:39
FNH:0
FNDA:0,(anonymous_0)
FNDA:0,(anonymous_1)
FNDA:0,(anonymous_2)
FNDA:0,(anonymous_3)
FNDA:0,(anonymous_4)
FNDA:0,(anonymous_5)
FNDA:0,(anonymous_6)
FNDA:0,(anonymous_7)
FNDA:0,(anonymous_8)
FNDA:0,(anonymous_9)
FNDA:0,(anonymous_10)
FNDA:0,(anonymous_11)
FNDA:0,(anonymous_12)
FNDA:0,(anonymous_13)
FNDA:0,(anonymous_14)
FNDA:0,(anonymous_15)
FNDA:0,(anonymous_16)
FNDA:0,(anonymous_17)
FNDA:0,(anonymous_18)
FNDA:0,(anonymous_19)
FNDA:0,(anonymous_20)
FNDA:0,(anonymous_0)
FNDA:0,(anonymous_1)
FNDA:0,(anonymous_2)
FNDA:0,(anonymous_3)
FNDA:0,(anonymous_4)
FNDA:0,(anonymous_5)
FNDA:0,(anonymous_6)
FNDA:0,(anonymous_7)
FNDA:0,(anonymous_8)
FNDA:0,(anonymous_9)
FNDA:0,(anonymous_10)
FNDA:0,(anonymous_11)
FNDA:0,(anonymous_12)
FNDA:0,(anonymous_13)
FNDA:0,(anonymous_15)
FNDA:0,(anonymous_17)
FNDA:0,(anonymous_19)
FNDA:0,(anonymous_20)
DA:29,2
DA:63,4
DA:64,2
DA:65,4
DA:66,2
DA:67,2
DA:68,2
DA:69,2
DA:70,2
DA:74,2
DA:75,2
DA:76,0
DA:77,2
DA:78,0
DA:79,2
DA:82,2
DA:84,2
DA:85,2
DA:86,2
DA:87,2
DA:88,2
DA:90,2
DA:91,0
DA:92,0
DA:93,0
DA:94,0
DA:95,0
DA:96,0
DA:97,0
DA:99,0
DA:106,0
DA:108,0
DA:109,2
DA:111,2
DA:112,2
DA:114,2
DA:115,2
DA:116,2
DA:119,0
DA:120,2
DA:123,0
DA:125,0
DA:127,0
DA:130,0
DA:142,0
DA:143,0
DA:151,0
DA:154,0
DA:157,0
DA:159,0
DA:162,0
DA:167,0
DA:168,0
DA:205,0
DA:207,0
DA:216,0
DA:218,0
DA:227,0
DA:229,0
DA:256,0
DA:259,0
DA:282,2
DA:284,8
LF:63
LH:29
BRDA:64,0,0,0
BRDA:64,0,1,0
BRDA:77,1,0,0
BRDA:77,2,0,0
BRDA:77,2,1,0
BRDA:77,2,2,0
BRDA:85,3,0,0
BRDA:92,4,0,0
BRDA:92,5,0,0
BRDA:92,5,1,0
BRDA:92,5,2,0
BRDA:95,6,0,0
BRDA:95,7,0,0
BRDA:95,7,1,0
BRDA:138,8,0,0
BRDA:138,8,1,0
BRDA:150,9,0,0
BRDA:150,9,1,0
BRDA:173,10,0,0
BRDA:173,10,1,0
BRDA:176,11,0,0
BRDA:176,11,1,0
BRDA:180,12,0,0
BRDA:180,12,1,0
BRDA:184,13,0,0
BRDA:184,13,1,0
BRDA:188,14,0,0
BRDA:188,14,1,0
BRDA:271,15,0,0
BRDA:271,15,1,0
BRDA:63,16,0,0
BRDA:63,16,1,0
BRDA:75,17,0,0
BRDA:75,18,0,0
BRDA:75,18,1,0
BRDA:75,18,2,0
BRDA:82,19,0,0
BRDA:90,20,0,0
BRDA:90,21,0,0
BRDA:90,21,1,0
BRDA:90,21,2,0
BRDA:93,22,0,0
BRDA:93,23,0,0
BRDA:93,23,1,0
BRDA:136,24,0,0
BRDA:136,24,1,0
BRDA:149,25,0,0
BRDA:149,25,1,0
BRDA:135,26,0,0
BRDA:135,26,1,0
BRDA:135,27,0,0
BRDA:135,27,1,0
BRDA:177,28,0,0
BRDA:177,28,1,0
BRDA:180,29,0,0
BRDA:180,29,1,0
BRDA:187,30,0,0
BRDA:187,30,1,0
BRDA:181,31,0,0
BRDA:181,31,1,0
BRDA:284,32,0,2
BRDA:284,32,1,2
BRF:62
BRH:2
end_of_record
TN:
SF:src\components\dashboard\StatCard.tsx
FN:13,(anonymous_0)
FNF:1
FNH:1
FNDA:24,(anonymous_0)
DA:13,4
DA:20,24
DA:21,24
DA:29,24
DA:71,4
LF:5
LH:5
BRDA:18,0,0,0
BRDA:20,1,0,24
BRDA:20,1,1,0
BRDA:40,2,0,24
BRDA:40,2,1,0
BRDA:42,3,0,0
BRDA:42,3,1,0
BRDA:50,4,0,0
BRDA:50,4,1,0
BRF:9
BRH:2
end_of_record
TN:
SF:src\components\layout\Header.tsx
FN:20,(anonymous_0)
FN:23,(anonymous_1)
FN:27,(anonymous_2)
FN:16,(anonymous_0)
FN:20,(anonymous_1)
FN:24,(anonymous_2)
FNF:6
FNH:6
FNDA:4,(anonymous_0)
FNDA:4,(anonymous_1)
FNDA:4,(anonymous_2)
FNDA:4,(anonymous_0)
FNDA:4,(anonymous_1)
FNDA:4,(anonymous_2)
DA:15,2
DA:16,2
DA:18,4
DA:20,12
DA:21,8
DA:23,6
DA:24,6
DA:25,2
DA:27,6
DA:28,6
DA:31,4
DA:32,4
DA:94,2
LF:13
LH:13
BRDA:20,0,0,2
BRDA:20,0,1,2
BRF:2
BRH:2
end_of_record
TN:
SF:src\components\layout\Layout.tsx
FN:9,(anonymous_0)
FNF:1
FNH:1
FNDA:8,(anonymous_0)
DA:7,4
DA:9,4
DA:10,8
DA:28,4
LF:4
LH:4
BRF:0
BRH:0
end_of_record
TN:
SF:src\components\layout\Sidebar.tsx
FN:37,(anonymous_0)
FN:60,(anonymous_1)
FN:64,(anonymous_2)
FNF:3
FNH:2
FNDA:8,(anonymous_0)
FNDA:64,(anonymous_1)
FNDA:0,(anonymous_2)
DA:24,4
DA:26,4
DA:37,4
DA:38,8
DA:61,64
DA:64,0
DA:95,4
LF:7
LH:6
BRDA:76,0,0,8
BRDA:76,0,1,56
BRDA:85,1,0,8
BRDA:85,1,1,56
BRF:4
BRH:4
end_of_record
TN:
SF:src\graphql\mutations.ts
FNF:0
FNH:0
DA:1,4
DA:12,4
DA:25,4
DA:33,4
DA:43,4
DA:56,4
DA:67,4
DA:75,4
DA:83,4
DA:93,4
LF:10
LH:10
BRF:0
BRH:0
end_of_record
TN:
SF:src\graphql\queries.ts
FNF:0
FNH:0
DA:3,4
DA:16,4
DA:27,4
DA:37,4
DA:49,4
LF:5
LH:5
BRF:0
BRH:0
end_of_record
TN:
SF:src\pages\Dashboard.tsx
FN:20,(anonymous_0)
FN:24,(anonymous_1)
FN:25,(anonymous_2)
FN:26,(anonymous_3)
FN:20,(anonymous_4)
FN:72,(anonymous_5)
FN:88,(anonymous_6)
FN:138,(anonymous_7)
FN:88,(anonymous_8)
FNF:9
FNH:6
FNDA:8,(anonymous_0)
FNDA:0,(anonymous_1)
FNDA:0,(anonymous_2)
FNDA:0,(anonymous_3)
FNDA:4,(anonymous_4)
FNDA:32,(anonymous_5)
FNDA:8,(anonymous_6)
FNDA:24,(anonymous_7)
FNDA:4,(anonymous_8)
DA:20,8
DA:21,8
DA:22,8
DA:23,8
DA:24,8
DA:25,8
DA:26,8
DA:27,8
DA:28,8
DA:29,4
DA:31,4
DA:66,4
DA:73,32
DA:74,32
DA:88,8
DA:89,8
DA:91,8
DA:112,8
DA:139,24
DA:241,4
LF:20
LH:20
BRDA:24,0,0,8
BRDA:24,0,1,8
BRDA:24,1,0,0
BRDA:24,1,1,0
BRDA:25,2,0,8
BRDA:25,2,1,8
BRDA:25,3,0,0
BRDA:25,3,1,0
BRDA:26,4,0,8
BRDA:26,4,1,8
BRDA:26,5,0,0
BRDA:26,5,1,0
BRDA:77,6,0,24
BRDA:77,6,1,8
BRF:14
BRH:8
end_of_record
TN:
SF:src\pages\Expenses.tsx
FN:36,(anonymous_0)
FN:59,(anonymous_1)
FN:67,(anonymous_2)
FN:70,(anonymous_3)
FN:75,(anonymous_4)
FN:80,(anonymous_5)
FN:81,(anonymous_6)
FN:85,(anonymous_7)
FN:102,(anonymous_8)
FN:103,(anonymous_9)
FN:103,(anonymous_10)
FN:108,(anonymous_11)
FN:119,(anonymous_12)
FN:129,(anonymous_13)
FN:130,(anonymous_14)
FN:131,(anonymous_15)
FN:135,(anonymous_16)
FN:139,(anonymous_17)
FN:140,(anonymous_18)
FN:148,handleDeleteSelected
FN:154,(anonymous_20)
FN:154,(anonymous_21)
FN:162,(anonymous_22)
FN:166,(anonymous_23)
FN:184,(anonymous_24)
FN:204,(anonymous_25)
FN:217,(anonymous_26)
FN:253,(anonymous_27)
FN:260,(anonymous_28)
FN:261,(anonymous_29)
FN:262,(anonymous_30)
FN:272,(anonymous_31)
FN:36,(anonymous_32)
FNF:33
FNH:0
FNDA:0,(anonymous_0)
FNDA:0,(anonymous_1)
FNDA:0,(anonymous_2)
FNDA:0,(anonymous_3)
FNDA:0,(anonymous_4)
FNDA:0,(anonymous_5)
FNDA:0,(anonymous_6)
FNDA:0,(anonymous_7)
FNDA:0,(anonymous_8)
FNDA:0,(anonymous_9)
FNDA:0,(anonymous_10)
FNDA:0,(anonymous_11)
FNDA:0,(anonymous_12)
FNDA:0,(anonymous_13)
FNDA:0,(anonymous_14)
FNDA:0,(anonymous_15)
FNDA:0,(anonymous_16)
FNDA:0,(anonymous_17)
FNDA:0,(anonymous_18)
FNDA:0,handleDeleteSelected
FNDA:0,(anonymous_20)
FNDA:0,(anonymous_21)
FNDA:0,(anonymous_22)
FNDA:0,(anonymous_23)
FNDA:0,(anonymous_24)
FNDA:0,(anonymous_25)
FNDA:0,(anonymous_26)
FNDA:0,(anonymous_27)
FNDA:0,(anonymous_28)
FNDA:0,(anonymous_29)
FNDA:0,(anonymous_30)
FNDA:0,(anonymous_31)
FNDA:0,(anonymous_32)
DA:36,4
DA:37,0
DA:38,0
DA:39,0
DA:40,0
DA:41,0
DA:42,0
DA:43,0
DA:46,0
DA:47,0
DA:51,0
DA:53,0
DA:55,0
DA:56,4
DA:59,0
DA:60,0
DA:61,0
DA:66,0
DA:67,0
DA:68,0
DA:70,0
DA:71,0
DA:75,0
DA:76,0
DA:80,0
DA:81,0
DA:85,0
DA:87,0
DA:89,0
DA:90,0
DA:92,0
DA:93,0
DA:94,0
DA:95,0
DA:97,0
DA:98,0
DA:102,0
DA:103,0
DA:104,0
DA:108,0
DA:109,0
DA:111,0
DA:119,0
DA:121,0
DA:123,0
DA:124,0
DA:125,0
DA:126,0
DA:129,0
DA:130,0
DA:131,0
DA:135,0
DA:136,0
DA:137,0
DA:139,0
DA:140,0
DA:144,0
DA:150,0
DA:151,0
DA:154,0
DA:156,0
DA:158,0
DA:162,0
DA:163,0
DA:164,0
DA:165,0
DA:166,0
DA:167,0
DA:168,0
DA:171,0
DA:184,0
DA:205,0
DA:206,0
DA:217,0
DA:254,0
DA:260,0
DA:261,0
DA:262,0
DA:272,0
DA:297,4
DA:299,4
LF:81
LH:4
BRDA:48,0,0,0
BRDA:48,0,1,0
BRDA:60,1,0,0
BRDA:68,2,0,0
BRDA:68,2,1,0
BRDA:71,3,0,0
BRDA:71,3,1,0
BRDA:76,4,0,0
BRDA:76,4,1,0
BRDA:109,5,0,0
BRDA:109,6,0,0
BRDA:109,6,1,0
BRDA:109,6,2,0
BRDA:109,6,3,0
BRDA:109,6,4,0
BRDA:116,7,0,0
BRDA:116,7,1,0
BRDA:131,8,0,0
BRDA:131,8,1,0
BRDA:136,9,0,0
BRDA:136,9,1,0
BRDA:138,10,0,0
BRDA:138,10,1,0
BRDA:151,11,0,0
BRDA:154,12,0,0
BRDA:154,12,1,0
BRDA:162,13,0,0
BRDA:162,13,1,0
BRDA:167,14,0,0
BRDA:167,14,1,0
BRDA:190,15,0,0
BRDA:190,15,1,0
BRDA:198,16,0,0
BRDA:198,16,1,0
BRDA:214,17,0,0
BRDA:214,17,1,0
BRDA:236,18,0,0
BRDA:236,18,1,0
BRDA:236,18,2,0
BRDA:236,18,3,0
BRDA:237,19,0,0
BRDA:237,19,1,0
BRDA:237,19,2,0
BRDA:238,20,0,0
BRDA:238,20,1,0
BRDA:238,21,0,0
BRDA:238,21,1,0
BRDA:239,22,0,0
BRDA:239,22,1,0
BRDA:239,23,0,0
BRDA:239,23,1,0
BRDA:239,24,0,0
BRDA:239,24,1,0
BRDA:247,25,0,0
BRDA:247,25,1,0
BRDA:252,26,0,0
BRDA:252,26,1,0
BRDA:252,26,2,0
BRDA:259,27,0,0
BRDA:259,27,1,0
BRDA:260,28,0,0
BRDA:260,28,1,0
BRDA:262,29,0,0
BRDA:262,29,1,0
BRDA:268,30,0,0
BRDA:268,30,1,0
BRDA:270,31,0,0
BRDA:270,31,1,0
BRDA:272,32,0,0
BRDA:272,32,1,0
BRDA:279,33,0,0
BRDA:279,33,1,0
BRF:72
BRH:0
end_of_record
TN:
SF:src\pages\Incomes.tsx
FN:36,(anonymous_0)
FN:57,(anonymous_1)
FN:59,(anonymous_2)
FN:64,(anonymous_3)
FN:77,(anonymous_4)
FN:78,(anonymous_5)
FN:80,(anonymous_6)
FN:87,(anonymous_7)
FN:89,(anonymous_8)
FN:96,(anonymous_9)
FN:116,(anonymous_10)
FN:121,(anonymous_11)
FN:127,(anonymous_12)
FN:128,(anonymous_13)
FN:131,(anonymous_14)
FN:132,(anonymous_15)
FN:151,(anonymous_16)
FN:171,(anonymous_17)
FN:183,(anonymous_18)
FN:219,(anonymous_19)
FN:224,(anonymous_20)
FN:231,(anonymous_21)
FN:233,(anonymous_22)
FN:244,(anonymous_23)
FN:36,(anonymous_24)
FNF:25
FNH:0
FNDA:0,(anonymous_0)
FNDA:0,(anonymous_1)
FNDA:0,(anonymous_2)
FNDA:0,(anonymous_3)
FNDA:0,(anonymous_4)
FNDA:0,(anonymous_5)
FNDA:0,(anonymous_6)
FNDA:0,(anonymous_7)
FNDA:0,(anonymous_8)
FNDA:0,(anonymous_9)
FNDA:0,(anonymous_10)
FNDA:0,(anonymous_11)
FNDA:0,(anonymous_12)
FNDA:0,(anonymous_13)
FNDA:0,(anonymous_14)
FNDA:0,(anonymous_15)
FNDA:0,(anonymous_16)
FNDA:0,(anonymous_17)
FNDA:0,(anonymous_18)
FNDA:0,(anonymous_19)
FNDA:0,(anonymous_20)
FNDA:0,(anonymous_21)
FNDA:0,(anonymous_22)
FNDA:0,(anonymous_23)
FNDA:0,(anonymous_24)
DA:36,4
DA:37,0
DA:38,0
DA:39,0
DA:43,0
DA:44,0
DA:45,0
DA:46,4
DA:48,0
DA:49,0
DA:50,0
DA:51,0
DA:52,0
DA:53,0
DA:54,0
DA:55,0
DA:57,0
DA:59,0
DA:60,0
DA:61,0
DA:64,0
DA:65,0
DA:67,0
DA:68,0
DA:69,0
DA:70,0
DA:71,0
DA:73,0
DA:74,0
DA:77,0
DA:78,0
DA:79,0
DA:80,0
DA:82,0
DA:87,0
DA:88,0
DA:89,0
DA:90,0
DA:92,0
DA:96,0
DA:97,0
DA:98,0
DA:109,0
DA:110,0
DA:111,0
DA:112,0
DA:113,0
DA:116,0
DA:117,0
DA:118,0
DA:121,0
DA:122,0
DA:123,0
DA:124,0
DA:127,0
DA:128,0
DA:131,0
DA:132,0
DA:133,0
DA:134,0
DA:138,0
DA:151,0
DA:172,0
DA:173,0
DA:183,0
DA:220,0
DA:224,0
DA:231,0
DA:233,0
DA:244,0
DA:269,4
DA:271,4
LF:72
LH:4
BRDA:40,0,0,0
BRDA:40,0,1,0
BRDA:57,1,0,0
BRDA:57,1,1,0
BRDA:60,2,0,0
BRDA:60,2,1,0
BRDA:79,3,0,0
BRDA:79,3,1,0
BRDA:88,4,0,0
BRDA:88,4,1,0
BRDA:97,5,0,0
BRDA:97,6,0,0
BRDA:97,6,1,0
BRDA:97,6,2,0
BRDA:97,6,3,0
BRDA:105,7,0,0
BRDA:105,7,1,0
BRDA:128,8,0,0
BRDA:128,8,1,0
BRDA:132,9,0,0
BRDA:132,9,1,0
BRDA:133,10,0,0
BRDA:157,11,0,0
BRDA:157,11,1,0
BRDA:165,12,0,0
BRDA:165,12,1,0
BRDA:180,13,0,0
BRDA:180,13,1,0
BRDA:202,14,0,0
BRDA:202,14,1,0
BRDA:202,14,2,0
BRDA:202,14,3,0
BRDA:203,15,0,0
BRDA:203,15,1,0
BRDA:203,15,2,0
BRDA:204,16,0,0
BRDA:204,16,1,0
BRDA:204,17,0,0
BRDA:204,17,1,0
BRDA:205,18,0,0
BRDA:205,18,1,0
BRDA:205,19,0,0
BRDA:205,19,1,0
BRDA:205,20,0,0
BRDA:205,20,1,0
BRDA:213,21,0,0
BRDA:213,21,1,0
BRDA:218,22,0,0
BRDA:218,22,1,0
BRDA:218,22,2,0
BRDA:223,23,0,0
BRDA:223,23,1,0
BRDA:224,24,0,0
BRDA:224,24,1,0
BRDA:231,25,0,0
BRDA:231,25,1,0
BRDA:240,26,0,0
BRDA:240,26,1,0
BRDA:242,27,0,0
BRDA:242,27,1,0
BRDA:244,28,0,0
BRDA:244,28,1,0
BRDA:251,29,0,0
BRDA:251,29,1,0
BRF:64
BRH:0
end_of_record
TN:
SF:src\theme\theme.ts
FNF:0
FNH:0
DA:3,4
LF:1
LH:1
BRF:0
BRH:0
end_of_record
TN:
SF:src\types\index.ts
FN:146,formatDateYYYYMMDDLocal
FNF:1
FNH:0
FNDA:0,formatDateYYYYMMDDLocal
DA:147,0
DA:148,0
DA:149,0
DA:150,0
DA:151,0
DA:152,0
LF:6
LH:0
BRDA:147,0,0,0
BRF:1
BRH:0
end_of_record
