TN:
SF:src\App.tsx
FN:11,App
FN:14,(anonymous_1)
FN:18,(anonymous_2)
FNF:3
FNH:2
FNDA:12,App
FNDA:0,(anonymous_1)
FNDA:12,(anonymous_2)
DA:11,12
DA:12,12
DA:14,12
DA:15,0
DA:18,12
DA:19,12
DA:21,12
DA:23,0
DA:25,0
DA:27,0
DA:29,0
DA:31,0
DA:33,0
DA:35,0
DA:37,0
DA:41,12
DA:49,6
DA:51,6
LF:18
LH:9
BRDA:19,0,0,12
BRDA:19,0,1,0
BRDA:19,0,2,0
BRDA:19,0,3,0
BRDA:19,0,4,0
BRDA:19,0,5,0
BRDA:19,0,6,0
BRDA:19,0,7,0
BRDA:19,0,8,0
BRF:9
BRH:1
end_of_record
TN:
SF:src\main.tsx
FNF:0
FNH:0
DA:8,6
DA:9,1
DA:13,5
LF:3
LH:3
BRDA:8,0,0,1
BRDA:8,0,1,0
BRF:2
BRH:1
end_of_record
TN:
SF:src\components\common\AddTransactionForm.tsx
FN:18,(anonymous_0)
FN:40,(anonymous_1)
FN:49,(anonymous_2)
FN:57,(anonymous_3)
FN:66,(anonymous_4)
FNF:5
FNH:0
FNDA:0,(anonymous_0)
FNDA:0,(anonymous_1)
FNDA:0,(anonymous_2)
FNDA:0,(anonymous_3)
FNDA:0,(anonymous_4)
DA:18,6
DA:31,0
DA:40,0
DA:49,0
DA:57,0
DA:66,0
DA:78,6
DA:80,6
LF:8
LH:3
BRDA:33,0,0,0
BRDA:33,0,1,0
BRF:2
BRH:0
end_of_record
TN:
SF:src\components\common\CardEditorControls.tsx
FN:14,(anonymous_0)
FN:30,(anonymous_1)
FN:38,(anonymous_2)
FN:41,(anonymous_3)
FN:47,(anonymous_4)
FN:50,(anonymous_5)
FNF:6
FNH:0
FNDA:0,(anonymous_0)
FNDA:0,(anonymous_1)
FNDA:0,(anonymous_2)
FNDA:0,(anonymous_3)
FNDA:0,(anonymous_4)
FNDA:0,(anonymous_5)
DA:14,6
DA:23,0
DA:30,0
DA:38,0
DA:41,0
DA:47,0
DA:50,0
DA:56,6
DA:58,6
LF:9
LH:3
BRF:0
BRH:0
end_of_record
TN:
SF:src\components\common\CardSelector.tsx
FN:21,(anonymous_0)
FN:22,(anonymous_1)
FN:50,(anonymous_2)
FNF:3
FNH:0
FNDA:0,(anonymous_0)
FNDA:0,(anonymous_1)
FNDA:0,(anonymous_2)
DA:21,6
DA:22,0
DA:23,0
DA:26,0
DA:51,0
DA:74,6
DA:76,6
LF:7
LH:3
BRDA:67,0,0,0
BRDA:67,0,1,0
BRF:2
BRH:0
end_of_record
TN:
SF:src\components\dashboard\DataTable.tsx
FN:18,(anonymous_0)
FN:38,(anonymous_1)
FN:46,(anonymous_2)
FN:48,(anonymous_3)
FN:55,(anonymous_4)
FNF:5
FNH:5
FNDA:12,(anonymous_0)
FNDA:60,(anonymous_1)
FNDA:48,(anonymous_2)
FNDA:240,(anonymous_3)
FNDA:240,(anonymous_4)
DA:18,6
DA:19,12
DA:39,60
DA:47,48
DA:48,240
DA:49,48
DA:50,48
DA:56,240
DA:69,6
LF:9
LH:9
BRDA:49,0,0,0
BRDA:49,0,1,48
BRDA:49,1,0,0
BRDA:49,1,1,0
BRDA:57,2,0,48
BRDA:57,2,1,192
BRF:6
BRH:3
end_of_record
TN:
SF:src\components\dashboard\ExpandedExpenseRow.tsx
FN:63,(anonymous_0)
FN:75,(anonymous_1)
FN:84,(anonymous_2)
FN:90,(anonymous_3)
FN:93,(anonymous_4)
FN:114,(anonymous_5)
FN:116,(anonymous_6)
FN:125,(anonymous_7)
FN:130,(anonymous_8)
FN:143,(anonymous_9)
FN:159,(anonymous_10)
FN:162,(anonymous_11)
FN:168,(anonymous_12)
FN:207,(anonymous_13)
FN:207,(anonymous_14)
FN:218,(anonymous_15)
FN:218,(anonymous_16)
FN:229,(anonymous_17)
FN:229,(anonymous_18)
FN:258,(anonymous_19)
FN:63,(anonymous_20)
FN:29,(anonymous_0)
FN:70,(anonymous_1)
FN:80,(anonymous_2)
FN:87,(anonymous_3)
FN:91,(anonymous_4)
FN:111,(anonymous_5)
FN:114,(anonymous_6)
FN:123,(anonymous_7)
FN:127,(anonymous_8)
FN:141,(anonymous_9)
FN:157,(anonymous_10)
FN:154,(anonymous_11)
FN:151,(anonymous_12)
FN:205,(anonymous_13)
FN:216,(anonymous_15)
FN:227,(anonymous_17)
FN:250,(anonymous_19)
FN:280,(anonymous_20)
FN:142,(anonymous_9)
FN:158,(anonymous_10)
FN:160,(anonymous_11)
FN:165,(anonymous_12)
FN:262,(anonymous_19)
FN:272,(anonymous_20)
FNF:45
FNH:0
FNDA:0,(anonymous_0)
FNDA:0,(anonymous_1)
FNDA:0,(anonymous_2)
FNDA:0,(anonymous_3)
FNDA:0,(anonymous_4)
FNDA:0,(anonymous_5)
FNDA:0,(anonymous_6)
FNDA:0,(anonymous_7)
FNDA:0,(anonymous_8)
FNDA:0,(anonymous_9)
FNDA:0,(anonymous_10)
FNDA:0,(anonymous_11)
FNDA:0,(anonymous_12)
FNDA:0,(anonymous_13)
FNDA:0,(anonymous_14)
FNDA:0,(anonymous_15)
FNDA:0,(anonymous_16)
FNDA:0,(anonymous_17)
FNDA:0,(anonymous_18)
FNDA:0,(anonymous_19)
FNDA:0,(anonymous_20)
FNDA:0,(anonymous_0)
FNDA:0,(anonymous_1)
FNDA:0,(anonymous_2)
FNDA:0,(anonymous_3)
FNDA:0,(anonymous_4)
FNDA:0,(anonymous_5)
FNDA:0,(anonymous_6)
FNDA:0,(anonymous_7)
FNDA:0,(anonymous_8)
FNDA:0,(anonymous_9)
FNDA:0,(anonymous_10)
FNDA:0,(anonymous_11)
FNDA:0,(anonymous_12)
FNDA:0,(anonymous_13)
FNDA:0,(anonymous_15)
FNDA:0,(anonymous_17)
FNDA:0,(anonymous_19)
FNDA:0,(anonymous_20)
FNDA:0,(anonymous_9)
FNDA:0,(anonymous_10)
FNDA:0,(anonymous_11)
FNDA:0,(anonymous_12)
FNDA:0,(anonymous_19)
FNDA:0,(anonymous_20)
DA:29,4
DA:63,6
DA:64,4
DA:65,6
DA:66,4
DA:67,2
DA:68,4
DA:69,4
DA:70,2
DA:74,2
DA:75,4
DA:76,0
DA:77,4
DA:78,0
DA:79,4
DA:82,2
DA:84,4
DA:85,4
DA:86,4
DA:87,2
DA:88,2
DA:90,4
DA:91,0
DA:92,0
DA:93,0
DA:94,0
DA:95,0
DA:96,0
DA:97,0
DA:99,0
DA:106,0
DA:108,0
DA:109,4
DA:111,4
DA:112,2
DA:114,4
DA:115,4
DA:116,2
DA:119,0
DA:120,3
DA:123,0
DA:125,0
DA:127,0
DA:130,0
DA:142,0
DA:143,2
DA:151,0
DA:154,0
DA:157,0
DA:158,2
DA:159,0
DA:160,2
DA:162,0
DA:167,2
DA:168,0
DA:205,2
DA:207,0
DA:216,2
DA:218,0
DA:227,2
DA:229,0
DA:256,0
DA:259,0
DA:262,2
DA:272,2
DA:282,2
DA:284,10
LF:67
LH:38
BRDA:64,0,0,0
BRDA:64,0,1,0
BRDA:77,1,0,0
BRDA:77,2,0,0
BRDA:77,2,1,0
BRDA:77,2,2,0
BRDA:85,3,0,0
BRDA:92,4,0,0
BRDA:92,5,0,0
BRDA:92,5,1,0
BRDA:92,5,2,0
BRDA:95,6,0,0
BRDA:95,7,0,0
BRDA:95,7,1,0
BRDA:138,8,0,0
BRDA:138,8,1,0
BRDA:150,9,0,0
BRDA:150,9,1,0
BRDA:173,10,0,0
BRDA:173,10,1,0
BRDA:176,11,0,0
BRDA:176,11,1,0
BRDA:180,12,0,0
BRDA:180,12,1,0
BRDA:184,13,0,0
BRDA:184,13,1,0
BRDA:188,14,0,0
BRDA:188,14,1,0
BRDA:271,15,0,0
BRDA:271,15,1,0
BRDA:63,16,0,0
BRDA:63,16,1,0
BRDA:75,17,0,0
BRDA:75,18,0,0
BRDA:75,18,1,0
BRDA:75,18,2,0
BRDA:82,19,0,0
BRDA:90,20,0,0
BRDA:90,21,0,0
BRDA:90,21,1,0
BRDA:90,21,2,0
BRDA:93,22,0,0
BRDA:93,23,0,0
BRDA:93,23,1,0
BRDA:136,24,0,0
BRDA:136,24,1,0
BRDA:149,25,0,0
BRDA:149,25,1,0
BRDA:135,26,0,0
BRDA:135,26,1,0
BRDA:135,27,0,0
BRDA:135,27,1,0
BRDA:177,28,0,0
BRDA:177,28,1,0
BRDA:180,29,0,0
BRDA:180,29,1,0
BRDA:187,30,0,0
BRDA:187,30,1,0
BRDA:181,31,0,0
BRDA:181,31,1,0
BRDA:284,32,0,3
BRDA:284,32,1,3
BRDA:137,33,0,0
BRDA:137,33,1,0
BRDA:149,34,0,0
BRDA:149,34,1,0
BRDA:172,35,0,0
BRDA:172,36,0,0
BRDA:250,37,0,0
BRDA:250,37,1,0
BRF:70
BRH:2
end_of_record
TN:
SF:src\components\dashboard\StatCard.tsx
FN:13,(anonymous_0)
FNF:1
FNH:1
FNDA:36,(anonymous_0)
DA:13,6
DA:20,36
DA:21,36
DA:29,36
DA:71,6
LF:5
LH:5
BRDA:18,0,0,0
BRDA:20,1,0,36
BRDA:20,1,1,0
BRDA:40,2,0,36
BRDA:40,2,1,0
BRDA:42,3,0,0
BRDA:42,3,1,0
BRDA:50,4,0,0
BRDA:50,4,1,0
BRF:9
BRH:2
end_of_record
TN:
SF:src\components\layout\Header.tsx
FN:20,(anonymous_0)
FN:23,(anonymous_1)
FN:27,(anonymous_2)
FN:16,(anonymous_0)
FN:20,(anonymous_1)
FN:24,(anonymous_2)
FNF:6
FNH:6
FNDA:4,(anonymous_0)
FNDA:8,(anonymous_1)
FNDA:8,(anonymous_2)
FNDA:8,(anonymous_0)
FNDA:4,(anonymous_1)
FNDA:4,(anonymous_2)
DA:15,4
DA:16,4
DA:18,8
DA:20,18
DA:21,12
DA:23,8
DA:24,10
DA:25,2
DA:27,8
DA:28,10
DA:31,4
DA:32,6
DA:94,4
LF:13
LH:13
BRDA:20,0,0,4
BRDA:20,0,1,4
BRF:2
BRH:2
end_of_record
TN:
SF:src\components\layout\Layout.tsx
FN:9,(anonymous_0)
FNF:1
FNH:1
FNDA:12,(anonymous_0)
DA:7,6
DA:9,6
DA:10,12
DA:28,6
LF:4
LH:4
BRF:0
BRH:0
end_of_record
TN:
SF:src\components\layout\Sidebar.tsx
FN:37,(anonymous_0)
FN:60,(anonymous_1)
FN:64,(anonymous_2)
FNF:3
FNH:2
FNDA:12,(anonymous_0)
FNDA:96,(anonymous_1)
FNDA:0,(anonymous_2)
DA:24,6
DA:26,6
DA:37,6
DA:38,12
DA:61,96
DA:64,0
DA:95,6
LF:7
LH:6
BRDA:76,0,0,12
BRDA:76,0,1,84
BRDA:85,1,0,12
BRDA:85,1,1,84
BRF:4
BRH:4
end_of_record
TN:
SF:src\graphql\mutations.ts
FNF:0
FNH:0
DA:1,6
DA:12,6
DA:25,6
DA:33,6
DA:43,6
DA:56,6
DA:67,6
DA:75,6
DA:83,6
DA:93,6
LF:10
LH:10
BRF:0
BRH:0
end_of_record
TN:
SF:src\graphql\queries.ts
FNF:0
FNH:0
DA:3,6
DA:16,6
DA:27,6
DA:37,6
DA:49,6
LF:5
LH:5
BRF:0
BRH:0
end_of_record
TN:
SF:src\pages\Dashboard.tsx
FN:20,(anonymous_0)
FN:24,(anonymous_1)
FN:25,(anonymous_2)
FN:26,(anonymous_3)
FN:20,(anonymous_4)
FN:72,(anonymous_5)
FN:88,(anonymous_6)
FN:138,(anonymous_7)
FN:88,(anonymous_8)
FNF:9
FNH:6
FNDA:12,(anonymous_0)
FNDA:0,(anonymous_1)
FNDA:0,(anonymous_2)
FNDA:0,(anonymous_3)
FNDA:6,(anonymous_4)
FNDA:48,(anonymous_5)
FNDA:12,(anonymous_6)
FNDA:36,(anonymous_7)
FNDA:6,(anonymous_8)
DA:20,12
DA:21,12
DA:22,12
DA:23,12
DA:24,12
DA:25,12
DA:26,12
DA:27,12
DA:28,12
DA:29,6
DA:31,6
DA:66,6
DA:73,48
DA:74,48
DA:88,12
DA:89,12
DA:91,12
DA:112,12
DA:139,36
DA:241,6
LF:20
LH:20
BRDA:24,0,0,12
BRDA:24,0,1,12
BRDA:24,1,0,0
BRDA:24,1,1,0
BRDA:25,2,0,12
BRDA:25,2,1,12
BRDA:25,3,0,0
BRDA:25,3,1,0
BRDA:26,4,0,12
BRDA:26,4,1,12
BRDA:26,5,0,0
BRDA:26,5,1,0
BRDA:77,6,0,36
BRDA:77,6,1,12
BRF:14
BRH:8
end_of_record
TN:
SF:src\pages\Expenses.tsx
FN:36,(anonymous_0)
FN:59,(anonymous_1)
FN:67,(anonymous_2)
FN:70,(anonymous_3)
FN:75,(anonymous_4)
FN:80,(anonymous_5)
FN:81,(anonymous_6)
FN:85,(anonymous_7)
FN:102,(anonymous_8)
FN:103,(anonymous_9)
FN:103,(anonymous_10)
FN:108,(anonymous_11)
FN:119,(anonymous_12)
FN:129,(anonymous_13)
FN:130,(anonymous_14)
FN:131,(anonymous_15)
FN:135,(anonymous_16)
FN:139,(anonymous_17)
FN:140,(anonymous_18)
FN:148,handleDeleteSelected
FN:154,(anonymous_20)
FN:154,(anonymous_21)
FN:162,(anonymous_22)
FN:166,(anonymous_23)
FN:184,(anonymous_24)
FN:204,(anonymous_25)
FN:217,(anonymous_26)
FN:253,(anonymous_27)
FN:260,(anonymous_28)
FN:261,(anonymous_29)
FN:262,(anonymous_30)
FN:272,(anonymous_31)
FN:36,(anonymous_32)
FN:43,buildExpenseRows
FN:104,(anonymous_3)
FN:121,(anonymous_4)
FN:123,(anonymous_5)
FN:124,(anonymous_6)
FN:176,(anonymous_8)
FN:179,(anonymous_9)
FN:181,(anonymous_10)
FN:184,(anonymous_11)
FN:180,(anonymous_12)
FN:189,(anonymous_14)
FN:195,(anonymous_15)
FN:199,(anonymous_16)
FN:200,(anonymous_17)
FN:201,(anonymous_18)
FN:206,(anonymous_19)
FN:207,(anonymous_20)
FN:209,(anonymous_21)
FN:199,(anonymous_22)
FN:188,(anonymous_26)
FN:221,(anonymous_27)
FN:222,(anonymous_28)
FN:222,(anonymous_29)
FN:225,(anonymous_30)
FN:215,(anonymous_31)
FN:236,(anonymous_32)
FN:237,(anonymous_34)
FN:240,(anonymous_35)
FN:236,(anonymous_36)
FN:235,(anonymous_39)
FN:243,(anonymous_41)
FN:244,(anonymous_42)
FN:234,(anonymous_43)
FN:281,(anonymous_44)
FN:230,(anonymous_45)
FNF:68
FNH:0
FNDA:0,(anonymous_0)
FNDA:0,(anonymous_1)
FNDA:0,(anonymous_2)
FNDA:0,(anonymous_3)
FNDA:0,(anonymous_4)
FNDA:0,(anonymous_5)
FNDA:0,(anonymous_6)
FNDA:0,(anonymous_7)
FNDA:0,(anonymous_8)
FNDA:0,(anonymous_9)
FNDA:0,(anonymous_10)
FNDA:0,(anonymous_11)
FNDA:0,(anonymous_12)
FNDA:0,(anonymous_13)
FNDA:0,(anonymous_14)
FNDA:0,(anonymous_15)
FNDA:0,(anonymous_16)
FNDA:0,(anonymous_17)
FNDA:0,(anonymous_18)
FNDA:0,handleDeleteSelected
FNDA:0,(anonymous_20)
FNDA:0,(anonymous_21)
FNDA:0,(anonymous_22)
FNDA:0,(anonymous_23)
FNDA:0,(anonymous_24)
FNDA:0,(anonymous_25)
FNDA:0,(anonymous_26)
FNDA:0,(anonymous_27)
FNDA:0,(anonymous_28)
FNDA:0,(anonymous_29)
FNDA:0,(anonymous_30)
FNDA:0,(anonymous_31)
FNDA:0,(anonymous_32)
FNDA:0,buildExpenseRows
FNDA:0,(anonymous_3)
FNDA:0,(anonymous_4)
FNDA:0,(anonymous_5)
FNDA:0,(anonymous_6)
FNDA:0,(anonymous_8)
FNDA:0,(anonymous_9)
FNDA:0,(anonymous_10)
FNDA:0,(anonymous_11)
FNDA:0,(anonymous_12)
FNDA:0,(anonymous_14)
FNDA:0,(anonymous_15)
FNDA:0,(anonymous_16)
FNDA:0,(anonymous_17)
FNDA:0,(anonymous_18)
FNDA:0,(anonymous_19)
FNDA:0,(anonymous_20)
FNDA:0,(anonymous_21)
FNDA:0,(anonymous_22)
FNDA:0,(anonymous_26)
FNDA:0,(anonymous_27)
FNDA:0,(anonymous_28)
FNDA:0,(anonymous_29)
FNDA:0,(anonymous_30)
FNDA:0,(anonymous_31)
FNDA:0,(anonymous_32)
FNDA:0,(anonymous_34)
FNDA:0,(anonymous_35)
FNDA:0,(anonymous_36)
FNDA:0,(anonymous_39)
FNDA:0,(anonymous_41)
FNDA:0,(anonymous_42)
FNDA:0,(anonymous_43)
FNDA:0,(anonymous_44)
FNDA:0,(anonymous_45)
DA:36,6
DA:37,5
DA:38,5
DA:39,5
DA:40,5
DA:41,5
DA:42,0
DA:43,0
DA:46,0
DA:47,0
DA:51,0
DA:53,0
DA:55,0
DA:56,5
DA:59,0
DA:60,0
DA:61,0
DA:62,0
DA:63,5
DA:66,5
DA:67,5
DA:68,0
DA:69,5
DA:70,5
DA:71,0
DA:75,0
DA:76,0
DA:80,0
DA:81,0
DA:85,0
DA:87,0
DA:89,0
DA:90,0
DA:92,0
DA:93,0
DA:94,0
DA:95,0
DA:97,0
DA:98,0
DA:102,5
DA:103,0
DA:104,0
DA:105,5
DA:108,5
DA:109,0
DA:111,5
DA:119,0
DA:121,0
DA:123,0
DA:124,0
DA:125,0
DA:126,0
DA:129,0
DA:130,0
DA:131,0
DA:135,0
DA:136,0
DA:137,0
DA:139,0
DA:140,0
DA:144,0
DA:150,5
DA:151,0
DA:154,1
DA:156,5
DA:158,5
DA:159,5
DA:162,1
DA:163,5
DA:164,5
DA:165,5
DA:166,1
DA:167,1
DA:168,5
DA:171,1
DA:173,0
DA:175,0
DA:176,0
DA:177,0
DA:179,0
DA:180,0
DA:181,0
DA:184,1
DA:188,0
DA:189,0
DA:190,0
DA:191,0
DA:192,0
DA:193,0
DA:195,0
DA:199,0
DA:200,0
DA:201,0
DA:205,1
DA:206,1
DA:207,0
DA:209,0
DA:212,0
DA:215,0
DA:216,0
DA:217,0
DA:218,0
DA:221,0
DA:222,0
DA:225,0
DA:226,0
DA:230,0
DA:232,0
DA:233,0
DA:234,0
DA:235,0
DA:236,0
DA:237,0
DA:240,0
DA:243,0
DA:244,0
DA:254,0
DA:260,0
DA:261,0
DA:262,0
DA:272,0
DA:281,0
DA:282,0
DA:297,5
DA:299,5
LF:125
LH:34
BRDA:48,0,0,0
BRDA:48,0,1,0
BRDA:60,1,0,0
BRDA:68,2,0,0
BRDA:68,2,1,0
BRDA:71,3,0,0
BRDA:71,3,1,0
BRDA:76,4,0,0
BRDA:76,4,1,0
BRDA:109,5,0,0
BRDA:109,6,0,0
BRDA:109,6,1,0
BRDA:109,6,2,0
BRDA:109,6,3,0
BRDA:109,6,4,0
BRDA:116,7,0,0
BRDA:116,7,1,0
BRDA:131,8,0,0
BRDA:131,8,1,0
BRDA:136,9,0,0
BRDA:136,9,1,0
BRDA:138,10,0,0
BRDA:138,10,1,0
BRDA:151,11,0,0
BRDA:154,12,0,0
BRDA:154,12,1,0
BRDA:162,13,0,0
BRDA:162,13,1,0
BRDA:167,14,0,0
BRDA:167,14,1,0
BRDA:190,15,0,0
BRDA:190,15,1,0
BRDA:198,16,0,0
BRDA:198,16,1,0
BRDA:214,17,0,0
BRDA:214,17,1,0
BRDA:236,18,0,0
BRDA:236,18,1,0
BRDA:236,18,2,0
BRDA:236,18,3,0
BRDA:237,19,0,0
BRDA:237,19,1,0
BRDA:237,19,2,0
BRDA:238,20,0,0
BRDA:238,20,1,0
BRDA:238,21,0,0
BRDA:238,21,1,0
BRDA:239,22,0,0
BRDA:239,22,1,0
BRDA:239,23,0,0
BRDA:239,23,1,0
BRDA:239,24,0,0
BRDA:239,24,1,0
BRDA:247,25,0,0
BRDA:247,25,1,0
BRDA:252,26,0,0
BRDA:252,26,1,0
BRDA:252,26,2,0
BRDA:259,27,0,0
BRDA:259,27,1,0
BRDA:260,28,0,0
BRDA:260,28,1,0
BRDA:262,29,0,0
BRDA:262,29,1,0
BRDA:268,30,0,0
BRDA:268,30,1,0
BRDA:270,31,0,0
BRDA:270,31,1,0
BRDA:272,32,0,0
BRDA:272,32,1,0
BRDA:279,33,0,0
BRDA:279,33,1,0
BRDA:37,34,0,0
BRDA:37,34,1,0
BRDA:37,35,0,0
BRDA:37,35,1,0
BRDA:67,36,0,0
BRDA:67,36,1,0
BRDA:69,37,0,0
BRDA:71,38,0,0
BRDA:71,38,1,0
BRDA:92,39,0,0
BRDA:92,39,1,0
BRDA:103,40,0,0
BRDA:103,40,1,0
BRDA:105,41,0,0
BRDA:105,41,1,0
BRDA:108,42,0,0
BRDA:108,42,1,0
BRDA:119,43,0,0
BRDA:119,43,1,0
BRDA:121,44,0,0
BRDA:121,44,1,0
BRDA:124,45,0,0
BRDA:124,45,1,0
BRDA:169,46,0,0
BRDA:169,46,1,0
BRDA:173,47,0,0
BRDA:173,47,1,0
BRDA:176,48,0,0
BRDA:180,49,0,0
BRDA:180,49,1,0
BRDA:182,50,0,0
BRDA:182,50,1,0
BRDA:184,51,0,0
BRDA:184,51,1,0
BRDA:180,52,0,0
BRDA:188,53,0,0
BRDA:188,53,1,0
BRDA:189,54,0,0
BRDA:189,55,0,0
BRDA:189,56,0,0
BRDA:189,56,1,0
BRDA:192,57,0,0
BRDA:192,57,1,0
BRDA:192,58,0,0
BRDA:195,59,0,0
BRDA:195,60,0,0
BRDA:195,60,1,0
BRDA:209,61,0,0
BRDA:199,62,0,0
BRDA:199,62,1,0
BRDA:199,63,0,0
BRDA:199,64,0,0
BRDA:225,65,0,0
BRDA:225,66,0,0
BRDA:225,66,1,0
BRDA:225,66,2,0
BRDA:225,66,3,0
BRDA:225,66,4,0
BRDA:215,67,0,0
BRDA:215,67,1,0
BRDA:237,68,0,0
BRDA:237,68,1,0
BRDA:240,69,0,0
BRDA:240,69,1,0
BRDA:236,70,0,0
BRDA:236,70,1,0
BRDA:235,71,0,0
BRDA:235,72,0,0
BRDA:235,72,1,0
BRDA:243,73,0,0
BRDA:243,73,1,0
BRDA:244,74,0,0
BRDA:244,74,1,0
BRDA:260,75,0,0
BRDA:260,75,1,0
BRDA:251,76,0,0
BRDA:251,76,1,0
BRDA:289,77,0,0
BRDA:289,77,1,0
BRDA:36,78,0,0
BRDA:36,78,1,0
BRDA:36,78,2,0
BRDA:299,79,0,0
BRDA:299,79,1,0
BRDA:299,79,2,0
BRF:157
BRH:0
end_of_record
TN:
SF:src\pages\Incomes.tsx
FN:36,(anonymous_0)
FN:57,(anonymous_1)
FN:59,(anonymous_2)
FN:64,(anonymous_3)
FN:77,(anonymous_4)
FN:78,(anonymous_5)
FN:80,(anonymous_6)
FN:87,(anonymous_7)
FN:89,(anonymous_8)
FN:96,(anonymous_9)
FN:116,(anonymous_10)
FN:121,(anonymous_11)
FN:127,(anonymous_12)
FN:128,(anonymous_13)
FN:131,(anonymous_14)
FN:132,(anonymous_15)
FN:151,(anonymous_16)
FN:171,(anonymous_17)
FN:183,(anonymous_18)
FN:219,(anonymous_19)
FN:224,(anonymous_20)
FN:231,(anonymous_21)
FN:233,(anonymous_22)
FN:244,(anonymous_23)
FN:36,(anonymous_24)
FN:59,(anonymous_1)
FN:60,(anonymous_2)
FN:65,(anonymous_3)
FN:79,(anonymous_5)
FN:81,(anonymous_6)
FN:88,(anonymous_7)
FN:90,(anonymous_8)
FN:97,(anonymous_9)
FN:117,(anonymous_10)
FN:122,(anonymous_11)
FN:128,(anonymous_12)
FN:129,(anonymous_13)
FN:132,(anonymous_14)
FN:133,(anonymous_15)
FN:151,(anonymous_16)
FN:172,(anonymous_17)
FN:184,(anonymous_18)
FN:221,(anonymous_19)
FN:224,(anonymous_20)
FN:233,(anonymous_21)
FN:220,(anonymous_22)
FN:247,(anonymous_23)
FN:253,(anonymous_24)
FNF:48
FNH:0
FNDA:0,(anonymous_0)
FNDA:0,(anonymous_1)
FNDA:0,(anonymous_2)
FNDA:0,(anonymous_3)
FNDA:0,(anonymous_4)
FNDA:0,(anonymous_5)
FNDA:0,(anonymous_6)
FNDA:0,(anonymous_7)
FNDA:0,(anonymous_8)
FNDA:0,(anonymous_9)
FNDA:0,(anonymous_10)
FNDA:0,(anonymous_11)
FNDA:0,(anonymous_12)
FNDA:0,(anonymous_13)
FNDA:0,(anonymous_14)
FNDA:0,(anonymous_15)
FNDA:0,(anonymous_16)
FNDA:0,(anonymous_17)
FNDA:0,(anonymous_18)
FNDA:0,(anonymous_19)
FNDA:0,(anonymous_20)
FNDA:0,(anonymous_21)
FNDA:0,(anonymous_22)
FNDA:0,(anonymous_23)
FNDA:0,(anonymous_24)
FNDA:0,(anonymous_1)
FNDA:0,(anonymous_2)
FNDA:0,(anonymous_3)
FNDA:0,(anonymous_5)
FNDA:0,(anonymous_6)
FNDA:0,(anonymous_7)
FNDA:0,(anonymous_8)
FNDA:0,(anonymous_9)
FNDA:0,(anonymous_10)
FNDA:0,(anonymous_11)
FNDA:0,(anonymous_12)
FNDA:0,(anonymous_13)
FNDA:0,(anonymous_14)
FNDA:0,(anonymous_15)
FNDA:0,(anonymous_16)
FNDA:0,(anonymous_17)
FNDA:0,(anonymous_18)
FNDA:0,(anonymous_19)
FNDA:0,(anonymous_20)
FNDA:0,(anonymous_21)
FNDA:0,(anonymous_22)
FNDA:0,(anonymous_23)
FNDA:0,(anonymous_24)
DA:36,5
DA:37,5
DA:38,5
DA:39,5
DA:40,5
DA:43,1
DA:44,5
DA:45,5
DA:46,6
DA:48,5
DA:49,5
DA:50,5
DA:51,6
DA:52,5
DA:53,6
DA:54,5
DA:55,5
DA:57,1
DA:59,1
DA:60,5
DA:61,0
DA:62,5
DA:64,1
DA:65,5
DA:67,0
DA:68,0
DA:69,0
DA:70,0
DA:71,0
DA:73,0
DA:74,0
DA:75,5
DA:77,1
DA:78,5
DA:79,5
DA:80,0
DA:81,0
DA:82,0
DA:83,0
DA:87,1
DA:88,5
DA:89,5
DA:90,0
DA:91,0
DA:92,0
DA:93,0
DA:96,1
DA:97,5
DA:98,0
DA:109,0
DA:110,0
DA:111,0
DA:112,0
DA:113,0
DA:114,5
DA:116,1
DA:117,5
DA:118,0
DA:119,5
DA:121,1
DA:122,5
DA:123,0
DA:124,0
DA:125,5
DA:127,1
DA:128,5
DA:129,10
DA:131,1
DA:132,5
DA:133,5
DA:134,0
DA:135,0
DA:138,1
DA:151,0
DA:172,0
DA:173,0
DA:174,0
DA:183,0
DA:184,0
DA:220,0
DA:221,0
DA:224,0
DA:231,0
DA:233,0
DA:244,0
DA:247,0
DA:253,0
DA:269,5
DA:271,5
LF:89
LH:48
BRDA:40,0,0,0
BRDA:40,0,1,0
BRDA:57,1,0,0
BRDA:57,1,1,0
BRDA:60,2,0,0
BRDA:60,2,1,0
BRDA:79,3,0,0
BRDA:79,3,1,0
BRDA:88,4,0,0
BRDA:88,4,1,0
BRDA:97,5,0,0
BRDA:97,6,0,0
BRDA:97,6,1,0
BRDA:97,6,2,0
BRDA:97,6,3,0
BRDA:105,7,0,0
BRDA:105,7,1,0
BRDA:128,8,0,0
BRDA:128,8,1,0
BRDA:132,9,0,0
BRDA:132,9,1,0
BRDA:133,10,0,0
BRDA:157,11,0,0
BRDA:157,11,1,0
BRDA:165,12,0,0
BRDA:165,12,1,0
BRDA:180,13,0,0
BRDA:180,13,1,0
BRDA:202,14,0,0
BRDA:202,14,1,0
BRDA:202,14,2,0
BRDA:202,14,3,0
BRDA:203,15,0,0
BRDA:203,15,1,0
BRDA:203,15,2,0
BRDA:204,16,0,0
BRDA:204,16,1,0
BRDA:204,17,0,0
BRDA:204,17,1,0
BRDA:205,18,0,0
BRDA:205,18,1,0
BRDA:205,19,0,0
BRDA:205,19,1,0
BRDA:205,20,0,0
BRDA:205,20,1,0
BRDA:213,21,0,0
BRDA:213,21,1,0
BRDA:218,22,0,0
BRDA:218,22,1,0
BRDA:218,22,2,0
BRDA:223,23,0,0
BRDA:223,23,1,0
BRDA:224,24,0,0
BRDA:224,24,1,0
BRDA:231,25,0,0
BRDA:231,25,1,0
BRDA:240,26,0,0
BRDA:240,26,1,0
BRDA:242,27,0,0
BRDA:242,27,1,0
BRDA:244,28,0,0
BRDA:244,28,1,0
BRDA:251,29,0,0
BRDA:251,29,1,0
BRDA:41,30,0,0
BRDA:41,30,1,0
BRDA:59,31,0,0
BRDA:59,31,1,0
BRDA:61,32,0,0
BRDA:61,32,1,0
BRDA:80,33,0,0
BRDA:80,33,1,0
BRDA:89,34,0,0
BRDA:89,34,1,0
BRDA:98,35,0,0
BRDA:98,36,0,0
BRDA:98,36,1,0
BRDA:98,36,2,0
BRDA:98,36,3,0
BRDA:106,37,0,0
BRDA:106,37,1,0
BRDA:129,38,0,0
BRDA:129,38,1,0
BRDA:133,39,0,0
BRDA:133,39,1,0
BRDA:134,40,0,0
BRDA:157,41,0,0
BRDA:157,41,1,0
BRDA:166,42,0,0
BRDA:166,42,1,0
BRDA:181,43,0,0
BRDA:181,43,1,0
BRDA:202,44,0,0
BRDA:202,44,1,0
BRDA:202,44,2,0
BRDA:202,44,3,0
BRDA:204,45,0,0
BRDA:204,45,1,0
BRDA:204,45,2,0
BRDA:205,46,0,0
BRDA:205,46,1,0
BRDA:205,47,0,0
BRDA:205,47,1,0
BRDA:206,48,0,0
BRDA:206,48,1,0
BRDA:206,49,0,0
BRDA:206,49,1,0
BRDA:213,50,0,0
BRDA:213,50,1,0
BRDA:219,51,0,0
BRDA:219,51,1,0
BRDA:219,51,2,0
BRDA:224,52,0,0
BRDA:224,52,1,0
BRDA:224,53,0,0
BRDA:224,53,1,0
BRDA:231,54,0,0
BRDA:231,54,1,0
BRDA:257,55,0,0
BRDA:257,55,1,0
BRDA:257,56,0,0
BRDA:257,56,1,0
BRDA:253,57,0,0
BRDA:253,57,1,0
BRDA:145,58,0,0
BRF:125
BRH:0
end_of_record
TN:
SF:src\theme\theme.ts
FNF:0
FNH:0
DA:3,6
LF:1
LH:1
BRF:0
BRH:0
end_of_record
TN:
SF:src\types\index.ts
FN:146,formatDateYYYYMMDDLocal
FNF:1
FNH:0
FNDA:0,formatDateYYYYMMDDLocal
DA:147,0
DA:148,0
DA:149,0
DA:150,0
DA:151,0
DA:152,0
LF:6
LH:0
BRDA:147,0,0,0
BRF:1
BRH:0
end_of_record
