TN:
SF:src\App.tsx
FN:11,App
FN:14,handleTabChange
FN:18,renderContent
FNF:3
FNH:3
FNDA:12,App
FNDA:9,handleTabChange
FNDA:12,renderContent
DA:1,1
DA:2,1
DA:3,1
DA:4,1
DA:5,1
DA:6,1
DA:7,1
DA:9,1
DA:11,12
DA:12,12
DA:14,12
DA:15,9
DA:16,9
DA:18,12
DA:19,12
DA:20,12
DA:21,3
DA:22,12
DA:23,1
DA:24,12
DA:25,1
DA:26,12
DA:27,1
DA:28,12
DA:29,1
DA:30,12
DA:31,1
DA:32,12
DA:33,1
DA:34,12
DA:35,1
DA:36,12
DA:37,2
DA:38,12
DA:39,12
DA:41,12
DA:42,12
DA:43,12
DA:44,12
DA:45,12
DA:46,12
DA:47,12
DA:49,12
DA:51,1
LF:44
LH:44
BRDA:11,0,0,12
BRDA:14,1,0,9
BRDA:18,2,0,12
BRDA:20,3,0,3
BRDA:22,4,0,1
BRDA:24,5,0,1
BRDA:26,6,0,1
BRDA:28,7,0,1
BRDA:30,8,0,1
BRDA:32,9,0,1
BRDA:34,10,0,1
BRDA:36,11,0,2
BRF:12
BRH:12
end_of_record
TN:
SF:src\main.tsx
FNF:0
FNH:0
DA:1,1
DA:2,1
DA:3,1
DA:4,1
DA:5,1
DA:6,1
DA:12,1
DA:13,1
DA:14,1
DA:15,1
DA:17,1
DA:18,1
DA:19,1
DA:20,1
DA:21,1
DA:22,1
DA:23,1
LF:17
LH:17
BRDA:10,0,0,1
BRF:1
BRH:1
end_of_record
TN:
SF:src\components\common\AddTransactionForm.tsx
FN:18,AddTransactionForm
FN:40,onChange
FN:49,onChange
FN:57,onChange
FN:66,onChange
FNF:5
FNH:5
FNDA:29,AddTransactionForm
FNDA:4,onChange
FNDA:4,onChange
FNDA:3,onChange
FNDA:3,onChange
DA:2,1
DA:18,1
DA:19,29
DA:20,29
DA:21,29
DA:22,29
DA:23,29
DA:24,29
DA:25,29
DA:26,29
DA:27,29
DA:28,29
DA:29,29
DA:30,29
DA:31,29
DA:32,29
DA:33,29
DA:34,29
DA:35,29
DA:36,29
DA:37,29
DA:38,29
DA:39,29
DA:40,29
DA:41,29
DA:42,29
DA:43,29
DA:44,29
DA:45,29
DA:46,29
DA:47,29
DA:48,29
DA:49,29
DA:50,29
DA:51,29
DA:52,29
DA:53,29
DA:54,29
DA:55,29
DA:56,29
DA:57,29
DA:58,29
DA:59,29
DA:60,29
DA:61,29
DA:62,29
DA:63,29
DA:64,29
DA:65,29
DA:66,29
DA:67,29
DA:68,29
DA:69,29
DA:70,29
DA:71,29
DA:73,29
DA:74,29
DA:75,29
DA:76,29
DA:78,29
DA:80,1
LF:61
LH:61
BRDA:18,0,0,29
BRDA:33,1,0,28
BRDA:33,2,0,1
BRDA:40,3,0,4
BRDA:49,4,0,4
BRDA:57,5,0,3
BRDA:66,6,0,3
BRF:7
BRH:7
end_of_record
TN:
SF:src\components\common\CardEditorControls.tsx
FN:14,CardEditorControls
FN:30,onChange
FN:38,onChange
FN:41,onClick
FN:47,onClose
FN:50,onClose
FNF:6
FNH:4
FNDA:29,CardEditorControls
FNDA:1,onChange
FNDA:1,onChange
FNDA:2,onClick
FNDA:0,onClose
FNDA:0,onClose
DA:2,1
DA:14,1
DA:15,29
DA:16,29
DA:17,29
DA:18,29
DA:19,29
DA:20,29
DA:21,29
DA:22,29
DA:23,29
DA:24,29
DA:25,29
DA:26,29
DA:27,29
DA:28,29
DA:29,29
DA:30,29
DA:31,29
DA:32,29
DA:33,29
DA:34,29
DA:35,29
DA:36,29
DA:37,29
DA:38,29
DA:39,29
DA:40,29
DA:41,29
DA:43,29
DA:44,29
DA:45,29
DA:46,29
DA:47,29
DA:48,29
DA:50,29
DA:52,29
DA:53,29
DA:54,29
DA:56,29
DA:58,1
LF:41
LH:41
BRDA:14,0,0,29
BRDA:30,1,0,1
BRDA:38,2,0,1
BRDA:41,3,0,2
BRF:4
BRH:4
end_of_record
TN:
SF:src\components\common\CardSelector.tsx
FN:21,CardSelector
FN:22,handleChange
FNF:2
FNH:2
FNDA:53,CardSelector
FNDA:6,handleChange
DA:2,1
DA:11,1
DA:21,1
DA:22,53
DA:23,6
DA:24,6
DA:26,53
DA:27,53
DA:28,53
DA:29,53
DA:30,53
DA:31,53
DA:32,53
DA:33,53
DA:34,53
DA:35,53
DA:37,53
DA:38,53
DA:39,53
DA:40,53
DA:41,53
DA:42,53
DA:43,53
DA:44,53
DA:45,53
DA:46,53
DA:48,53
DA:49,53
DA:50,53
DA:51,100
DA:52,100
DA:53,100
DA:54,100
DA:55,100
DA:56,100
DA:57,100
DA:58,100
DA:59,100
DA:60,100
DA:61,100
DA:62,100
DA:63,100
DA:64,53
DA:65,53
DA:66,53
DA:67,53
DA:68,53
DA:69,53
DA:70,53
DA:72,53
DA:74,53
DA:76,1
LF:52
LH:52
BRDA:21,0,0,53
BRDA:50,1,0,50
BRDA:22,2,0,6
BRDA:50,3,0,100
BRF:4
BRH:4
end_of_record
TN:
SF:src\components\dashboard\DataTable.tsx
FN:18,DataTable
FNF:1
FNH:1
FNDA:6,DataTable
DA:2,1
DA:15,1
DA:18,1
DA:19,6
DA:20,6
DA:21,6
DA:22,6
DA:23,6
DA:24,6
DA:25,6
DA:27,6
DA:28,6
DA:29,6
DA:30,6
DA:32,6
DA:33,6
DA:34,6
DA:35,6
DA:36,6
DA:37,6
DA:38,6
DA:39,27
DA:40,27
DA:41,27
DA:42,6
DA:43,6
DA:44,6
DA:45,6
DA:46,6
DA:47,22
DA:48,22
DA:49,22
DA:50,22
DA:51,22
DA:52,22
DA:53,22
DA:55,22
DA:56,104
DA:57,104
DA:58,104
DA:59,22
DA:60,22
DA:62,6
DA:63,6
DA:64,6
DA:65,6
DA:66,6
DA:67,6
DA:69,6
LF:49
LH:49
BRDA:18,0,0,6
BRDA:38,1,0,27
BRDA:46,2,0,22
BRDA:49,3,0,0
BRDA:48,4,0,104
BRDA:55,5,0,104
BRDA:57,6,0,20
BRDA:57,7,0,84
BRF:8
BRH:7
end_of_record
TN:
SF:src\components\dashboard\ExpandedExpenseRow.tsx
FN:63,ExpandedExpenseRow
FN:90,handleAddProduct
FN:114,handleShowAddProduct
FN:125,onClose
FN:130,onClose
FN:148,onChange
FN:173,onClick
FN:211,onChange
FN:222,onChange
FN:233,onChange
FNF:10
FNH:6
FNDA:7,ExpandedExpenseRow
FNDA:1,handleAddProduct
FNDA:1,handleShowAddProduct
FNDA:0,onClose
FNDA:0,onClose
FNDA:0,onChange
FNDA:0,onClick
FNDA:1,onChange
FNDA:1,onChange
FNDA:1,onChange
DA:1,1
DA:2,1
DA:3,1
DA:4,1
DA:5,1
DA:26,1
DA:27,1
DA:28,1
DA:63,1
DA:64,7
DA:65,7
DA:66,7
DA:67,7
DA:68,7
DA:69,7
DA:70,7
DA:74,7
DA:75,7
DA:76,1
DA:77,1
DA:78,1
DA:79,1
DA:80,1
DA:82,7
DA:84,7
DA:85,1
DA:86,1
DA:87,1
DA:88,7
DA:90,7
DA:91,1
DA:92,1
DA:93,1
DA:94,1
DA:95,1
DA:96,0
DA:97,0
DA:98,0
DA:99,1
DA:100,1
DA:101,1
DA:102,1
DA:103,1
DA:104,1
DA:105,1
DA:106,1
DA:107,1
DA:108,1
DA:109,1
DA:111,1
DA:112,1
DA:114,7
DA:115,1
DA:116,1
DA:117,1
DA:119,7
DA:120,7
DA:122,7
DA:123,7
DA:124,7
DA:125,7
DA:126,7
DA:127,7
DA:128,7
DA:130,7
DA:132,7
DA:133,7
DA:135,7
DA:136,7
DA:137,7
DA:138,7
DA:139,7
DA:140,7
DA:141,7
DA:142,0
DA:145,7
DA:146,7
DA:147,7
DA:148,7
DA:149,7
DA:150,7
DA:151,7
DA:152,7
DA:153,7
DA:154,7
DA:155,7
DA:156,7
DA:157,7
DA:158,7
DA:159,7
DA:160,7
DA:161,7
DA:162,7
DA:163,7
DA:164,7
DA:165,7
DA:166,7
DA:167,7
DA:168,7
DA:169,7
DA:170,7
DA:172,7
DA:173,7
DA:174,7
DA:175,7
DA:176,7
DA:177,7
DA:178,7
DA:179,7
DA:180,7
DA:181,7
DA:182,0
DA:184,7
DA:185,7
DA:186,7
DA:187,7
DA:188,7
DA:189,7
DA:190,7
DA:191,7
DA:192,7
DA:193,5
DA:194,5
DA:195,5
DA:196,5
DA:197,5
DA:198,5
DA:199,5
DA:200,5
DA:201,5
DA:202,5
DA:203,5
DA:205,5
DA:206,5
DA:207,5
DA:208,5
DA:209,5
DA:210,5
DA:211,5
DA:212,5
DA:213,5
DA:214,5
DA:215,5
DA:216,5
DA:217,5
DA:218,5
DA:219,5
DA:220,5
DA:221,5
DA:222,5
DA:223,5
DA:224,5
DA:225,5
DA:226,5
DA:227,5
DA:228,5
DA:229,5
DA:230,5
DA:231,5
DA:232,5
DA:233,5
DA:234,5
DA:235,5
DA:236,5
DA:237,5
DA:238,5
DA:239,5
DA:240,5
DA:241,5
DA:242,5
DA:244,5
DA:245,5
DA:246,5
DA:247,5
DA:248,5
DA:250,7
DA:251,7
DA:253,7
DA:254,7
DA:255,7
DA:256,7
DA:257,7
DA:258,7
DA:259,7
DA:260,7
DA:261,7
DA:262,7
DA:263,1
DA:264,1
DA:265,1
DA:266,1
DA:267,1
DA:269,7
DA:270,6
DA:271,6
DA:272,6
DA:273,6
DA:274,6
DA:275,7
DA:276,7
DA:277,7
DA:278,7
DA:279,7
DA:280,7
DA:281,7
DA:282,7
DA:283,7
DA:284,7
DA:286,7
DA:288,7
DA:289,7
DA:291,7
DA:293,7
DA:295,1
LF:214
LH:209
BRDA:63,0,0,7
BRDA:64,1,0,0
BRDA:138,2,0,0
BRDA:141,3,0,0
BRDA:181,4,0,0
BRDA:188,5,0,5
BRDA:188,6,0,2
BRDA:192,7,0,5
BRDA:262,8,0,1
BRDA:75,9,0,1
BRDA:84,10,0,1
BRDA:90,11,0,1
BRDA:92,12,0,0
BRDA:95,13,0,0
BRDA:93,14,0,1
BRDA:114,15,0,1
BRDA:116,16,0,1
BRDA:164,17,0,7
BRDA:167,18,0,7
BRDA:211,19,0,1
BRDA:211,20,0,1
BRDA:222,21,0,1
BRDA:222,22,0,1
BRDA:233,23,0,1
BRDA:233,24,0,1
BRDA:269,25,0,6
BRDA:278,26,0,6
BRF:27
BRH:21
end_of_record
TN:
SF:src\components\dashboard\StatCard.tsx
FN:13,StatCard
FNF:1
FNH:1
FNDA:17,StatCard
DA:2,1
DA:9,1
DA:10,1
DA:13,1
DA:14,17
DA:15,17
DA:16,17
DA:17,17
DA:18,17
DA:19,17
DA:20,17
DA:21,17
DA:22,17
DA:23,17
DA:24,17
DA:25,17
DA:26,17
DA:27,17
DA:29,17
DA:30,17
DA:31,17
DA:32,17
DA:33,17
DA:34,17
DA:35,17
DA:36,17
DA:37,17
DA:38,17
DA:39,17
DA:40,17
DA:41,1
DA:42,1
DA:43,1
DA:45,0
DA:47,1
DA:48,1
DA:49,1
DA:50,1
DA:51,1
DA:53,1
DA:54,1
DA:55,1
DA:57,1
DA:58,1
DA:60,17
DA:61,17
DA:62,17
DA:63,17
DA:65,17
DA:66,17
DA:67,17
DA:68,17
DA:69,17
DA:71,17
LF:54
LH:53
BRDA:13,0,0,17
BRDA:20,1,0,1
BRDA:40,2,0,16
BRDA:40,3,0,1
BRDA:43,4,0,0
BRDA:50,5,0,0
BRF:6
BRH:4
end_of_record
TN:
SF:src\components\layout\Header.tsx
FN:18,Header
FN:21,handleMenu
FN:25,handleClose
FNF:3
FNH:3
FNDA:13,Header
FNDA:1,handleMenu
FNDA:1,handleClose
DA:1,1
DA:2,1
DA:12,1
DA:13,1
DA:14,1
DA:16,1
DA:18,1
DA:19,13
DA:21,13
DA:22,1
DA:23,1
DA:25,13
DA:26,1
DA:27,1
DA:29,13
DA:30,13
DA:31,13
DA:32,13
DA:33,13
DA:34,13
DA:35,13
DA:37,13
DA:39,13
DA:40,13
DA:41,13
DA:42,13
DA:43,13
DA:45,13
DA:46,13
DA:48,13
DA:49,13
DA:50,13
DA:51,13
DA:53,13
DA:54,13
DA:55,13
DA:56,13
DA:58,13
DA:59,13
DA:60,13
DA:61,13
DA:62,13
DA:64,13
DA:65,13
DA:66,13
DA:67,13
DA:69,13
DA:70,13
DA:71,13
DA:72,13
DA:73,13
DA:74,13
DA:75,13
DA:76,13
DA:77,13
DA:78,13
DA:79,13
DA:80,13
DA:81,13
DA:82,13
DA:84,13
DA:85,13
DA:86,13
DA:87,13
DA:88,13
DA:89,13
DA:90,13
DA:92,13
LF:68
LH:68
BRDA:18,0,0,13
BRDA:21,1,0,1
BRDA:25,2,0,1
BRF:3
BRH:3
end_of_record
TN:
SF:src\components\layout\Layout.tsx
FN:9,Layout
FNF:1
FNH:1
FNDA:10,Layout
DA:2,1
DA:3,1
DA:4,1
DA:7,1
DA:9,1
DA:10,10
DA:11,10
DA:12,10
DA:13,10
DA:14,10
DA:15,10
DA:16,10
DA:17,10
DA:18,10
DA:19,10
DA:20,10
DA:21,10
DA:23,10
DA:24,10
DA:25,10
DA:26,10
DA:28,10
LF:22
LH:22
BRDA:9,0,0,10
BRF:1
BRH:1
end_of_record
TN:
SF:src\components\layout\Sidebar.tsx
FN:37,Sidebar
FN:64,onClick
FNF:2
FNH:2
FNDA:11,Sidebar
FNDA:8,onClick
DA:2,1
DA:14,1
DA:15,1
DA:16,1
DA:17,1
DA:18,1
DA:19,1
DA:20,1
DA:21,1
DA:24,1
DA:26,1
DA:27,1
DA:28,1
DA:29,1
DA:30,1
DA:31,1
DA:32,1
DA:33,1
DA:34,1
DA:35,1
DA:37,1
DA:38,11
DA:39,11
DA:40,11
DA:41,11
DA:42,11
DA:43,11
DA:44,11
DA:45,11
DA:46,11
DA:47,11
DA:48,11
DA:50,11
DA:51,11
DA:52,11
DA:53,11
DA:55,11
DA:56,11
DA:57,11
DA:58,11
DA:59,11
DA:60,11
DA:61,88
DA:62,88
DA:63,88
DA:64,88
DA:65,88
DA:66,88
DA:67,88
DA:68,88
DA:69,88
DA:70,88
DA:71,88
DA:72,88
DA:74,88
DA:75,88
DA:76,88
DA:77,88
DA:79,88
DA:80,88
DA:81,88
DA:82,88
DA:83,88
DA:84,88
DA:85,88
DA:86,88
DA:87,88
DA:88,88
DA:89,88
DA:90,88
DA:91,11
DA:92,11
DA:93,11
DA:95,11
LF:74
LH:74
BRDA:37,0,0,11
BRDA:60,1,0,88
BRDA:76,2,0,11
BRDA:76,3,0,77
BRDA:85,4,0,11
BRDA:85,5,0,77
BRDA:64,6,0,8
BRF:7
BRH:7
end_of_record
TN:
SF:src\graphql\mutations.ts
FNF:0
FNH:0
DA:1,1
DA:12,1
DA:25,1
DA:33,1
DA:41,1
DA:43,1
DA:56,1
DA:67,1
DA:75,1
DA:83,1
DA:93,1
LF:11
LH:11
BRF:0
BRH:0
end_of_record
TN:
SF:src\graphql\queries.ts
FNF:0
FNH:0
DA:1,1
DA:3,1
DA:16,1
DA:27,1
DA:37,1
DA:49,1
LF:6
LH:6
BRF:0
BRH:0
end_of_record
TN:
SF:src\pages\Dashboard.tsx
FN:20,useTotals
FN:72,format
FN:88,Dashboard
FNF:3
FNH:3
FNDA:5,useTotals
FNDA:20,format
FNDA:5,Dashboard
DA:2,1
DA:10,1
DA:11,1
DA:12,1
DA:13,1
DA:14,1
DA:16,1
DA:17,1
DA:20,1
DA:21,5
DA:22,5
DA:23,5
DA:24,5
DA:25,5
DA:26,5
DA:27,5
DA:28,5
DA:29,5
DA:31,1
DA:32,1
DA:33,1
DA:34,1
DA:35,1
DA:36,1
DA:37,1
DA:38,1
DA:39,1
DA:40,1
DA:41,1
DA:42,1
DA:43,1
DA:44,1
DA:45,1
DA:46,1
DA:47,1
DA:48,1
DA:49,1
DA:50,1
DA:51,1
DA:52,1
DA:53,1
DA:54,1
DA:55,1
DA:56,1
DA:57,1
DA:58,1
DA:59,1
DA:60,1
DA:61,1
DA:62,1
DA:63,1
DA:64,1
DA:66,1
DA:67,1
DA:68,1
DA:69,1
DA:70,1
DA:71,1
DA:72,1
DA:73,20
DA:74,20
DA:75,20
DA:76,20
DA:77,20
DA:78,20
DA:79,20
DA:81,20
DA:82,1
DA:83,1
DA:84,1
DA:85,1
DA:88,1
DA:89,5
DA:91,5
DA:92,5
DA:93,5
DA:94,5
DA:95,5
DA:96,5
DA:97,5
DA:98,5
DA:99,5
DA:100,5
DA:101,5
DA:102,5
DA:103,5
DA:104,5
DA:105,5
DA:106,5
DA:107,5
DA:108,5
DA:109,5
DA:110,5
DA:112,5
DA:113,5
DA:114,5
DA:115,5
DA:116,5
DA:117,5
DA:118,5
DA:119,5
DA:120,5
DA:122,5
DA:123,5
DA:124,5
DA:127,5
DA:128,5
DA:129,5
DA:130,5
DA:131,5
DA:132,5
DA:133,5
DA:134,5
DA:135,5
DA:136,5
DA:138,5
DA:139,15
DA:140,5
DA:141,5
DA:144,5
DA:145,5
DA:146,5
DA:147,5
DA:148,5
DA:149,5
DA:150,5
DA:151,5
DA:152,5
DA:155,5
DA:156,5
DA:157,5
DA:158,5
DA:159,5
DA:160,5
DA:161,5
DA:164,5
DA:165,5
DA:166,5
DA:167,5
DA:169,5
DA:171,5
DA:172,5
DA:173,5
DA:174,5
DA:176,5
DA:177,5
DA:179,5
DA:180,5
DA:181,5
DA:182,5
DA:183,5
DA:184,5
DA:185,5
DA:186,5
DA:187,5
DA:189,5
DA:190,5
DA:191,5
DA:193,5
DA:194,5
DA:196,5
DA:197,5
DA:198,5
DA:199,5
DA:200,5
DA:201,5
DA:202,5
DA:203,5
DA:204,5
DA:206,5
DA:207,5
DA:208,5
DA:210,5
DA:211,5
DA:213,5
DA:214,5
DA:215,5
DA:216,5
DA:217,5
DA:218,5
DA:219,5
DA:220,5
DA:221,5
DA:223,5
DA:224,5
DA:226,5
DA:227,5
DA:228,5
DA:229,5
DA:231,5
DA:232,5
DA:233,5
DA:234,5
DA:235,5
DA:236,5
DA:237,5
DA:238,5
DA:239,5
DA:241,5
LF:199
LH:199
BRDA:20,0,0,5
BRDA:24,1,0,0
BRDA:25,2,0,0
BRDA:26,3,0,0
BRDA:72,4,0,20
BRDA:77,5,0,15
BRDA:77,6,0,5
BRDA:88,7,0,5
BRDA:138,8,0,15
BRF:9
BRH:6
end_of_record
TN:
SF:src\pages\Expenses.tsx
FN:38,getDayKey
FN:48,buildExpenseRows
FN:100,onSelect
FN:101,onDelete
FN:102,onExpand
FN:112,Expenses
FN:147,handleExpandRow
FN:155,getDisplayedExpenses
FN:160,idRank
FN:205,onSelect
FN:206,onDelete
FN:207,onExpand
FN:214,getTotalExpenses
FN:218,getTotalIncomes
FN:223,getTotalCredito
FN:235,onCardChange
FN:252,handleDeleteExpense
FN:258,handleAddExpense
FN:279,handleSelect
FN:285,handleSelectAll
FN:298,handleDeleteSelected
FN:334,onRefresh
FN:360,onSave
FNF:23
FNH:13
FNDA:23,getDayKey
FNDA:61,buildExpenseRows
FNDA:0,onSelect
FNDA:0,onDelete
FNDA:0,onExpand
FNDA:61,Expenses
FNDA:0,handleExpandRow
FNDA:401,getDisplayedExpenses
FNDA:2,idRank
FNDA:0,onSelect
FNDA:0,onDelete
FNDA:0,onExpand
FNDA:198,getTotalExpenses
FNDA:122,getTotalIncomes
FNDA:61,getTotalCredito
FNDA:4,onCardChange
FNDA:0,handleDeleteExpense
FNDA:1,handleAddExpense
FNDA:0,handleSelect
FNDA:3,handleSelectAll
FNDA:1,handleDeleteSelected
FNDA:0,onRefresh
FNDA:1,onSave
DA:1,1
DA:2,1
DA:3,1
DA:4,1
DA:22,1
DA:23,1
DA:24,1
DA:26,1
DA:27,1
DA:28,1
DA:38,1
DA:39,23
DA:40,23
DA:41,23
DA:42,23
DA:43,23
DA:44,23
DA:45,23
DA:48,61
DA:58,61
DA:59,61
DA:60,61
DA:61,61
DA:62,61
DA:63,61
DA:64,61
DA:65,61
DA:66,61
DA:67,61
DA:68,61
DA:69,61
DA:70,61
DA:71,61
DA:72,61
DA:73,23
DA:74,23
DA:75,23
DA:76,23
DA:77,2
DA:78,2
DA:79,2
DA:80,2
DA:81,2
DA:82,2
DA:83,2
DA:84,2
DA:85,2
DA:86,2
DA:87,23
DA:88,23
DA:89,23
DA:90,23
DA:91,23
DA:92,23
DA:93,23
DA:94,23
DA:95,23
DA:96,23
DA:97,23
DA:98,23
DA:99,23
DA:100,23
DA:101,23
DA:102,23
DA:103,23
DA:104,23
DA:105,23
DA:106,23
DA:107,23
DA:108,23
DA:109,61
DA:110,61
DA:112,1
DA:113,61
DA:114,61
DA:115,61
DA:116,61
DA:117,61
DA:118,61
DA:119,61
DA:122,61
DA:123,61
DA:124,61
DA:125,61
DA:126,61
DA:127,61
DA:128,61
DA:129,61
DA:130,61
DA:131,61
DA:133,61
DA:135,61
DA:136,61
DA:139,61
DA:140,37
DA:141,36
DA:142,36
DA:143,61
DA:146,61
DA:147,61
DA:148,0
DA:149,0
DA:150,61
DA:151,37
DA:152,61
DA:155,61
DA:156,401
DA:157,401
DA:160,61
DA:161,2
DA:162,2
DA:163,2
DA:164,2
DA:165,2
DA:166,0
DA:167,2
DA:171,61
DA:172,20
DA:173,20
DA:174,20
DA:175,8
DA:176,8
DA:177,8
DA:178,8
DA:179,20
DA:180,7
DA:181,1
DA:182,1
DA:184,1
DA:185,0
DA:186,7
DA:187,7
DA:188,7
DA:189,8
DA:190,8
DA:191,8
DA:192,8
DA:193,7
DA:194,20
DA:196,61
DA:198,61
DA:199,61
DA:200,61
DA:201,61
DA:202,61
DA:203,61
DA:204,61
DA:205,61
DA:206,61
DA:207,61
DA:208,61
DA:209,61
DA:210,61
DA:212,61
DA:214,61
DA:215,198
DA:216,198
DA:218,61
DA:219,122
DA:220,122
DA:221,122
DA:223,61
DA:224,61
DA:225,61
DA:227,32
DA:228,32
DA:229,32
DA:230,59
DA:231,29
DA:232,61
DA:235,61
DA:237,4
DA:239,4
DA:240,4
DA:242,4
DA:243,4
DA:244,4
DA:245,4
DA:247,4
DA:248,4
DA:249,4
DA:252,61
DA:253,0
DA:254,0
DA:255,0
DA:258,61
DA:259,1
DA:261,1
DA:262,1
DA:263,1
DA:264,1
DA:265,1
DA:266,1
DA:267,1
DA:269,1
DA:271,1
DA:273,1
DA:274,1
DA:275,1
DA:276,1
DA:277,1
DA:279,61
DA:280,0
DA:281,0
DA:282,0
DA:283,0
DA:285,61
DA:286,3
DA:287,2
DA:288,2
DA:289,2
DA:290,2
DA:291,0
DA:292,2
DA:293,3
DA:294,1
DA:295,1
DA:296,3
DA:298,61
DA:300,1
DA:301,1
DA:304,1
DA:306,1
DA:308,1
DA:309,1
DA:312,61
DA:313,61
DA:314,61
DA:315,61
DA:316,61
DA:317,12
DA:318,12
DA:319,61
DA:321,61
DA:322,61
DA:323,61
DA:325,61
DA:326,61
DA:327,61
DA:328,61
DA:329,61
DA:330,61
DA:331,61
DA:332,61
DA:333,61
DA:334,61
DA:335,61
DA:336,61
DA:338,61
DA:339,61
DA:340,61
DA:341,61
DA:342,61
DA:343,61
DA:344,61
DA:345,61
DA:346,61
DA:347,61
DA:348,61
DA:349,61
DA:350,61
DA:351,61
DA:352,61
DA:353,61
DA:354,61
DA:355,29
DA:356,29
DA:357,29
DA:358,29
DA:359,29
DA:360,29
DA:361,1
DA:362,1
DA:363,1
DA:364,29
DA:365,29
DA:366,29
DA:368,61
DA:370,61
DA:371,29
DA:372,29
DA:373,29
DA:374,29
DA:375,29
DA:376,29
DA:377,29
DA:378,29
DA:379,29
DA:380,29
DA:381,29
DA:382,29
DA:383,29
DA:386,61
DA:387,61
DA:388,61
DA:389,61
DA:390,61
DA:391,61
DA:392,61
DA:393,15
DA:394,15
DA:395,15
DA:396,15
DA:397,15
DA:398,61
DA:399,61
DA:400,61
DA:401,61
DA:402,61
DA:403,61
DA:404,61
DA:405,61
DA:406,61
DA:407,61
DA:408,61
DA:409,61
DA:410,46
DA:411,46
DA:412,46
DA:413,46
DA:414,46
DA:415,46
DA:416,46
DA:418,61
DA:419,61
DA:420,61
DA:421,4
DA:422,4
DA:423,4
DA:424,4
DA:425,4
DA:426,4
DA:427,4
DA:429,4
DA:430,4
DA:432,61
DA:433,61
DA:434,61
DA:435,61
DA:436,61
DA:438,61
DA:440,1
LF:342
LH:330
BRDA:38,0,0,23
BRDA:40,1,0,1
BRDA:40,2,0,0
BRDA:40,3,0,22
BRDA:48,4,0,61
BRDA:72,5,0,23
BRDA:74,6,0,8
BRDA:76,7,0,2
BRDA:79,8,0,0
BRDA:79,9,0,0
BRDA:99,10,0,1
BRDA:87,11,0,23
BRDA:88,12,0,0
BRDA:90,13,0,22
BRDA:90,14,0,0
BRDA:90,15,0,1
BRDA:91,16,0,0
BRDA:89,17,0,29
BRDA:112,18,0,61
BRDA:124,19,0,32
BRDA:124,20,0,29
BRDA:128,21,0,32
BRDA:128,22,0,29
BRDA:312,23,0,32
BRDA:312,24,0,29
BRDA:331,25,0,59
BRDA:340,26,0,32
BRDA:340,27,0,29
BRDA:354,28,0,29
BRDA:370,29,0,29
BRDA:392,30,0,15
BRDA:392,31,0,15
BRDA:392,32,0,15
BRDA:393,33,0,0
BRDA:393,34,0,0
BRDA:394,35,0,4
BRDA:394,36,0,0
BRDA:395,37,0,0
BRDA:395,38,0,14
BRDA:395,39,0,0
BRDA:403,40,0,32
BRDA:409,41,0,46
BRDA:411,42,0,18
BRDA:411,43,0,28
BRDA:413,44,0,18
BRDA:413,45,0,28
BRDA:420,46,0,4
BRDA:139,47,0,37
BRDA:140,48,0,36
BRDA:150,49,0,37
BRDA:151,50,0,36
BRDA:151,51,0,1
BRDA:155,52,0,401
BRDA:156,53,0,0
BRDA:160,54,0,2
BRDA:161,55,0,0
BRDA:165,56,0,0
BRDA:171,57,0,20
BRDA:174,58,0,8
BRDA:175,59,0,0
BRDA:176,60,0,7
BRDA:179,61,0,7
BRDA:188,62,0,8
BRDA:189,63,0,0
BRDA:191,64,0,7
BRDA:180,65,0,1
BRDA:184,66,0,0
BRDA:198,67,0,61
BRDA:199,68,0,0
BRDA:208,69,0,59
BRDA:214,70,0,198
BRDA:215,71,0,92
BRDA:218,72,0,122
BRDA:219,73,0,4
BRDA:219,74,0,118
BRDA:220,75,0,118
BRDA:223,76,0,61
BRDA:224,77,0,32
BRDA:224,78,0,29
BRDA:225,79,0,32
BRDA:227,80,0,30
BRDA:227,81,0,2
BRDA:229,82,0,59
BRDA:229,83,0,29
BRDA:230,84,0,0
BRDA:230,85,0,29
BRDA:224,86,0,32
BRDA:227,87,0,60
BRDA:227,88,0,0
BRDA:235,89,0,4
BRDA:258,90,0,1
BRDA:259,91,0,0
BRDA:266,92,0,0
BRDA:269,93,0,1
BRDA:285,94,0,3
BRDA:286,95,0,2
BRDA:290,96,0,0
BRDA:293,97,0,1
BRDA:289,98,0,3
BRDA:290,99,0,3
BRDA:298,100,0,1
BRDA:301,101,0,0
BRDA:304,102,0,1
BRDA:304,103,0,2
BRDA:304,104,0,0
BRDA:312,105,0,32
BRDA:316,106,0,12
BRDA:317,107,0,4
BRDA:317,108,0,8
BRDA:318,109,0,4
BRDA:360,110,0,1
BRDA:373,111,0,32
BRDA:413,112,0,31
BRF:113
BRH:88
end_of_record
TN:
SF:src\pages\Incomes.tsx
FN:36,Incomes
FN:64,onCardChange
FN:77,handleSelect
FN:87,handleSelectAll
FN:96,handleAddIncome
FN:116,handleDeleteIncome
FN:121,handleDeleteSelected
FN:127,getTotalIncomes
FN:131,getDisplayedIncomes
FN:151,onRefresh
FN:171,onSave
FN:224,onChange
FN:249,onClick
FNF:13
FNH:7
FNDA:15,Incomes
FNDA:2,onCardChange
FNDA:0,handleSelect
FNDA:1,handleSelectAll
FNDA:1,handleAddIncome
FNDA:0,handleDeleteIncome
FNDA:1,handleDeleteSelected
FNDA:44,getTotalIncomes
FNDA:46,getDisplayedIncomes
FNDA:0,onRefresh
FNDA:0,onSave
FNDA:0,onChange
FNDA:0,onClick
DA:1,1
DA:2,1
DA:22,1
DA:23,1
DA:24,1
DA:25,1
DA:26,1
DA:28,1
DA:29,1
DA:30,1
DA:36,1
DA:37,15
DA:38,15
DA:39,15
DA:40,15
DA:41,15
DA:42,15
DA:43,15
DA:44,15
DA:45,15
DA:46,15
DA:48,15
DA:49,15
DA:50,15
DA:51,15
DA:52,15
DA:53,15
DA:54,15
DA:55,15
DA:57,15
DA:59,15
DA:60,6
DA:61,6
DA:62,15
DA:64,15
DA:65,2
DA:67,2
DA:68,2
DA:69,2
DA:70,2
DA:71,2
DA:73,2
DA:74,2
DA:75,2
DA:77,15
DA:78,0
DA:79,0
DA:80,0
DA:81,0
DA:82,0
DA:83,0
DA:84,0
DA:85,0
DA:87,15
DA:88,1
DA:89,1
DA:90,1
DA:91,1
DA:92,0
DA:93,0
DA:94,1
DA:96,15
DA:97,1
DA:98,1
DA:99,1
DA:100,1
DA:101,1
DA:102,1
DA:103,1
DA:104,1
DA:105,1
DA:106,1
DA:107,1
DA:108,1
DA:109,1
DA:110,1
DA:111,1
DA:112,1
DA:113,1
DA:114,1
DA:116,15
DA:117,0
DA:118,0
DA:119,0
DA:121,15
DA:122,1
DA:123,1
DA:124,1
DA:125,1
DA:127,15
DA:128,44
DA:129,44
DA:131,15
DA:132,46
DA:133,86
DA:134,68
DA:135,46
DA:136,46
DA:138,15
DA:139,15
DA:140,15
DA:142,15
DA:143,15
DA:144,15
DA:145,15
DA:146,15
DA:147,15
DA:148,15
DA:149,15
DA:150,15
DA:151,15
DA:152,15
DA:153,15
DA:155,15
DA:156,15
DA:157,15
DA:158,15
DA:159,15
DA:160,15
DA:161,15
DA:162,15
DA:163,15
DA:164,15
DA:165,15
DA:166,11
DA:167,11
DA:168,11
DA:169,11
DA:170,11
DA:171,11
DA:172,0
DA:173,0
DA:174,0
DA:175,11
DA:176,11
DA:177,11
DA:179,15
DA:180,15
DA:181,11
DA:182,11
DA:183,11
DA:184,11
DA:185,11
DA:186,11
DA:187,11
DA:188,11
DA:189,11
DA:190,11
DA:191,11
DA:192,11
DA:193,11
DA:196,15
DA:197,15
DA:198,15
DA:199,15
DA:200,15
DA:201,15
DA:202,15
DA:203,14
DA:204,14
DA:205,14
DA:206,14
DA:207,14
DA:208,15
DA:209,15
DA:210,15
DA:211,15
DA:212,15
DA:213,15
DA:214,15
DA:215,15
DA:216,15
DA:217,15
DA:218,15
DA:219,15
DA:220,17
DA:221,17
DA:222,17
DA:223,17
DA:224,17
DA:225,17
DA:226,17
DA:227,17
DA:228,17
DA:229,17
DA:230,17
DA:231,17
DA:232,6
DA:233,6
DA:234,6
DA:235,6
DA:236,6
DA:237,6
DA:238,6
DA:239,6
DA:240,6
DA:241,6
DA:242,6
DA:243,6
DA:244,6
DA:245,6
DA:246,6
DA:248,17
DA:249,17
DA:250,17
DA:251,17
DA:252,17
DA:253,17
DA:254,15
DA:256,15
DA:257,1
DA:258,1
DA:259,1
DA:260,1
DA:261,1
DA:262,1
DA:263,1
DA:265,15
DA:266,15
DA:267,15
DA:268,1
DA:269,1
DA:270,1
DA:271,1
DA:272,1
DA:273,1
DA:274,1
DA:276,1
DA:277,1
DA:279,15
DA:280,15
DA:281,15
DA:282,15
DA:283,15
DA:285,15
DA:287,1
LF:236
LH:220
BRDA:36,0,0,15
BRDA:40,1,0,4
BRDA:40,2,0,11
BRDA:57,3,0,4
BRDA:57,4,0,11
BRDA:148,5,0,14
BRDA:157,6,0,4
BRDA:157,7,0,11
BRDA:165,8,0,11
BRDA:180,9,0,11
BRDA:202,10,0,14
BRDA:202,11,0,14
BRDA:202,12,0,14
BRDA:203,13,0,0
BRDA:203,14,0,0
BRDA:204,15,0,1
BRDA:204,16,0,0
BRDA:205,17,0,0
BRDA:205,18,0,0
BRDA:213,19,0,4
BRDA:256,20,0,1
BRDA:258,21,0,0
BRDA:260,22,0,0
BRDA:267,23,0,1
BRDA:57,24,0,11
BRDA:59,25,0,6
BRDA:60,26,0,2
BRDA:60,27,0,4
BRDA:61,28,0,2
BRDA:64,29,0,2
BRDA:87,30,0,1
BRDA:91,31,0,0
BRDA:89,32,0,1
BRDA:96,33,0,1
BRDA:97,34,0,0
BRDA:105,35,0,0
BRDA:121,36,0,1
BRDA:127,37,0,44
BRDA:128,38,0,42
BRDA:128,39,0,2
BRDA:128,40,0,84
BRDA:131,41,0,46
BRDA:132,42,0,43
BRDA:135,43,0,3
BRDA:132,44,0,86
BRDA:133,45,0,18
BRDA:133,46,0,68
BRDA:183,47,0,11
BRDA:219,48,0,17
BRDA:223,49,0,0
BRDA:231,50,0,6
BRDA:240,51,0,9
BRDA:243,52,0,9
BRF:53
BRH:42
end_of_record
TN:
SF:src\test\__mocks__\mui-icon-stub.tsx
FN:3,MuiIconStub
FNF:1
FNH:1
FNDA:188,MuiIconStub
DA:3,1
DA:4,188
DA:7,1
LF:3
LH:3
BRDA:3,0,0,188
BRF:1
BRH:1
end_of_record
TN:
SF:src\theme\theme.ts
FNF:0
FNH:0
DA:1,1
DA:3,1
DA:4,1
DA:5,1
DA:6,1
DA:7,1
DA:8,1
DA:9,1
DA:10,1
DA:11,1
DA:12,1
DA:13,1
DA:14,1
DA:15,1
DA:16,1
DA:17,1
DA:18,1
DA:19,1
DA:20,1
DA:21,1
DA:22,1
DA:23,1
DA:24,1
DA:25,1
DA:26,1
DA:27,1
DA:28,1
DA:29,1
DA:30,1
DA:31,1
DA:32,1
DA:33,1
DA:34,1
DA:35,1
DA:36,1
DA:37,1
DA:38,1
DA:39,1
DA:40,1
DA:41,1
DA:42,1
DA:43,1
DA:44,1
DA:45,1
DA:46,1
DA:47,1
DA:48,1
DA:49,1
DA:50,1
DA:51,1
DA:52,1
DA:53,1
DA:54,1
DA:55,1
DA:56,1
DA:57,1
DA:58,1
DA:59,1
DA:60,1
DA:61,1
DA:62,1
DA:63,1
DA:64,1
DA:65,1
DA:66,1
DA:67,1
DA:68,1
DA:69,1
DA:70,1
DA:71,1
DA:72,1
DA:73,1
DA:74,1
DA:75,1
DA:76,1
DA:77,1
LF:76
LH:76
BRF:0
BRH:0
end_of_record
TN:
SF:src\types\graphql.ts
FN:1,(empty-report)
FNF:1
FNH:1
FNDA:1,(empty-report)
LF:0
LH:0
BRDA:1,0,0,1
BRF:1
BRH:1
end_of_record
TN:
SF:src\types\index.ts
FN:146,formatDateYYYYMMDDLocal
FNF:1
FNH:1
FNDA:18,formatDateYYYYMMDDLocal
DA:146,1
DA:147,18
DA:148,6
DA:149,6
DA:150,6
DA:151,6
DA:152,6
DA:153,6
LF:8
LH:8
BRDA:146,0,0,18
BRDA:147,1,0,12
BRDA:147,2,0,6
BRF:3
BRH:3
end_of_record
