TN:
SF:src\App.tsx
FN:11,App
FN:14,handleTabChange
FN:18,renderContent
FNF:3
FNH:2
FNDA:1,App
FNDA:0,handleTabChange
FNDA:1,renderContent
DA:1,1
DA:2,1
DA:3,1
DA:4,1
DA:5,1
DA:6,1
DA:7,1
DA:9,1
DA:11,1
DA:12,1
DA:14,1
DA:15,0
DA:16,0
DA:18,1
DA:19,1
DA:20,1
DA:21,1
DA:22,1
DA:23,0
DA:24,1
DA:25,0
DA:26,1
DA:27,0
DA:28,1
DA:29,0
DA:30,1
DA:31,0
DA:32,1
DA:33,0
DA:34,1
DA:35,0
DA:36,1
DA:37,0
DA:38,1
DA:39,1
DA:41,1
DA:42,1
DA:43,1
DA:44,1
DA:45,1
DA:46,1
DA:47,1
DA:49,1
DA:51,1
LF:44
LH:34
BRDA:11,0,0,1
BRDA:18,1,0,1
BRDA:22,2,0,0
BRDA:24,3,0,0
BRDA:26,4,0,0
BRDA:28,5,0,0
BRDA:30,6,0,0
BRDA:32,7,0,0
BRDA:34,8,0,0
BRDA:36,9,0,0
BRF:10
BRH:2
end_of_record
TN:
SF:src\main.tsx
FN:1,(empty-report)
FNF:1
FNH:0
FNDA:0,(empty-report)
DA:1,0
DA:2,0
DA:3,0
DA:4,0
DA:5,0
DA:6,0
DA:8,0
DA:9,0
DA:10,0
DA:11,0
DA:13,0
DA:14,0
DA:15,0
DA:16,0
DA:17,0
DA:18,0
DA:19,0
LF:17
LH:0
BRDA:1,0,0,0
BRF:1
BRH:0
end_of_record
TN:
SF:src\components\common\AddTransactionForm.tsx
FN:18,AddTransactionForm
FN:40,onChange
FN:49,onChange
FN:57,onChange
FN:66,onChange
FNF:5
FNH:5
FNDA:1,AddTransactionForm
FNDA:1,onChange
FNDA:1,onChange
FNDA:1,onChange
FNDA:1,onChange
DA:2,1
DA:18,1
DA:19,1
DA:20,1
DA:21,1
DA:22,1
DA:23,1
DA:24,1
DA:25,1
DA:26,1
DA:27,1
DA:28,1
DA:29,1
DA:30,1
DA:31,1
DA:32,1
DA:33,1
DA:34,1
DA:35,1
DA:36,1
DA:37,1
DA:38,1
DA:39,1
DA:40,1
DA:41,1
DA:42,1
DA:43,1
DA:44,1
DA:45,1
DA:46,1
DA:47,1
DA:48,1
DA:49,1
DA:50,1
DA:51,1
DA:52,1
DA:53,1
DA:54,1
DA:55,1
DA:56,1
DA:57,1
DA:58,1
DA:59,1
DA:60,1
DA:61,1
DA:62,1
DA:63,1
DA:64,1
DA:65,1
DA:66,1
DA:67,1
DA:68,1
DA:69,1
DA:70,1
DA:71,1
DA:73,1
DA:74,1
DA:75,1
DA:76,1
DA:78,1
DA:80,1
LF:61
LH:61
BRDA:18,0,0,1
BRDA:33,1,0,0
BRDA:40,2,0,1
BRDA:49,3,0,1
BRDA:57,4,0,1
BRDA:66,5,0,1
BRF:6
BRH:5
end_of_record
TN:
SF:src\components\common\CardEditorControls.tsx
FN:14,CardEditorControls
FN:30,onChange
FN:38,onChange
FN:41,onClick
FN:47,onClose
FN:50,onClose
FNF:6
FNH:4
FNDA:1,CardEditorControls
FNDA:1,onChange
FNDA:1,onChange
FNDA:1,onClick
FNDA:0,onClose
FNDA:0,onClose
DA:2,1
DA:14,1
DA:15,1
DA:16,1
DA:17,1
DA:18,1
DA:19,1
DA:20,1
DA:21,1
DA:22,1
DA:23,1
DA:24,1
DA:25,1
DA:26,1
DA:27,1
DA:28,1
DA:29,1
DA:30,1
DA:31,1
DA:32,1
DA:33,1
DA:34,1
DA:35,1
DA:36,1
DA:37,1
DA:38,1
DA:39,1
DA:40,1
DA:41,1
DA:43,1
DA:44,1
DA:45,1
DA:46,1
DA:47,1
DA:48,1
DA:50,1
DA:52,1
DA:53,1
DA:54,1
DA:56,1
DA:58,1
LF:41
LH:41
BRDA:14,0,0,1
BRDA:30,1,0,1
BRDA:38,2,0,1
BRDA:41,3,0,1
BRF:4
BRH:4
end_of_record
TN:
SF:src\components\common\CardSelector.tsx
FN:21,CardSelector
FN:22,handleChange
FNF:2
FNH:1
FNDA:3,CardSelector
FNDA:0,handleChange
DA:2,1
DA:11,1
DA:21,1
DA:22,3
DA:23,0
DA:24,0
DA:26,3
DA:27,3
DA:28,3
DA:29,3
DA:30,3
DA:31,3
DA:32,3
DA:33,3
DA:34,3
DA:35,3
DA:37,3
DA:38,3
DA:39,3
DA:40,3
DA:41,3
DA:42,3
DA:43,3
DA:44,3
DA:45,3
DA:46,3
DA:48,3
DA:49,3
DA:50,3
DA:51,0
DA:52,0
DA:53,0
DA:54,0
DA:55,0
DA:56,0
DA:57,0
DA:58,0
DA:59,0
DA:60,0
DA:61,0
DA:62,0
DA:63,0
DA:64,3
DA:65,3
DA:66,3
DA:67,3
DA:68,3
DA:69,3
DA:70,3
DA:72,3
DA:74,3
DA:76,1
LF:52
LH:37
BRDA:21,0,0,3
BRF:1
BRH:1
end_of_record
TN:
SF:src\components\dashboard\DataTable.tsx
FN:18,DataTable
FNF:1
FNH:1
FNDA:3,DataTable
DA:2,1
DA:15,1
DA:18,1
DA:19,3
DA:20,3
DA:21,3
DA:22,3
DA:23,3
DA:24,3
DA:25,3
DA:27,3
DA:28,3
DA:29,3
DA:30,3
DA:32,3
DA:33,3
DA:34,3
DA:35,3
DA:36,3
DA:37,3
DA:38,3
DA:39,12
DA:40,12
DA:41,12
DA:42,3
DA:43,3
DA:44,3
DA:45,3
DA:46,3
DA:47,10
DA:48,10
DA:49,10
DA:50,10
DA:51,10
DA:52,10
DA:53,10
DA:55,10
DA:56,44
DA:57,44
DA:58,44
DA:59,10
DA:60,10
DA:62,3
DA:63,3
DA:64,3
DA:65,3
DA:66,3
DA:67,3
DA:69,3
LF:49
LH:49
BRDA:18,0,0,3
BRDA:38,1,0,12
BRDA:46,2,0,10
BRDA:49,3,0,0
BRDA:48,4,0,44
BRDA:55,5,0,44
BRDA:57,6,0,8
BRDA:57,7,0,36
BRF:8
BRH:7
end_of_record
TN:
SF:src\components\dashboard\ExpandedExpenseRow.tsx
FN:61,ExpandedExpenseRow
FN:88,handleAddProduct
FN:112,handleShowAddProduct
FN:123,onClose
FN:128,onClose
FN:141,onChange
FN:166,onClick
FN:205,onChange
FN:216,onChange
FN:227,onChange
FNF:10
FNH:6
FNDA:7,ExpandedExpenseRow
FNDA:1,handleAddProduct
FNDA:1,handleShowAddProduct
FNDA:0,onClose
FNDA:0,onClose
FNDA:0,onChange
FNDA:0,onClick
FNDA:1,onChange
FNDA:1,onChange
FNDA:1,onChange
DA:1,1
DA:2,1
DA:3,1
DA:4,1
DA:5,1
DA:26,1
DA:27,1
DA:28,1
DA:61,1
DA:62,7
DA:63,7
DA:64,7
DA:65,7
DA:66,7
DA:67,7
DA:68,7
DA:72,7
DA:73,7
DA:74,1
DA:75,1
DA:76,1
DA:77,1
DA:78,1
DA:80,7
DA:82,7
DA:83,1
DA:84,1
DA:85,1
DA:86,7
DA:88,7
DA:89,1
DA:90,1
DA:91,1
DA:92,1
DA:93,1
DA:94,0
DA:95,0
DA:96,0
DA:97,1
DA:98,1
DA:99,1
DA:100,1
DA:101,1
DA:102,1
DA:103,1
DA:104,1
DA:105,1
DA:106,1
DA:107,1
DA:109,1
DA:110,1
DA:112,7
DA:113,1
DA:114,1
DA:115,1
DA:117,7
DA:118,7
DA:120,7
DA:121,7
DA:122,7
DA:123,7
DA:124,7
DA:125,7
DA:126,7
DA:128,7
DA:130,7
DA:131,7
DA:133,7
DA:134,7
DA:135,7
DA:136,7
DA:138,7
DA:139,7
DA:140,7
DA:141,7
DA:142,7
DA:143,7
DA:144,7
DA:145,7
DA:146,7
DA:147,7
DA:148,7
DA:149,7
DA:150,7
DA:151,7
DA:152,7
DA:153,7
DA:154,7
DA:155,7
DA:156,7
DA:157,7
DA:158,7
DA:159,7
DA:160,7
DA:161,7
DA:162,7
DA:163,7
DA:165,7
DA:166,7
DA:167,7
DA:168,7
DA:169,7
DA:170,7
DA:171,7
DA:172,7
DA:173,7
DA:174,7
DA:175,0
DA:177,7
DA:178,7
DA:179,6
DA:180,6
DA:181,6
DA:182,6
DA:183,6
DA:184,6
DA:185,6
DA:186,6
DA:187,5
DA:188,5
DA:189,5
DA:190,5
DA:191,5
DA:192,5
DA:193,5
DA:194,5
DA:195,5
DA:196,5
DA:197,5
DA:199,5
DA:200,5
DA:201,5
DA:202,5
DA:203,5
DA:204,5
DA:205,5
DA:206,5
DA:207,5
DA:208,5
DA:209,5
DA:210,5
DA:211,5
DA:212,5
DA:213,5
DA:214,5
DA:215,5
DA:216,5
DA:217,5
DA:218,5
DA:219,5
DA:220,5
DA:221,5
DA:222,5
DA:223,5
DA:224,5
DA:225,5
DA:226,5
DA:227,5
DA:228,5
DA:229,5
DA:230,5
DA:231,5
DA:232,5
DA:233,5
DA:234,5
DA:235,5
DA:236,5
DA:238,5
DA:239,5
DA:240,5
DA:241,5
DA:242,5
DA:244,6
DA:245,6
DA:247,6
DA:248,6
DA:249,6
DA:250,6
DA:251,6
DA:252,6
DA:253,6
DA:254,6
DA:255,6
DA:256,6
DA:257,6
DA:258,6
DA:259,6
DA:260,6
DA:261,6
DA:262,6
DA:263,6
DA:264,6
DA:265,6
DA:266,6
DA:267,6
DA:269,7
DA:270,1
DA:273,7
DA:275,7
DA:276,7
DA:278,7
DA:280,7
DA:282,1
LF:203
LH:199
BRDA:61,0,0,7
BRDA:62,1,0,0
BRDA:136,2,0,0
BRDA:174,3,0,0
BRDA:178,4,0,6
BRDA:182,5,0,5
BRDA:182,6,0,1
BRDA:186,7,0,5
BRDA:269,8,0,1
BRDA:73,9,0,1
BRDA:82,10,0,1
BRDA:88,11,0,1
BRDA:90,12,0,0
BRDA:93,13,0,0
BRDA:91,14,0,1
BRDA:112,15,0,1
BRDA:114,16,0,1
BRDA:157,17,0,7
BRDA:160,18,0,7
BRDA:205,19,0,1
BRDA:205,20,0,1
BRDA:216,21,0,1
BRDA:216,22,0,1
BRDA:227,23,0,1
BRDA:227,24,0,1
BRDA:256,25,0,6
BRF:26
BRH:21
end_of_record
TN:
SF:src\components\dashboard\StatCard.tsx
FN:13,StatCard
FNF:1
FNH:1
FNDA:8,StatCard
DA:2,1
DA:9,1
DA:10,1
DA:13,1
DA:14,8
DA:15,8
DA:16,8
DA:17,8
DA:18,8
DA:19,8
DA:20,8
DA:21,8
DA:22,8
DA:23,8
DA:24,8
DA:25,8
DA:26,8
DA:27,8
DA:29,8
DA:30,8
DA:31,8
DA:32,8
DA:33,8
DA:34,8
DA:35,8
DA:36,8
DA:37,8
DA:38,8
DA:39,8
DA:40,8
DA:41,1
DA:42,1
DA:43,1
DA:45,0
DA:47,1
DA:48,1
DA:49,1
DA:50,1
DA:51,1
DA:53,1
DA:54,1
DA:55,1
DA:57,1
DA:58,1
DA:60,8
DA:61,8
DA:62,8
DA:63,8
DA:65,8
DA:66,8
DA:67,8
DA:68,8
DA:69,8
DA:71,8
LF:54
LH:53
BRDA:13,0,0,8
BRDA:20,1,0,1
BRDA:40,2,0,7
BRDA:40,3,0,1
BRDA:43,4,0,0
BRDA:50,5,0,0
BRF:6
BRH:4
end_of_record
TN:
SF:src\components\layout\Header.tsx
FN:18,Header
FN:21,handleMenu
FN:25,handleClose
FNF:3
FNH:3
FNDA:5,Header
FNDA:1,handleMenu
FNDA:1,handleClose
DA:1,1
DA:2,1
DA:12,1
DA:13,1
DA:14,1
DA:16,1
DA:18,1
DA:19,5
DA:21,5
DA:22,1
DA:23,1
DA:25,5
DA:26,1
DA:27,1
DA:29,5
DA:30,5
DA:31,5
DA:32,5
DA:33,5
DA:34,5
DA:35,5
DA:37,5
DA:39,5
DA:40,5
DA:41,5
DA:42,5
DA:43,5
DA:45,5
DA:46,5
DA:48,5
DA:49,5
DA:50,5
DA:51,5
DA:53,5
DA:54,5
DA:55,5
DA:56,5
DA:58,5
DA:59,5
DA:60,5
DA:61,5
DA:62,5
DA:64,5
DA:65,5
DA:66,5
DA:67,5
DA:69,5
DA:70,5
DA:71,5
DA:72,5
DA:73,5
DA:74,5
DA:75,5
DA:76,5
DA:77,5
DA:78,5
DA:79,5
DA:80,5
DA:81,5
DA:82,5
DA:84,5
DA:85,5
DA:86,5
DA:87,5
DA:88,5
DA:89,5
DA:90,5
DA:92,5
LF:68
LH:68
BRDA:18,0,0,5
BRDA:21,1,0,1
BRDA:25,2,0,1
BRF:3
BRH:3
end_of_record
TN:
SF:src\components\layout\Layout.tsx
FN:9,Layout
FNF:1
FNH:1
FNDA:2,Layout
DA:2,1
DA:3,1
DA:4,1
DA:7,1
DA:9,1
DA:10,2
DA:11,2
DA:12,2
DA:13,2
DA:14,2
DA:15,2
DA:16,2
DA:17,2
DA:18,2
DA:19,2
DA:20,2
DA:21,2
DA:23,2
DA:24,2
DA:25,2
DA:26,2
DA:28,2
LF:22
LH:22
BRDA:9,0,0,2
BRF:1
BRH:1
end_of_record
TN:
SF:src\components\layout\Sidebar.tsx
FN:37,Sidebar
FN:64,onClick
FNF:2
FNH:2
FNDA:3,Sidebar
FNDA:1,onClick
DA:2,1
DA:14,1
DA:15,1
DA:16,1
DA:17,1
DA:18,1
DA:19,1
DA:20,1
DA:21,1
DA:24,1
DA:26,1
DA:27,1
DA:28,1
DA:29,1
DA:30,1
DA:31,1
DA:32,1
DA:33,1
DA:34,1
DA:35,1
DA:37,1
DA:38,3
DA:39,3
DA:40,3
DA:41,3
DA:42,3
DA:43,3
DA:44,3
DA:45,3
DA:46,3
DA:47,3
DA:48,3
DA:50,3
DA:51,3
DA:52,3
DA:53,3
DA:55,3
DA:56,3
DA:57,3
DA:58,3
DA:59,3
DA:60,3
DA:61,24
DA:62,24
DA:63,24
DA:64,24
DA:65,24
DA:66,24
DA:67,24
DA:68,24
DA:69,24
DA:70,24
DA:71,24
DA:72,24
DA:74,24
DA:75,24
DA:76,24
DA:77,24
DA:79,24
DA:80,24
DA:81,24
DA:82,24
DA:83,24
DA:84,24
DA:85,24
DA:86,24
DA:87,24
DA:88,24
DA:89,24
DA:90,24
DA:91,3
DA:92,3
DA:93,3
DA:95,3
LF:74
LH:74
BRDA:37,0,0,3
BRDA:60,1,0,24
BRDA:76,2,0,3
BRDA:76,3,0,21
BRDA:85,4,0,3
BRDA:85,5,0,21
BRDA:64,6,0,1
BRF:7
BRH:7
end_of_record
TN:
SF:src\graphql\mutations.ts
FNF:0
FNH:0
DA:1,1
DA:12,1
DA:25,1
DA:33,1
DA:41,1
DA:43,1
DA:56,1
DA:67,1
DA:75,1
DA:83,1
DA:93,1
LF:11
LH:11
BRF:0
BRH:0
end_of_record
TN:
SF:src\graphql\queries.ts
FNF:0
FNH:0
DA:1,1
DA:3,1
DA:16,1
DA:27,1
DA:37,1
DA:49,1
LF:6
LH:6
BRF:0
BRH:0
end_of_record
TN:
SF:src\pages\Dashboard.tsx
FN:20,useTotals
FN:72,format
FN:88,Dashboard
FNF:3
FNH:3
FNDA:2,useTotals
FNDA:8,format
FNDA:2,Dashboard
DA:2,1
DA:10,1
DA:11,1
DA:12,1
DA:13,1
DA:14,1
DA:16,1
DA:17,1
DA:20,1
DA:21,2
DA:22,2
DA:23,2
DA:24,2
DA:25,2
DA:26,2
DA:27,2
DA:28,2
DA:29,2
DA:31,1
DA:32,1
DA:33,1
DA:34,1
DA:35,1
DA:36,1
DA:37,1
DA:38,1
DA:39,1
DA:40,1
DA:41,1
DA:42,1
DA:43,1
DA:44,1
DA:45,1
DA:46,1
DA:47,1
DA:48,1
DA:49,1
DA:50,1
DA:51,1
DA:52,1
DA:53,1
DA:54,1
DA:55,1
DA:56,1
DA:57,1
DA:58,1
DA:59,1
DA:60,1
DA:61,1
DA:62,1
DA:63,1
DA:64,1
DA:66,1
DA:67,1
DA:68,1
DA:69,1
DA:70,1
DA:71,1
DA:72,1
DA:73,8
DA:74,8
DA:75,8
DA:76,8
DA:77,8
DA:78,8
DA:79,8
DA:81,8
DA:82,1
DA:83,1
DA:84,1
DA:85,1
DA:88,1
DA:89,2
DA:91,2
DA:92,2
DA:93,2
DA:94,2
DA:95,2
DA:96,2
DA:97,2
DA:98,2
DA:99,2
DA:100,2
DA:101,2
DA:102,2
DA:103,2
DA:104,2
DA:105,2
DA:106,2
DA:107,2
DA:108,2
DA:109,2
DA:110,2
DA:112,2
DA:113,2
DA:114,2
DA:115,2
DA:116,2
DA:117,2
DA:118,2
DA:119,2
DA:120,2
DA:122,2
DA:123,2
DA:124,2
DA:127,2
DA:128,2
DA:129,2
DA:130,2
DA:131,2
DA:132,2
DA:133,2
DA:134,2
DA:135,2
DA:136,2
DA:138,2
DA:139,6
DA:140,2
DA:141,2
DA:144,2
DA:145,2
DA:146,2
DA:147,2
DA:148,2
DA:149,2
DA:150,2
DA:151,2
DA:152,2
DA:155,2
DA:156,2
DA:157,2
DA:158,2
DA:159,2
DA:160,2
DA:161,2
DA:164,2
DA:165,2
DA:166,2
DA:167,2
DA:169,2
DA:171,2
DA:172,2
DA:173,2
DA:174,2
DA:176,2
DA:177,2
DA:179,2
DA:180,2
DA:181,2
DA:182,2
DA:183,2
DA:184,2
DA:185,2
DA:186,2
DA:187,2
DA:189,2
DA:190,2
DA:191,2
DA:193,2
DA:194,2
DA:196,2
DA:197,2
DA:198,2
DA:199,2
DA:200,2
DA:201,2
DA:202,2
DA:203,2
DA:204,2
DA:206,2
DA:207,2
DA:208,2
DA:210,2
DA:211,2
DA:213,2
DA:214,2
DA:215,2
DA:216,2
DA:217,2
DA:218,2
DA:219,2
DA:220,2
DA:221,2
DA:223,2
DA:224,2
DA:226,2
DA:227,2
DA:228,2
DA:229,2
DA:231,2
DA:232,2
DA:233,2
DA:234,2
DA:235,2
DA:236,2
DA:237,2
DA:238,2
DA:239,2
DA:241,2
LF:199
LH:199
BRDA:20,0,0,2
BRDA:24,1,0,0
BRDA:25,2,0,0
BRDA:26,3,0,0
BRDA:72,4,0,8
BRDA:77,5,0,6
BRDA:77,6,0,2
BRDA:88,7,0,2
BRDA:138,8,0,6
BRF:9
BRH:6
end_of_record
TN:
SF:src\pages\Expenses.tsx
FN:36,Expenses
FN:67,handleExpandRow
FN:75,getDisplayedExpenses
FN:80,getTotalExpenses
FN:85,onCardChange
FN:102,handleDeleteExpense
FN:108,handleAddExpense
FN:129,handleSelect
FN:135,handleSelectAll
FN:148,handleDeleteSelected
FN:184,onRefresh
FN:204,onSave
FNF:12
FNH:3
FNDA:2,Expenses
FNDA:0,handleExpandRow
FNDA:10,getDisplayedExpenses
FNDA:4,getTotalExpenses
FNDA:0,onCardChange
FNDA:0,handleDeleteExpense
FNDA:0,handleAddExpense
FNDA:0,handleSelect
FNDA:0,handleSelectAll
FNDA:0,handleDeleteSelected
FNDA:0,onRefresh
FNDA:0,onSave
DA:1,1
DA:2,1
DA:3,1
DA:4,1
DA:22,1
DA:23,1
DA:24,1
DA:26,1
DA:27,1
DA:28,1
DA:36,1
DA:37,2
DA:38,2
DA:39,2
DA:40,2
DA:41,2
DA:42,2
DA:43,2
DA:46,2
DA:47,2
DA:48,2
DA:49,2
DA:50,2
DA:51,2
DA:53,2
DA:55,2
DA:56,2
DA:59,2
DA:60,1
DA:61,1
DA:62,1
DA:63,2
DA:66,2
DA:67,2
DA:68,0
DA:69,0
DA:70,2
DA:71,1
DA:72,2
DA:75,2
DA:76,10
DA:77,10
DA:80,2
DA:81,4
DA:82,4
DA:85,2
DA:87,0
DA:89,0
DA:90,0
DA:92,0
DA:93,0
DA:94,0
DA:95,0
DA:97,0
DA:98,0
DA:99,0
DA:102,2
DA:103,0
DA:104,0
DA:105,0
DA:108,2
DA:109,0
DA:111,0
DA:112,0
DA:113,0
DA:114,0
DA:115,0
DA:116,0
DA:117,0
DA:119,0
DA:121,0
DA:123,0
DA:124,0
DA:125,0
DA:126,0
DA:127,0
DA:129,2
DA:130,0
DA:131,0
DA:132,0
DA:133,0
DA:135,2
DA:136,0
DA:137,0
DA:138,0
DA:139,0
DA:140,0
DA:141,0
DA:142,0
DA:143,0
DA:144,0
DA:145,0
DA:146,0
DA:148,2
DA:150,0
DA:151,0
DA:154,0
DA:156,0
DA:158,0
DA:159,0
DA:162,2
DA:163,2
DA:164,2
DA:165,2
DA:166,2
DA:167,1
DA:168,1
DA:169,2
DA:171,2
DA:172,2
DA:173,2
DA:175,2
DA:176,2
DA:177,2
DA:178,2
DA:179,2
DA:180,2
DA:181,2
DA:182,2
DA:183,2
DA:184,2
DA:185,2
DA:186,2
DA:188,2
DA:189,2
DA:190,2
DA:191,2
DA:192,2
DA:193,2
DA:194,2
DA:195,2
DA:196,2
DA:197,2
DA:198,2
DA:199,0
DA:200,0
DA:201,0
DA:202,0
DA:203,0
DA:204,0
DA:205,0
DA:206,0
DA:207,0
DA:208,0
DA:209,0
DA:210,0
DA:212,2
DA:214,2
DA:215,0
DA:216,0
DA:217,0
DA:218,0
DA:219,0
DA:220,0
DA:221,0
DA:222,0
DA:223,0
DA:224,0
DA:225,0
DA:226,0
DA:227,0
DA:230,2
DA:231,2
DA:232,2
DA:233,2
DA:234,2
DA:235,2
DA:236,2
DA:237,0
DA:238,0
DA:239,0
DA:240,0
DA:241,0
DA:242,2
DA:243,2
DA:244,2
DA:245,2
DA:246,2
DA:247,2
DA:248,2
DA:249,2
DA:250,2
DA:251,2
DA:252,2
DA:253,2
DA:254,0
DA:255,0
DA:256,0
DA:257,0
DA:258,0
DA:259,0
DA:260,0
DA:261,0
DA:262,0
DA:263,0
DA:264,0
DA:265,0
DA:266,2
DA:268,2
DA:269,2
DA:270,2
DA:271,2
DA:272,2
DA:273,2
DA:274,2
DA:275,2
DA:277,2
DA:278,2
DA:279,2
DA:280,0
DA:281,0
DA:282,0
DA:283,0
DA:284,0
DA:285,0
DA:286,0
DA:288,0
DA:289,0
DA:291,2
DA:292,2
DA:293,2
DA:294,2
DA:295,2
DA:297,2
DA:299,1
LF:225
LH:123
BRDA:36,0,0,2
BRDA:48,1,0,0
BRDA:162,2,0,0
BRDA:190,3,0,0
BRDA:198,4,0,0
BRDA:214,5,0,0
BRDA:236,6,0,0
BRDA:236,7,0,0
BRDA:236,8,0,0
BRDA:270,9,0,0
BRDA:272,10,0,0
BRDA:279,11,0,0
BRDA:59,12,0,1
BRDA:70,13,0,1
BRDA:71,14,0,0
BRDA:75,15,0,10
BRDA:76,16,0,0
BRDA:80,17,0,4
BRDA:166,18,0,1
BRDA:167,19,0,0
BRDA:168,20,0,0
BRF:21
BRH:6
end_of_record
TN:
SF:src\pages\Incomes.tsx
FN:36,Incomes
FN:64,onCardChange
FN:77,handleSelect
FN:87,handleSelectAll
FN:96,handleAddIncome
FN:116,handleDeleteIncome
FN:121,handleDeleteSelected
FN:127,getTotalIncomes
FN:131,getDisplayedIncomes
FN:151,onRefresh
FN:171,onSave
FNF:11
FNH:3
FNDA:1,Incomes
FNDA:0,onCardChange
FNDA:0,handleSelect
FNDA:0,handleSelectAll
FNDA:0,handleAddIncome
FNDA:0,handleDeleteIncome
FNDA:0,handleDeleteSelected
FNDA:2,getTotalIncomes
FNDA:3,getDisplayedIncomes
FNDA:0,onRefresh
FNDA:0,onSave
DA:1,1
DA:2,1
DA:21,1
DA:22,1
DA:23,1
DA:24,1
DA:25,1
DA:28,1
DA:29,1
DA:30,1
DA:36,1
DA:37,1
DA:38,1
DA:39,1
DA:40,1
DA:41,1
DA:42,1
DA:43,1
DA:44,1
DA:45,1
DA:46,1
DA:48,1
DA:49,1
DA:50,1
DA:51,1
DA:52,1
DA:53,1
DA:54,1
DA:55,1
DA:57,1
DA:59,1
DA:60,1
DA:61,1
DA:62,1
DA:64,1
DA:65,0
DA:67,0
DA:68,0
DA:69,0
DA:70,0
DA:71,0
DA:73,0
DA:74,0
DA:75,0
DA:77,1
DA:78,0
DA:79,0
DA:80,0
DA:81,0
DA:82,0
DA:83,0
DA:84,0
DA:85,0
DA:87,1
DA:88,0
DA:89,0
DA:90,0
DA:91,0
DA:92,0
DA:93,0
DA:94,0
DA:96,1
DA:97,0
DA:98,0
DA:99,0
DA:100,0
DA:101,0
DA:102,0
DA:103,0
DA:104,0
DA:105,0
DA:106,0
DA:107,0
DA:108,0
DA:109,0
DA:110,0
DA:111,0
DA:112,0
DA:113,0
DA:114,0
DA:116,1
DA:117,0
DA:118,0
DA:119,0
DA:121,1
DA:122,0
DA:123,0
DA:124,0
DA:125,0
DA:127,1
DA:128,2
DA:129,2
DA:131,1
DA:132,3
DA:133,0
DA:134,0
DA:135,3
DA:136,3
DA:138,1
DA:139,1
DA:140,1
DA:142,1
DA:143,1
DA:144,1
DA:145,1
DA:146,1
DA:147,1
DA:148,1
DA:149,1
DA:150,1
DA:151,1
DA:152,1
DA:153,1
DA:155,1
DA:156,1
DA:157,1
DA:158,1
DA:159,1
DA:160,1
DA:161,1
DA:162,1
DA:163,1
DA:164,1
DA:165,1
DA:166,0
DA:167,0
DA:168,0
DA:169,0
DA:170,0
DA:171,0
DA:172,0
DA:173,0
DA:174,0
DA:175,0
DA:176,0
DA:177,0
DA:179,1
DA:180,1
DA:181,0
DA:182,0
DA:183,0
DA:184,0
DA:185,0
DA:186,0
DA:187,0
DA:188,0
DA:189,0
DA:190,0
DA:191,0
DA:192,0
DA:193,0
DA:196,1
DA:197,1
DA:198,1
DA:199,1
DA:200,1
DA:201,1
DA:202,1
DA:203,0
DA:204,0
DA:205,0
DA:206,0
DA:207,0
DA:208,1
DA:209,1
DA:210,1
DA:211,1
DA:212,1
DA:213,1
DA:214,1
DA:215,1
DA:216,1
DA:217,1
DA:218,1
DA:219,1
DA:220,0
DA:221,0
DA:222,0
DA:223,0
DA:224,0
DA:225,0
DA:226,0
DA:227,0
DA:228,0
DA:229,0
DA:230,0
DA:231,0
DA:232,0
DA:233,0
DA:234,0
DA:235,0
DA:236,0
DA:237,0
DA:238,1
DA:240,1
DA:241,1
DA:242,1
DA:243,1
DA:244,1
DA:245,1
DA:246,1
DA:247,1
DA:249,1
DA:250,1
DA:251,1
DA:252,0
DA:253,0
DA:254,0
DA:255,0
DA:256,0
DA:257,0
DA:258,0
DA:260,0
DA:261,0
DA:263,1
DA:264,1
DA:265,1
DA:266,1
DA:267,1
DA:269,1
DA:271,1
LF:221
LH:113
BRDA:36,0,0,1
BRDA:40,1,0,0
BRDA:57,2,0,0
BRDA:157,3,0,0
BRDA:165,4,0,0
BRDA:180,5,0,0
BRDA:202,6,0,0
BRDA:202,7,0,0
BRDA:202,8,0,0
BRDA:242,9,0,0
BRDA:244,10,0,0
BRDA:251,11,0,0
BRDA:59,12,0,1
BRDA:60,13,0,0
BRDA:61,14,0,0
BRDA:127,15,0,2
BRDA:128,16,0,0
BRDA:131,17,0,3
BRDA:135,18,0,0
BRF:19
BRH:4
end_of_record
TN:
SF:src\test\__mocks__\mui-icon-stub.tsx
FN:3,MuiIconStub
FNF:1
FNH:1
FNDA:68,MuiIconStub
DA:3,1
DA:4,68
DA:7,1
LF:3
LH:3
BRDA:3,0,0,68
BRF:1
BRH:1
end_of_record
TN:
SF:src\theme\theme.ts
FNF:0
FNH:0
DA:1,1
DA:3,1
DA:4,1
DA:5,1
DA:6,1
DA:7,1
DA:8,1
DA:9,1
DA:10,1
DA:11,1
DA:12,1
DA:13,1
DA:14,1
DA:15,1
DA:16,1
DA:17,1
DA:18,1
DA:19,1
DA:20,1
DA:21,1
DA:22,1
DA:23,1
DA:24,1
DA:25,1
DA:26,1
DA:27,1
DA:28,1
DA:29,1
DA:30,1
DA:31,1
DA:32,1
DA:33,1
DA:34,1
DA:35,1
DA:36,1
DA:37,1
DA:38,1
DA:39,1
DA:40,1
DA:41,1
DA:42,1
DA:43,1
DA:44,1
DA:45,1
DA:46,1
DA:47,1
DA:48,1
DA:49,1
DA:50,1
DA:51,1
DA:52,1
DA:53,1
DA:54,1
DA:55,1
DA:56,1
DA:57,1
DA:58,1
DA:59,1
DA:60,1
DA:61,1
DA:62,1
DA:63,1
DA:64,1
DA:65,1
DA:66,1
DA:67,1
DA:68,1
DA:69,1
DA:70,1
DA:71,1
DA:72,1
DA:73,1
DA:74,1
DA:75,1
DA:76,1
DA:77,1
LF:76
LH:76
BRF:0
BRH:0
end_of_record
TN:
SF:src\types\graphql.ts
FN:1,(empty-report)
FNF:1
FNH:1
FNDA:1,(empty-report)
LF:0
LH:0
BRDA:1,0,0,1
BRF:1
BRH:1
end_of_record
TN:
SF:src\types\index.ts
FN:146,formatDateYYYYMMDDLocal
FNF:1
FNH:1
FNDA:2,formatDateYYYYMMDDLocal
DA:146,1
DA:147,2
DA:148,0
DA:149,0
DA:150,0
DA:151,0
DA:152,0
DA:153,0
LF:8
LH:2
BRDA:146,0,0,2
BRDA:147,1,0,0
BRF:2
BRH:1
end_of_record
