{
  "F:/family_app/src/theme/theme.ts": {
    "path": "F:/family_app/src/theme/theme.ts",
    "statementMap": {
      "0": {
        "start": {
          "line": 2,
          "column": 21
        },
        "end": {
          "line": 76,
          "column": 2
        }
      }
    },
    "fnMap": {},
    "branchMap": {},
    "s": {
      "0": 6
    },
    "f": {},
    "b": {},
    "inputSourceMap": {
      "version": 3,
      "sources": [
        "F:/family_app/src/theme/theme.ts"
      ],
      "mappings": "AAAA,SAAS,mBAAmB;AAErB,aAAM,QAAQ,YAAY;AAAA,EAC/B,SAAS;AAAA,IACP,MAAM;AAAA,IACN,SAAS;AAAA,MACP,MAAM;AAAA,MACN,OAAO;AAAA,MACP,MAAM;AAAA,IACR;AAAA,IACA,WAAW;AAAA,MACT,MAAM;AAAA,IACR;AAAA,IACA,YAAY;AAAA,MACV,SAAS;AAAA,MACT,OAAO;AAAA,IACT;AAAA,IACA,MAAM;AAAA,MACJ,SAAS;AAAA,MACT,WAAW;AAAA,IACb;AAAA,EACF;AAAA,EACA,YAAY;AAAA,IACV,YAAY;AAAA,IACZ,IAAI;AAAA,MACF,UAAU;AAAA,MACV,YAAY;AAAA,IACd;AAAA,IACA,IAAI;AAAA,MACF,UAAU;AAAA,MACV,YAAY;AAAA,IACd;AAAA,IACA,IAAI;AAAA,MACF,UAAU;AAAA,MACV,YAAY;AAAA,IACd;AAAA,IACA,IAAI;AAAA,MACF,UAAU;AAAA,MACV,YAAY;AAAA,IACd;AAAA,IACA,IAAI;AAAA,MACF,UAAU;AAAA,MACV,YAAY;AAAA,IACd;AAAA,IACA,IAAI;AAAA,MACF,UAAU;AAAA,MACV,YAAY;AAAA,IACd;AAAA,EACF;AAAA,EACA,YAAY;AAAA,IACV,SAAS;AAAA,MACP,gBAAgB;AAAA,QACd,MAAM;AAAA,UACJ,WAAW;AAAA,UACX,cAAc;AAAA,QAChB;AAAA,MACF;AAAA,IACF;AAAA,IACA,WAAW;AAAA,MACT,gBAAgB;AAAA,QACd,OAAO;AAAA,UACL,iBAAiB;AAAA,UACjB,aAAa;AAAA,QACf;AAAA,MACF;AAAA,IACF;AAAA,IACA,WAAW;AAAA,MACT,gBAAgB;AAAA,QACd,MAAM;AAAA,UACJ,iBAAiB;AAAA,UACjB,OAAO;AAAA,UACP,WAAW;AAAA,QACb;AAAA,MACF;AAAA,IACF;AAAA,EACF;AACF,CAAC;",
      "names": []
    },
    "_coverageSchema": "1a1c01bbd47fc00a2c39e90264f33305004495a9",
    "hash": "6805637c3a7bd4bb8357bb47450e1464d12ab7e5"
  },
  "F:/family_app/src/components/layout/Header.tsx": {
    "path": "F:/family_app/src/components/layout/Header.tsx",
    "statementMap": {
      "0": {
        "start": {
          "line": 3,
          "column": 20
        },
        "end": {
          "line": 3,
          "column": 97
        }
      },
      "1": {
        "start": {
          "line": 6,
          "column": 0
        },
        "end": {
          "line": 16,
          "column": 1
        }
      },
      "2": {
        "start": {
          "line": 7,
          "column": 2
        },
        "end": {
          "line": 11,
          "column": 3
        }
      },
      "3": {
        "start": {
          "line": 8,
          "column": 4
        },
        "end": {
          "line": 10,
          "column": 6
        }
      },
      "4": {
        "start": {
          "line": 12,
          "column": 2
        },
        "end": {
          "line": 12,
          "column": 39
        }
      },
      "5": {
        "start": {
          "line": 13,
          "column": 2
        },
        "end": {
          "line": 13,
          "column": 39
        }
      },
      "6": {
        "start": {
          "line": 14,
          "column": 2
        },
        "end": {
          "line": 14,
          "column": 103
        }
      },
      "7": {
        "start": {
          "line": 15,
          "column": 2
        },
        "end": {
          "line": 15,
          "column": 75
        }
      },
      "8": {
        "start": {
          "line": 17,
          "column": 9
        },
        "end": {
          "line": 17,
          "column": 23
        }
      },
      "9": {
        "start": {
          "line": 34,
          "column": 20
        },
        "end": {
          "line": 34,
          "column": 23
        }
      },
      "10": {
        "start": {
          "line": 35,
          "column": 22
        },
        "end": {
          "line": 187,
          "column": 1
        }
      },
      "11": {
        "start": {
          "line": 36,
          "column": 2
        },
        "end": {
          "line": 36,
          "column": 7
        }
      },
      "12": {
        "start": {
          "line": 37,
          "column": 34
        },
        "end": {
          "line": 37,
          "column": 54
        }
      },
      "13": {
        "start": {
          "line": 38,
          "column": 21
        },
        "end": {
          "line": 40,
          "column": 3
        }
      },
      "14": {
        "start": {
          "line": 39,
          "column": 4
        },
        "end": {
          "line": 39,
          "column": 37
        }
      },
      "15": {
        "start": {
          "line": 41,
          "column": 22
        },
        "end": {
          "line": 43,
          "column": 3
        }
      },
      "16": {
        "start": {
          "line": 42,
          "column": 4
        },
        "end": {
          "line": 42,
          "column": 22
        }
      },
      "17": {
        "start": {
          "line": 44,
          "column": 2
        },
        "end": {
          "line": 186,
          "column": 4
        }
      },
      "18": {
        "start": {
          "line": 188,
          "column": 0
        },
        "end": {
          "line": 188,
          "column": 43
        }
      },
      "19": {
        "start": {
          "line": 189,
          "column": 0
        },
        "end": {
          "line": 189,
          "column": 12
        }
      },
      "20": {
        "start": {
          "line": 191,
          "column": 0
        },
        "end": {
          "line": 191,
          "column": 27
        }
      },
      "21": {
        "start": {
          "line": 192,
          "column": 0
        },
        "end": {
          "line": 195,
          "column": 1
        }
      },
      "22": {
        "start": {
          "line": 193,
          "column": 2
        },
        "end": {
          "line": 193,
          "column": 39
        }
      },
      "23": {
        "start": {
          "line": 194,
          "column": 2
        },
        "end": {
          "line": 194,
          "column": 39
        }
      },
      "24": {
        "start": {
          "line": 196,
          "column": 0
        },
        "end": {
          "line": 205,
          "column": 1
        }
      },
      "25": {
        "start": {
          "line": 197,
          "column": 2
        },
        "end": {
          "line": 204,
          "column": 5
        }
      },
      "26": {
        "start": {
          "line": 198,
          "column": 4
        },
        "end": {
          "line": 198,
          "column": 116
        }
      },
      "27": {
        "start": {
          "line": 199,
          "column": 4
        },
        "end": {
          "line": 203,
          "column": 7
        }
      },
      "28": {
        "start": {
          "line": 200,
          "column": 6
        },
        "end": {
          "line": 200,
          "column": 31
        }
      },
      "29": {
        "start": {
          "line": 200,
          "column": 24
        },
        "end": {
          "line": 200,
          "column": 31
        }
      },
      "30": {
        "start": {
          "line": 201,
          "column": 32
        },
        "end": {
          "line": 201,
          "column": 165
        }
      },
      "31": {
        "start": {
          "line": 202,
          "column": 6
        },
        "end": {
          "line": 202,
          "column": 75
        }
      },
      "32": {
        "start": {
          "line": 202,
          "column": 29
        },
        "end": {
          "line": 202,
          "column": 75
        }
      },
      "33": {
        "start": {
          "line": 32,
          "column": 20
        },
        "end": {
          "line": 32,
          "column": 23
        }
      },
      "34": {
        "start": {
          "line": 33,
          "column": 22
        },
        "end": {
          "line": 185,
          "column": 1
        }
      },
      "35": {
        "start": {
          "line": 34,
          "column": 2
        },
        "end": {
          "line": 34,
          "column": 7
        }
      },
      "36": {
        "start": {
          "line": 35,
          "column": 34
        },
        "end": {
          "line": 35,
          "column": 54
        }
      },
      "37": {
        "start": {
          "line": 36,
          "column": 21
        },
        "end": {
          "line": 38,
          "column": 3
        }
      },
      "38": {
        "start": {
          "line": 37,
          "column": 4
        },
        "end": {
          "line": 37,
          "column": 37
        }
      },
      "39": {
        "start": {
          "line": 39,
          "column": 22
        },
        "end": {
          "line": 41,
          "column": 3
        }
      },
      "40": {
        "start": {
          "line": 40,
          "column": 4
        },
        "end": {
          "line": 40,
          "column": 22
        }
      },
      "41": {
        "start": {
          "line": 42,
          "column": 2
        },
        "end": {
          "line": 184,
          "column": 4
        }
      },
      "42": {
        "start": {
          "line": 186,
          "column": 0
        },
        "end": {
          "line": 186,
          "column": 43
        }
      },
      "43": {
        "start": {
          "line": 187,
          "column": 0
        },
        "end": {
          "line": 187,
          "column": 12
        }
      },
      "44": {
        "start": {
          "line": 189,
          "column": 0
        },
        "end": {
          "line": 189,
          "column": 27
        }
      },
      "45": {
        "start": {
          "line": 190,
          "column": 0
        },
        "end": {
          "line": 193,
          "column": 1
        }
      },
      "46": {
        "start": {
          "line": 191,
          "column": 2
        },
        "end": {
          "line": 191,
          "column": 39
        }
      },
      "47": {
        "start": {
          "line": 192,
          "column": 2
        },
        "end": {
          "line": 192,
          "column": 39
        }
      },
      "48": {
        "start": {
          "line": 194,
          "column": 0
        },
        "end": {
          "line": 203,
          "column": 1
        }
      },
      "49": {
        "start": {
          "line": 195,
          "column": 2
        },
        "end": {
          "line": 202,
          "column": 5
        }
      },
      "50": {
        "start": {
          "line": 196,
          "column": 4
        },
        "end": {
          "line": 196,
          "column": 116
        }
      },
      "51": {
        "start": {
          "line": 197,
          "column": 4
        },
        "end": {
          "line": 201,
          "column": 7
        }
      },
      "52": {
        "start": {
          "line": 198,
          "column": 6
        },
        "end": {
          "line": 198,
          "column": 31
        }
      },
      "53": {
        "start": {
          "line": 198,
          "column": 24
        },
        "end": {
          "line": 198,
          "column": 31
        }
      },
      "54": {
        "start": {
          "line": 199,
          "column": 32
        },
        "end": {
          "line": 199,
          "column": 165
        }
      },
      "55": {
        "start": {
          "line": 200,
          "column": 6
        },
        "end": {
          "line": 200,
          "column": 75
        }
      },
      "56": {
        "start": {
          "line": 200,
          "column": 29
        },
        "end": {
          "line": 200,
          "column": 75
        }
      }
    },
    "fnMap": {
      "0": {
        "name": "(anonymous_0)",
        "decl": {
          "start": {
            "line": 35,
            "column": 22
          },
          "end": {
            "line": 35,
            "column": 23
          }
        },
        "loc": {
          "start": {
            "line": 35,
            "column": 28
          },
          "end": {
            "line": 187,
            "column": 1
          }
        },
        "line": 35
      },
      "1": {
        "name": "(anonymous_1)",
        "decl": {
          "start": {
            "line": 38,
            "column": 21
          },
          "end": {
            "line": 38,
            "column": 22
          }
        },
        "loc": {
          "start": {
            "line": 38,
            "column": 32
          },
          "end": {
            "line": 40,
            "column": 3
          }
        },
        "line": 38
      },
      "2": {
        "name": "(anonymous_2)",
        "decl": {
          "start": {
            "line": 41,
            "column": 22
          },
          "end": {
            "line": 41,
            "column": 23
          }
        },
        "loc": {
          "start": {
            "line": 41,
            "column": 28
          },
          "end": {
            "line": 43,
            "column": 3
          }
        },
        "line": 41
      },
      "3": {
        "name": "(anonymous_3)",
        "decl": {
          "start": {
            "line": 197,
            "column": 52
          },
          "end": {
            "line": 197,
            "column": 53
          }
        },
        "loc": {
          "start": {
            "line": 197,
            "column": 72
          },
          "end": {
            "line": 204,
            "column": 3
          }
        },
        "line": 197
      },
      "4": {
        "name": "(anonymous_4)",
        "decl": {
          "start": {
            "line": 199,
            "column": 27
          },
          "end": {
            "line": 199,
            "column": 28
          }
        },
        "loc": {
          "start": {
            "line": 199,
            "column": 44
          },
          "end": {
            "line": 203,
            "column": 5
          }
        },
        "line": 199
      },
      "5": {
        "name": "(anonymous_0)",
        "decl": {
          "start": {
            "line": 33,
            "column": 22
          },
          "end": {
            "line": 33,
            "column": 23
          }
        },
        "loc": {
          "start": {
            "line": 33,
            "column": 28
          },
          "end": {
            "line": 185,
            "column": 1
          }
        },
        "line": 33
      },
      "6": {
        "name": "(anonymous_1)",
        "decl": {
          "start": {
            "line": 36,
            "column": 21
          },
          "end": {
            "line": 36,
            "column": 22
          }
        },
        "loc": {
          "start": {
            "line": 36,
            "column": 32
          },
          "end": {
            "line": 38,
            "column": 3
          }
        },
        "line": 36
      },
      "7": {
        "name": "(anonymous_2)",
        "decl": {
          "start": {
            "line": 39,
            "column": 22
          },
          "end": {
            "line": 39,
            "column": 23
          }
        },
        "loc": {
          "start": {
            "line": 39,
            "column": 28
          },
          "end": {
            "line": 41,
            "column": 3
          }
        },
        "line": 39
      },
      "8": {
        "name": "(anonymous_3)",
        "decl": {
          "start": {
            "line": 195,
            "column": 52
          },
          "end": {
            "line": 195,
            "column": 53
          }
        },
        "loc": {
          "start": {
            "line": 195,
            "column": 72
          },
          "end": {
            "line": 202,
            "column": 3
          }
        },
        "line": 195
      },
      "9": {
        "name": "(anonymous_4)",
        "decl": {
          "start": {
            "line": 197,
            "column": 27
          },
          "end": {
            "line": 197,
            "column": 28
          }
        },
        "loc": {
          "start": {
            "line": 197,
            "column": 44
          },
          "end": {
            "line": 201,
            "column": 5
          }
        },
        "line": 197
      }
    },
    "branchMap": {
      "0": {
        "loc": {
          "start": {
            "line": 3,
            "column": 20
          },
          "end": {
            "line": 3,
            "column": 97
          }
        },
        "type": "binary-expr",
        "locations": [
          {
            "start": {
              "line": 3,
              "column": 20
            },
            "end": {
              "line": 3,
              "column": 60
            }
          },
          {
            "start": {
              "line": 3,
              "column": 64
            },
            "end": {
              "line": 3,
              "column": 97
            }
          }
        ],
        "line": 3
      },
      "1": {
        "loc": {
          "start": {
            "line": 6,
            "column": 0
          },
          "end": {
            "line": 16,
            "column": 1
          }
        },
        "type": "if",
        "locations": [
          {
            "start": {
              "line": 6,
              "column": 0
            },
            "end": {
              "line": 16,
              "column": 1
            }
          },
          {
            "start": {},
            "end": {}
          }
        ],
        "line": 6
      },
      "2": {
        "loc": {
          "start": {
            "line": 6,
            "column": 4
          },
          "end": {
            "line": 6,
            "column": 35
          }
        },
        "type": "binary-expr",
        "locations": [
          {
            "start": {
              "line": 6,
              "column": 4
            },
            "end": {
              "line": 6,
              "column": 19
            }
          },
          {
            "start": {
              "line": 6,
              "column": 23
            },
            "end": {
              "line": 6,
              "column": 35
            }
          }
        ],
        "line": 6
      },
      "3": {
        "loc": {
          "start": {
            "line": 7,
            "column": 2
          },
          "end": {
            "line": 11,
            "column": 3
          }
        },
        "type": "if",
        "locations": [
          {
            "start": {
              "line": 7,
              "column": 2
            },
            "end": {
              "line": 11,
              "column": 3
            }
          },
          {
            "start": {},
            "end": {}
          }
        ],
        "line": 7
      },
      "4": {
        "loc": {
          "start": {
            "line": 192,
            "column": 0
          },
          "end": {
            "line": 195,
            "column": 1
          }
        },
        "type": "if",
        "locations": [
          {
            "start": {
              "line": 192,
              "column": 0
            },
            "end": {
              "line": 195,
              "column": 1
            }
          },
          {
            "start": {},
            "end": {}
          }
        ],
        "line": 192
      },
      "5": {
        "loc": {
          "start": {
            "line": 192,
            "column": 4
          },
          "end": {
            "line": 192,
            "column": 35
          }
        },
        "type": "binary-expr",
        "locations": [
          {
            "start": {
              "line": 192,
              "column": 4
            },
            "end": {
              "line": 192,
              "column": 19
            }
          },
          {
            "start": {
              "line": 192,
              "column": 23
            },
            "end": {
              "line": 192,
              "column": 35
            }
          }
        ],
        "line": 192
      },
      "6": {
        "loc": {
          "start": {
            "line": 196,
            "column": 0
          },
          "end": {
            "line": 205,
            "column": 1
          }
        },
        "type": "if",
        "locations": [
          {
            "start": {
              "line": 196,
              "column": 0
            },
            "end": {
              "line": 205,
              "column": 1
            }
          },
          {
            "start": {},
            "end": {}
          }
        ],
        "line": 196
      },
      "7": {
        "loc": {
          "start": {
            "line": 196,
            "column": 4
          },
          "end": {
            "line": 196,
            "column": 35
          }
        },
        "type": "binary-expr",
        "locations": [
          {
            "start": {
              "line": 196,
              "column": 4
            },
            "end": {
              "line": 196,
              "column": 19
            }
          },
          {
            "start": {
              "line": 196,
              "column": 23
            },
            "end": {
              "line": 196,
              "column": 35
            }
          }
        ],
        "line": 196
      },
      "8": {
        "loc": {
          "start": {
            "line": 200,
            "column": 6
          },
          "end": {
            "line": 200,
            "column": 31
          }
        },
        "type": "if",
        "locations": [
          {
            "start": {
              "line": 200,
              "column": 6
            },
            "end": {
              "line": 200,
              "column": 31
            }
          },
          {
            "start": {},
            "end": {}
          }
        ],
        "line": 200
      },
      "9": {
        "loc": {
          "start": {
            "line": 202,
            "column": 6
          },
          "end": {
            "line": 202,
            "column": 75
          }
        },
        "type": "if",
        "locations": [
          {
            "start": {
              "line": 202,
              "column": 6
            },
            "end": {
              "line": 202,
              "column": 75
            }
          },
          {
            "start": {},
            "end": {}
          }
        ],
        "line": 202
      },
      "10": {
        "loc": {
          "start": {
            "line": 190,
            "column": 0
          },
          "end": {
            "line": 193,
            "column": 1
          }
        },
        "type": "if",
        "locations": [
          {
            "start": {
              "line": 190,
              "column": 0
            },
            "end": {
              "line": 193,
              "column": 1
            }
          },
          {
            "start": {},
            "end": {}
          }
        ],
        "line": 190
      },
      "11": {
        "loc": {
          "start": {
            "line": 190,
            "column": 4
          },
          "end": {
            "line": 190,
            "column": 35
          }
        },
        "type": "binary-expr",
        "locations": [
          {
            "start": {
              "line": 190,
              "column": 4
            },
            "end": {
              "line": 190,
              "column": 19
            }
          },
          {
            "start": {
              "line": 190,
              "column": 23
            },
            "end": {
              "line": 190,
              "column": 35
            }
          }
        ],
        "line": 190
      },
      "12": {
        "loc": {
          "start": {
            "line": 194,
            "column": 0
          },
          "end": {
            "line": 203,
            "column": 1
          }
        },
        "type": "if",
        "locations": [
          {
            "start": {
              "line": 194,
              "column": 0
            },
            "end": {
              "line": 203,
              "column": 1
            }
          },
          {
            "start": {},
            "end": {}
          }
        ],
        "line": 194
      },
      "13": {
        "loc": {
          "start": {
            "line": 194,
            "column": 4
          },
          "end": {
            "line": 194,
            "column": 35
          }
        },
        "type": "binary-expr",
        "locations": [
          {
            "start": {
              "line": 194,
              "column": 4
            },
            "end": {
              "line": 194,
              "column": 19
            }
          },
          {
            "start": {
              "line": 194,
              "column": 23
            },
            "end": {
              "line": 194,
              "column": 35
            }
          }
        ],
        "line": 194
      },
      "14": {
        "loc": {
          "start": {
            "line": 198,
            "column": 6
          },
          "end": {
            "line": 198,
            "column": 31
          }
        },
        "type": "if",
        "locations": [
          {
            "start": {
              "line": 198,
              "column": 6
            },
            "end": {
              "line": 198,
              "column": 31
            }
          },
          {
            "start": {},
            "end": {}
          }
        ],
        "line": 198
      },
      "15": {
        "loc": {
          "start": {
            "line": 200,
            "column": 6
          },
          "end": {
            "line": 200,
            "column": 75
          }
        },
        "type": "if",
        "locations": [
          {
            "start": {
              "line": 200,
              "column": 6
            },
            "end": {
              "line": 200,
              "column": 75
            }
          },
          {
            "start": {},
            "end": {}
          }
        ],
        "line": 200
      }
    },
    "s": {
      "0": 6,
      "1": 6,
      "2": 6,
      "3": 0,
      "4": 6,
      "5": 6,
      "6": 6,
      "7": 6,
      "8": 6,
      "9": 6,
      "10": 2,
      "11": 8,
      "12": 12,
      "13": 8,
      "14": 4,
      "15": 8,
      "16": 8,
      "17": 4,
      "18": 2,
      "19": 6,
      "20": 6,
      "21": 2,
      "22": 2,
      "23": 6,
      "24": 2,
      "25": 2,
      "26": 6,
      "27": 2,
      "28": 0,
      "29": 0,
      "30": 4,
      "31": 4,
      "32": 4,
      "33": 4,
      "34": 4,
      "35": 8,
      "36": 10,
      "37": 10,
      "38": 2,
      "39": 10,
      "40": 2,
      "41": 10,
      "42": 6,
      "43": 4,
      "44": 4,
      "45": 4,
      "46": 4,
      "47": 6,
      "48": 4,
      "49": 4,
      "50": 6,
      "51": 6,
      "52": 2,
      "53": 2,
      "54": 2,
      "55": 2,
      "56": 2
    },
    "f": {
      "0": 4,
      "1": 8,
      "2": 8,
      "3": 2,
      "4": 0,
      "5": 8,
      "6": 4,
      "7": 4,
      "8": 4,
      "9": 0
    },
    "b": {
      "0": [
        6,
        0
      ],
      "1": [
        6,
        0
      ],
      "2": [
        6,
        6
      ],
      "3": [
        0,
        6
      ],
      "4": [
        2,
        0
      ],
      "5": [
        6,
        2
      ],
      "6": [
        2,
        0
      ],
      "7": [
        6,
        2
      ],
      "8": [
        0,
        0
      ],
      "9": [
        4,
        0
      ],
      "10": [
        4,
        0
      ],
      "11": [
        4,
        4
      ],
      "12": [
        4,
        0
      ],
      "13": [
        6,
        4
      ],
      "14": [
        2,
        0
      ],
      "15": [
        2,
        0
      ]
    },
    "inputSourceMap": {
      "version": 3,
      "mappings": "AA8CY;;;;;;;;;;;;;;;;;AA9CZ,OAAOA,WAAW;AAClB;AAAA,EACEC;AAAAA,EACAC;AAAAA,EACAC;AAAAA,EACAC;AAAAA,EACAC;AAAAA,EACAC;AAAAA,EACAC;AAAAA,EACAC;AAAAA,OACK;AACP;AAAA,EACEC,iBAAiBC;AAAAA,EACjBC,UAAUC;AAAAA,EACVC,iBAAiBC;AAAAA,OACZ;AAEP,MAAMC,cAAc;AAEb,aAAMC,SAAmBA,MAAM;AAAAC,KAAA;AACpC,QAAM,CAACC,UAAUC,WAAW,IAAInB,MAAMoB,SAA6B,IAAI;AAEvE,QAAMC,aAAaA,CAACC,UAAyC;AAC3DH,gBAAYG,MAAMC,aAAa;AAAA,EACjC;AAEA,QAAMC,cAAcA,MAAM;AACxBL,gBAAY,IAAI;AAAA,EAClB;AAEA,SACE;AAAA,IAAC;AAAA;AAAA,MACC,UAAS;AAAA,MACT,IAAI;AAAA,QACFM,OAAO,eAAeV,WAAW;AAAA,QACjCW,IAAI,GAAGX,WAAW;AAAA,MACpB;AAAA,MAEA,iCAAC,WAAQ,WAAU,iDAEjB,iCAAC,OAAI,IAAI,EAAEY,SAAS,QAAQC,YAAY,UAAUC,KAAK,EAAE,GACvD;AAAA;AAAA,UAAC;AAAA;AAAA,YACC,MAAK;AAAA,YACL,OAAM;AAAA,YACN,WAAU;AAAA,YAEV,iCAAC,gBAAD;AAAA;AAAA;AAAA;AAAA,mBAAW;AAAA;AAAA,UALb;AAAA;AAAA;AAAA;AAAA;AAAA;AAAA;AAAA;AAAA,QAMA;AAAA,QAEA;AAAA,UAAC;AAAA;AAAA,YACC,MAAK;AAAA,YACL,OAAM;AAAA,YACN,WAAU;AAAA,YAEV,iCAAC,SAAM,cAAc,GAAG,OAAM,SAC5B,iCAAC,uBAAD;AAAA;AAAA;AAAA;AAAA,mBAAkB,KADpB;AAAA;AAAA;AAAA;AAAA,mBAEA;AAAA;AAAA,UAPF;AAAA;AAAA;AAAA;AAAA;AAAA;AAAA;AAAA;AAAA,QAQA;AAAA,QAEA;AAAA,UAAC;AAAA;AAAA,YACC,MAAK;AAAA,YACL,SAASR;AAAAA,YACT,OAAM;AAAA,YACN,WAAU;AAAA,YAEV,iCAAC,UAAO,IAAI,EAAEI,OAAO,IAAIK,QAAQ,GAAG,GAClC,iCAAC,uBAAD;AAAA;AAAA;AAAA;AAAA,mBAAkB,KADpB;AAAA;AAAA;AAAA;AAAA,mBAEA;AAAA;AAAA,UARF;AAAA;AAAA;AAAA;AAAA;AAAA;AAAA;AAAA;AAAA,QASA;AAAA,QAEA;AAAA,UAAC;AAAA;AAAA,YACC,IAAG;AAAA,YACH;AAAA,YACA,cAAc;AAAA,cACZC,UAAU;AAAA,cACVC,YAAY;AAAA,YACd;AAAA,YACA;AAAA,YACA,iBAAiB;AAAA,cACfD,UAAU;AAAA,cACVC,YAAY;AAAA,YACd;AAAA,YACA,MAAMC,QAAQf,QAAQ;AAAA,YACtB,SAASM;AAAAA,YAET;AAAA,qCAAC,YAAS,SAASA,aAAa,uBAAhC;AAAA;AAAA;AAAA;AAAA,qBAAuC;AAAA,cACvC,uBAAC,YAAS,SAASA,aAAa,mCAAhC;AAAA;AAAA;AAAA;AAAA,qBAAmD;AAAA,cACnD,uBAAC,YAAS,SAASA,aAAa,sBAAhC;AAAA;AAAA;AAAA;AAAA,qBAAsC;AAAA;AAAA;AAAA,UAjBxC;AAAA;AAAA;AAAA;AAAA;AAAA;AAAA;AAAA;AAAA,QAkBA;AAAA,WAhDF;AAAA;AAAA;AAAA;AAAA,aAiDA,KAnDF;AAAA;AAAA;AAAA;AAAA,aAoDA;AAAA;AAAA,IA3DF;AAAA;AAAA;AAAA;AAAA;AAAA;AAAA;AAAA;AAAA,EA4DA;AAEJ;AAAEP,GA1EWD,QAAgB;AAAAkB,KAAhBlB;AAAgB,IAAAkB;AAAAC,aAAAD,IAAA",
      "names": [
        "React",
        "AppBar",
        "Toolbar",
        "IconButton",
        "Avatar",
        "Box",
        "Badge",
        "Menu",
        "MenuItem",
        "Notifications",
        "NotificationsIcon",
        "Search",
        "SearchIcon",
        "AccountCircle",
        "AccountCircleIcon",
        "drawerWidth",
        "Header",
        "_s",
        "anchorEl",
        "setAnchorEl",
        "useState",
        "handleMenu",
        "event",
        "currentTarget",
        "handleClose",
        "width",
        "ml",
        "display",
        "alignItems",
        "gap",
        "height",
        "vertical",
        "horizontal",
        "Boolean",
        "_c",
        "$RefreshReg$"
      ],
      "ignoreList": [],
      "sources": [
        "F:/family_app/src/components/layout/Header.tsx"
      ],
      "file": "F:/family_app/src/components/layout/Header.tsx"
    },
    "_coverageSchema": "1a1c01bbd47fc00a2c39e90264f33305004495a9",
    "hash": "5485710228b2cd9f26454e6cec49c3f68fbf1d46"
  },
  "F:/family_app/src/components/layout/Sidebar.tsx": {
    "path": "F:/family_app/src/components/layout/Sidebar.tsx",
    "statementMap": {
      "0": {
        "start": {
          "line": 3,
          "column": 20
        },
        "end": {
          "line": 3,
          "column": 97
        }
      },
      "1": {
        "start": {
          "line": 6,
          "column": 0
        },
        "end": {
          "line": 16,
          "column": 1
        }
      },
      "2": {
        "start": {
          "line": 7,
          "column": 2
        },
        "end": {
          "line": 11,
          "column": 3
        }
      },
      "3": {
        "start": {
          "line": 8,
          "column": 4
        },
        "end": {
          "line": 10,
          "column": 6
        }
      },
      "4": {
        "start": {
          "line": 12,
          "column": 2
        },
        "end": {
          "line": 12,
          "column": 39
        }
      },
      "5": {
        "start": {
          "line": 13,
          "column": 2
        },
        "end": {
          "line": 13,
          "column": 39
        }
      },
      "6": {
        "start": {
          "line": 14,
          "column": 2
        },
        "end": {
          "line": 14,
          "column": 104
        }
      },
      "7": {
        "start": {
          "line": 15,
          "column": 2
        },
        "end": {
          "line": 15,
          "column": 75
        }
      },
      "8": {
        "start": {
          "line": 37,
          "column": 20
        },
        "end": {
          "line": 37,
          "column": 23
        }
      },
      "9": {
        "start": {
          "line": 38,
          "column": 18
        },
        "end": {
          "line": 79,
          "column": 1
        }
      },
      "10": {
        "start": {
          "line": 80,
          "column": 23
        },
        "end": {
          "line": 201,
          "column": 1
        }
      },
      "11": {
        "start": {
          "line": 81,
          "column": 2
        },
        "end": {
          "line": 200,
          "column": 4
        }
      },
      "12": {
        "start": {
          "line": 120,
          "column": 36
        },
        "end": {
          "line": 184,
          "column": 18
        }
      },
      "13": {
        "start": {
          "line": 124,
          "column": 29
        },
        "end": {
          "line": 124,
          "column": 49
        }
      },
      "14": {
        "start": {
          "line": 202,
          "column": 0
        },
        "end": {
          "line": 202,
          "column": 13
        }
      },
      "15": {
        "start": {
          "line": 204,
          "column": 0
        },
        "end": {
          "line": 204,
          "column": 28
        }
      },
      "16": {
        "start": {
          "line": 205,
          "column": 0
        },
        "end": {
          "line": 208,
          "column": 1
        }
      },
      "17": {
        "start": {
          "line": 206,
          "column": 2
        },
        "end": {
          "line": 206,
          "column": 39
        }
      },
      "18": {
        "start": {
          "line": 207,
          "column": 2
        },
        "end": {
          "line": 207,
          "column": 39
        }
      },
      "19": {
        "start": {
          "line": 209,
          "column": 0
        },
        "end": {
          "line": 218,
          "column": 1
        }
      },
      "20": {
        "start": {
          "line": 210,
          "column": 2
        },
        "end": {
          "line": 217,
          "column": 5
        }
      },
      "21": {
        "start": {
          "line": 211,
          "column": 4
        },
        "end": {
          "line": 211,
          "column": 117
        }
      },
      "22": {
        "start": {
          "line": 212,
          "column": 4
        },
        "end": {
          "line": 216,
          "column": 7
        }
      },
      "23": {
        "start": {
          "line": 213,
          "column": 6
        },
        "end": {
          "line": 213,
          "column": 31
        }
      },
      "24": {
        "start": {
          "line": 213,
          "column": 24
        },
        "end": {
          "line": 213,
          "column": 31
        }
      },
      "25": {
        "start": {
          "line": 214,
          "column": 32
        },
        "end": {
          "line": 214,
          "column": 166
        }
      },
      "26": {
        "start": {
          "line": 215,
          "column": 6
        },
        "end": {
          "line": 215,
          "column": 75
        }
      },
      "27": {
        "start": {
          "line": 215,
          "column": 29
        },
        "end": {
          "line": 215,
          "column": 75
        }
      }
    },
    "fnMap": {
      "0": {
        "name": "(anonymous_0)",
        "decl": {
          "start": {
            "line": 80,
            "column": 23
          },
          "end": {
            "line": 80,
            "column": 24
          }
        },
        "loc": {
          "start": {
            "line": 80,
            "column": 55
          },
          "end": {
            "line": 201,
            "column": 1
          }
        },
        "line": 80
      },
      "1": {
        "name": "(anonymous_1)",
        "decl": {
          "start": {
            "line": 120,
            "column": 10
          },
          "end": {
            "line": 120,
            "column": 11
          }
        },
        "loc": {
          "start": {
            "line": 120,
            "column": 36
          },
          "end": {
            "line": 184,
            "column": 18
          }
        },
        "line": 120
      },
      "2": {
        "name": "(anonymous_2)",
        "decl": {
          "start": {
            "line": 124,
            "column": 23
          },
          "end": {
            "line": 124,
            "column": 24
          }
        },
        "loc": {
          "start": {
            "line": 124,
            "column": 29
          },
          "end": {
            "line": 124,
            "column": 49
          }
        },
        "line": 124
      },
      "3": {
        "name": "(anonymous_3)",
        "decl": {
          "start": {
            "line": 210,
            "column": 52
          },
          "end": {
            "line": 210,
            "column": 53
          }
        },
        "loc": {
          "start": {
            "line": 210,
            "column": 72
          },
          "end": {
            "line": 217,
            "column": 3
          }
        },
        "line": 210
      },
      "4": {
        "name": "(anonymous_4)",
        "decl": {
          "start": {
            "line": 212,
            "column": 27
          },
          "end": {
            "line": 212,
            "column": 28
          }
        },
        "loc": {
          "start": {
            "line": 212,
            "column": 44
          },
          "end": {
            "line": 216,
            "column": 5
          }
        },
        "line": 212
      }
    },
    "branchMap": {
      "0": {
        "loc": {
          "start": {
            "line": 3,
            "column": 20
          },
          "end": {
            "line": 3,
            "column": 97
          }
        },
        "type": "binary-expr",
        "locations": [
          {
            "start": {
              "line": 3,
              "column": 20
            },
            "end": {
              "line": 3,
              "column": 60
            }
          },
          {
            "start": {
              "line": 3,
              "column": 64
            },
            "end": {
              "line": 3,
              "column": 97
            }
          }
        ],
        "line": 3
      },
      "1": {
        "loc": {
          "start": {
            "line": 6,
            "column": 0
          },
          "end": {
            "line": 16,
            "column": 1
          }
        },
        "type": "if",
        "locations": [
          {
            "start": {
              "line": 6,
              "column": 0
            },
            "end": {
              "line": 16,
              "column": 1
            }
          },
          {
            "start": {},
            "end": {}
          }
        ],
        "line": 6
      },
      "2": {
        "loc": {
          "start": {
            "line": 6,
            "column": 4
          },
          "end": {
            "line": 6,
            "column": 35
          }
        },
        "type": "binary-expr",
        "locations": [
          {
            "start": {
              "line": 6,
              "column": 4
            },
            "end": {
              "line": 6,
              "column": 19
            }
          },
          {
            "start": {
              "line": 6,
              "column": 23
            },
            "end": {
              "line": 6,
              "column": 35
            }
          }
        ],
        "line": 6
      },
      "3": {
        "loc": {
          "start": {
            "line": 7,
            "column": 2
          },
          "end": {
            "line": 11,
            "column": 3
          }
        },
        "type": "if",
        "locations": [
          {
            "start": {
              "line": 7,
              "column": 2
            },
            "end": {
              "line": 11,
              "column": 3
            }
          },
          {
            "start": {},
            "end": {}
          }
        ],
        "line": 7
      },
      "4": {
        "loc": {
          "start": {
            "line": 138,
            "column": 29
          },
          "end": {
            "line": 138,
            "column": 86
          }
        },
        "type": "cond-expr",
        "locations": [
          {
            "start": {
              "line": 138,
              "column": 53
            },
            "end": {
              "line": 138,
              "column": 67
            }
          },
          {
            "start": {
              "line": 138,
              "column": 70
            },
            "end": {
              "line": 138,
              "column": 86
            }
          }
        ],
        "line": 138
      },
      "5": {
        "loc": {
          "start": {
            "line": 157,
            "column": 42
          },
          "end": {
            "line": 157,
            "column": 75
          }
        },
        "type": "cond-expr",
        "locations": [
          {
            "start": {
              "line": 157,
              "column": 66
            },
            "end": {
              "line": 157,
              "column": 69
            }
          },
          {
            "start": {
              "line": 157,
              "column": 72
            },
            "end": {
              "line": 157,
              "column": 75
            }
          }
        ],
        "line": 157
      },
      "6": {
        "loc": {
          "start": {
            "line": 205,
            "column": 0
          },
          "end": {
            "line": 208,
            "column": 1
          }
        },
        "type": "if",
        "locations": [
          {
            "start": {
              "line": 205,
              "column": 0
            },
            "end": {
              "line": 208,
              "column": 1
            }
          },
          {
            "start": {},
            "end": {}
          }
        ],
        "line": 205
      },
      "7": {
        "loc": {
          "start": {
            "line": 205,
            "column": 4
          },
          "end": {
            "line": 205,
            "column": 35
          }
        },
        "type": "binary-expr",
        "locations": [
          {
            "start": {
              "line": 205,
              "column": 4
            },
            "end": {
              "line": 205,
              "column": 19
            }
          },
          {
            "start": {
              "line": 205,
              "column": 23
            },
            "end": {
              "line": 205,
              "column": 35
            }
          }
        ],
        "line": 205
      },
      "8": {
        "loc": {
          "start": {
            "line": 209,
            "column": 0
          },
          "end": {
            "line": 218,
            "column": 1
          }
        },
        "type": "if",
        "locations": [
          {
            "start": {
              "line": 209,
              "column": 0
            },
            "end": {
              "line": 218,
              "column": 1
            }
          },
          {
            "start": {},
            "end": {}
          }
        ],
        "line": 209
      },
      "9": {
        "loc": {
          "start": {
            "line": 209,
            "column": 4
          },
          "end": {
            "line": 209,
            "column": 35
          }
        },
        "type": "binary-expr",
        "locations": [
          {
            "start": {
              "line": 209,
              "column": 4
            },
            "end": {
              "line": 209,
              "column": 19
            }
          },
          {
            "start": {
              "line": 209,
              "column": 23
            },
            "end": {
              "line": 209,
              "column": 35
            }
          }
        ],
        "line": 209
      },
      "10": {
        "loc": {
          "start": {
            "line": 213,
            "column": 6
          },
          "end": {
            "line": 213,
            "column": 31
          }
        },
        "type": "if",
        "locations": [
          {
            "start": {
              "line": 213,
              "column": 6
            },
            "end": {
              "line": 213,
              "column": 31
            }
          },
          {
            "start": {},
            "end": {}
          }
        ],
        "line": 213
      },
      "11": {
        "loc": {
          "start": {
            "line": 215,
            "column": 6
          },
          "end": {
            "line": 215,
            "column": 75
          }
        },
        "type": "if",
        "locations": [
          {
            "start": {
              "line": 215,
              "column": 6
            },
            "end": {
              "line": 215,
              "column": 75
            }
          },
          {
            "start": {},
            "end": {}
          }
        ],
        "line": 215
      }
    },
    "s": {
      "0": 6,
      "1": 6,
      "2": 6,
      "3": 0,
      "4": 6,
      "5": 6,
      "6": 6,
      "7": 6,
      "8": 6,
      "9": 6,
      "10": 6,
      "11": 12,
      "12": 96,
      "13": 0,
      "14": 6,
      "15": 6,
      "16": 6,
      "17": 6,
      "18": 6,
      "19": 6,
      "20": 6,
      "21": 6,
      "22": 6,
      "23": 0,
      "24": 0,
      "25": 0,
      "26": 0,
      "27": 0
    },
    "f": {
      "0": 12,
      "1": 96,
      "2": 0,
      "3": 6,
      "4": 0
    },
    "b": {
      "0": [
        6,
        0
      ],
      "1": [
        6,
        0
      ],
      "2": [
        6,
        6
      ],
      "3": [
        0,
        6
      ],
      "4": [
        12,
        84
      ],
      "5": [
        12,
        84
      ],
      "6": [
        6,
        0
      ],
      "7": [
        6,
        6
      ],
      "8": [
        6,
        0
      ],
      "9": [
        6,
        6
      ],
      "10": [
        0,
        0
      ],
      "11": [
        0,
        0
      ]
    },
    "inputSourceMap": {
      "version": 3,
      "mappings": "AA0B+C;;;;;;;;;;;;;;;;AAzB/C;AAAA,EACEA;AAAAA,EACAC;AAAAA,EACAC;AAAAA,EACAC;AAAAA,EACAC;AAAAA,EACAC;AAAAA,EACAC;AAAAA,EACAC;AAAAA,EACAC;AAAAA,EACAC;AAAAA,OACK;AACP,OAAOC,mBAAmB;AAC1B,OAAOC,gBAAgB;AACvB,OAAOC,kBAAkB;AACzB,OAAOC,kBAAkB;AACzB,OAAOC,oBAAoB;AAC3B,OAAOC,mBAAmB;AAC1B,OAAOC,uBAAuB;AAC9B,OAAOC,qBAAqB;AAG5B,MAAMC,cAAc;AAEpB,MAAMC,YAAwB;AAAA,EAC5B,EAAEC,IAAI,aAAaC,OAAO,aAAaC,MAAM,uBAAC,mBAAD;AAAA;AAAA;AAAA;AAAA,SAAc,EAAI;AAAA,EAC/D,EAAEF,IAAI,YAAYC,OAAO,SAASC,MAAM,uBAAC,kBAAD;AAAA;AAAA;AAAA;AAAA,SAAa,EAAI;AAAA,EACzD,EAAEF,IAAI,WAAWC,OAAO,WAAWC,MAAM,uBAAC,qBAAD;AAAA;AAAA;AAAA;AAAA,SAAgB,EAAI;AAAA,EAC7D,EAAEF,IAAI,SAASC,OAAO,UAAUC,MAAM,uBAAC,gBAAD;AAAA;AAAA;AAAA;AAAA,SAAW,EAAI;AAAA,EACrD,EAAEF,IAAI,aAAaC,OAAO,cAAcC,MAAM,uBAAC,mBAAD;AAAA;AAAA;AAAA;AAAA,SAAc,EAAI;AAAA,EAChE,EAAEF,IAAI,WAAWC,OAAO,UAAUC,MAAM,uBAAC,oBAAD;AAAA;AAAA;AAAA;AAAA,SAAe,EAAI;AAAA,EAC3D,EAAEF,IAAI,WAAWC,OAAO,WAAWC,MAAM,uBAAC,uBAAD;AAAA;AAAA;AAAA;AAAA,SAAkB,EAAI;AAAA,EAC/D,EAAEF,IAAI,YAAYC,OAAO,gBAAgBC,MAAM,uBAAC,kBAAD;AAAA;AAAA;AAAA;AAAA,SAAa,EAAI;AAAC;AAG5D,aAAMC,UAAkCA,CAAC,EAAEC,WAAWC,YAAY,MAAM;AAC7E,SACE;AAAA,IAAC;AAAA;AAAA,MACC,SAAQ;AAAA,MACR,IAAI;AAAA,QACFC,OAAOR;AAAAA,QACPS,YAAY;AAAA,QACZ,sBAAsB;AAAA,UACpBD,OAAOR;AAAAA,UACPU,WAAW;AAAA,QACb;AAAA,MACF;AAAA,MAEA;AAAA,+BAAC,WACC,iCAAC,OAAI,IAAI,EAAEC,SAAS,QAAQC,YAAY,UAAUC,KAAK,EAAE,GACvD;AAAA,iCAAC,iBAAc,OAAM,aAArB;AAAA;AAAA;AAAA;AAAA,iBAA8B;AAAA,UAC9B,uBAAC,cAAW,SAAQ,MAAK,WAAU,OAAM,WAAU,2BAA0B,2BAA7E;AAAA;AAAA;AAAA;AAAA,iBAEA;AAAA,aAJF;AAAA;AAAA;AAAA;AAAA,eAKA,KANF;AAAA;AAAA;AAAA;AAAA,eAOA;AAAA,QACA,uBAAC,aAAD;AAAA;AAAA;AAAA;AAAA,eAAQ;AAAA,QACR,uBAAC,QACEZ,oBAAUa;AAAAA,UAAI,CAACC,SACd,uBAAC,YAAuB,gBAAc,MACpC;AAAA,YAAC;AAAA;AAAA,cACC,UAAUT,cAAcS,KAAKb;AAAAA,cAC7B,SAAS,MAAMK,YAAYQ,KAAKb,EAAE;AAAA,cAClC,IAAI;AAAA,gBACF,kBAAkB;AAAA,kBAChBc,iBAAiB;AAAA,kBACjB,WAAW;AAAA,oBACTA,iBAAiB;AAAA,kBACnB;AAAA,gBACF;AAAA,cACF;AAAA,cAEA;AAAA;AAAA,kBAAC;AAAA;AAAA,oBACC,IAAI;AAAA,sBACFC,OAAOX,cAAcS,KAAKb,KAAK,iBAAiB;AAAA,oBAClD;AAAA,oBAECa,eAAKX;AAAAA;AAAAA,kBALR;AAAA;AAAA;AAAA;AAAA;AAAA;AAAA;AAAA;AAAA,gBAMA;AAAA,gBACA;AAAA,kBAAC;AAAA;AAAA,oBACC,SAASW,KAAKZ;AAAAA,oBACd,WAAW;AAAA,sBACTe,SAAS;AAAA,wBACPC,IAAI,EAAEC,YAAYd,cAAcS,KAAKb,KAAK,MAAM,IAAI;AAAA,sBACtD;AAAA,oBACF;AAAA;AAAA,kBANF;AAAA;AAAA;AAAA;AAAA;AAAA;AAAA;AAAA;AAAA,gBAMI;AAAA;AAAA;AAAA,YAzBN;AAAA;AAAA;AAAA;AAAA;AAAA;AAAA;AAAA;AAAA,UA2BA,KA5Baa,KAAKb,IAApB;AAAA;AAAA;AAAA;AAAA,iBA6BA;AAAA,QACD,KAhCH;AAAA;AAAA;AAAA;AAAA,eAiCA;AAAA;AAAA;AAAA,IArDF;AAAA;AAAA;AAAA;AAAA;AAAA;AAAA;AAAA;AAAA,EAsDA;AAEJ;AAAEmB,KA1DWhB;AAA+B,IAAAgB;AAAAC,aAAAD,IAAA",
      "names": [
        "Drawer",
        "List",
        "ListItem",
        "ListItemButton",
        "ListItemIcon",
        "ListItemText",
        "Toolbar",
        "Divider",
        "Box",
        "Typography",
        "DashboardIcon",
        "PeopleIcon",
        "BarChartIcon",
        "SettingsIcon",
        "AssessmentIcon",
        "InventoryIcon",
        "AccountCircleIcon",
        "AttachMoneyIcon",
        "drawerWidth",
        "menuItems",
        "id",
        "label",
        "icon",
        "Sidebar",
        "activeTab",
        "onTabChange",
        "width",
        "flexShrink",
        "boxSizing",
        "display",
        "alignItems",
        "gap",
        "map",
        "item",
        "backgroundColor",
        "color",
        "primary",
        "sx",
        "fontWeight",
        "_c",
        "$RefreshReg$"
      ],
      "ignoreList": [],
      "sources": [
        "F:/family_app/src/components/layout/Sidebar.tsx"
      ],
      "file": "F:/family_app/src/components/layout/Sidebar.tsx"
    },
    "_coverageSchema": "1a1c01bbd47fc00a2c39e90264f33305004495a9",
    "hash": "f7be17a8fffb981aa2a2f5eb57ed0c7f47f46d18"
  },
  "F:/family_app/src/components/layout/Layout.tsx": {
    "path": "F:/family_app/src/components/layout/Layout.tsx",
    "statementMap": {
      "0": {
        "start": {
          "line": 3,
          "column": 20
        },
        "end": {
          "line": 3,
          "column": 97
        }
      },
      "1": {
        "start": {
          "line": 6,
          "column": 0
        },
        "end": {
          "line": 16,
          "column": 1
        }
      },
      "2": {
        "start": {
          "line": 7,
          "column": 2
        },
        "end": {
          "line": 11,
          "column": 3
        }
      },
      "3": {
        "start": {
          "line": 8,
          "column": 4
        },
        "end": {
          "line": 10,
          "column": 6
        }
      },
      "4": {
        "start": {
          "line": 12,
          "column": 2
        },
        "end": {
          "line": 12,
          "column": 39
        }
      },
      "5": {
        "start": {
          "line": 13,
          "column": 2
        },
        "end": {
          "line": 13,
          "column": 39
        }
      },
      "6": {
        "start": {
          "line": 14,
          "column": 2
        },
        "end": {
          "line": 14,
          "column": 103
        }
      },
      "7": {
        "start": {
          "line": 15,
          "column": 2
        },
        "end": {
          "line": 15,
          "column": 75
        }
      },
      "8": {
        "start": {
          "line": 20,
          "column": 20
        },
        "end": {
          "line": 20,
          "column": 23
        }
      },
      "9": {
        "start": {
          "line": 21,
          "column": 22
        },
        "end": {
          "line": 66,
          "column": 1
        }
      },
      "10": {
        "start": {
          "line": 22,
          "column": 2
        },
        "end": {
          "line": 65,
          "column": 11
        }
      },
      "11": {
        "start": {
          "line": 67,
          "column": 0
        },
        "end": {
          "line": 67,
          "column": 12
        }
      },
      "12": {
        "start": {
          "line": 69,
          "column": 0
        },
        "end": {
          "line": 69,
          "column": 27
        }
      },
      "13": {
        "start": {
          "line": 70,
          "column": 0
        },
        "end": {
          "line": 73,
          "column": 1
        }
      },
      "14": {
        "start": {
          "line": 71,
          "column": 2
        },
        "end": {
          "line": 71,
          "column": 39
        }
      },
      "15": {
        "start": {
          "line": 72,
          "column": 2
        },
        "end": {
          "line": 72,
          "column": 39
        }
      },
      "16": {
        "start": {
          "line": 74,
          "column": 0
        },
        "end": {
          "line": 83,
          "column": 1
        }
      },
      "17": {
        "start": {
          "line": 75,
          "column": 2
        },
        "end": {
          "line": 82,
          "column": 5
        }
      },
      "18": {
        "start": {
          "line": 76,
          "column": 4
        },
        "end": {
          "line": 76,
          "column": 116
        }
      },
      "19": {
        "start": {
          "line": 77,
          "column": 4
        },
        "end": {
          "line": 81,
          "column": 7
        }
      },
      "20": {
        "start": {
          "line": 78,
          "column": 6
        },
        "end": {
          "line": 78,
          "column": 31
        }
      },
      "21": {
        "start": {
          "line": 78,
          "column": 24
        },
        "end": {
          "line": 78,
          "column": 31
        }
      },
      "22": {
        "start": {
          "line": 79,
          "column": 32
        },
        "end": {
          "line": 79,
          "column": 165
        }
      },
      "23": {
        "start": {
          "line": 80,
          "column": 6
        },
        "end": {
          "line": 80,
          "column": 75
        }
      },
      "24": {
        "start": {
          "line": 80,
          "column": 29
        },
        "end": {
          "line": 80,
          "column": 75
        }
      }
    },
    "fnMap": {
      "0": {
        "name": "(anonymous_0)",
        "decl": {
          "start": {
            "line": 21,
            "column": 22
          },
          "end": {
            "line": 21,
            "column": 23
          }
        },
        "loc": {
          "start": {
            "line": 21,
            "column": 64
          },
          "end": {
            "line": 66,
            "column": 1
          }
        },
        "line": 21
      },
      "1": {
        "name": "(anonymous_1)",
        "decl": {
          "start": {
            "line": 75,
            "column": 52
          },
          "end": {
            "line": 75,
            "column": 53
          }
        },
        "loc": {
          "start": {
            "line": 75,
            "column": 72
          },
          "end": {
            "line": 82,
            "column": 3
          }
        },
        "line": 75
      },
      "2": {
        "name": "(anonymous_2)",
        "decl": {
          "start": {
            "line": 77,
            "column": 27
          },
          "end": {
            "line": 77,
            "column": 28
          }
        },
        "loc": {
          "start": {
            "line": 77,
            "column": 44
          },
          "end": {
            "line": 81,
            "column": 5
          }
        },
        "line": 77
      }
    },
    "branchMap": {
      "0": {
        "loc": {
          "start": {
            "line": 3,
            "column": 20
          },
          "end": {
            "line": 3,
            "column": 97
          }
        },
        "type": "binary-expr",
        "locations": [
          {
            "start": {
              "line": 3,
              "column": 20
            },
            "end": {
              "line": 3,
              "column": 60
            }
          },
          {
            "start": {
              "line": 3,
              "column": 64
            },
            "end": {
              "line": 3,
              "column": 97
            }
          }
        ],
        "line": 3
      },
      "1": {
        "loc": {
          "start": {
            "line": 6,
            "column": 0
          },
          "end": {
            "line": 16,
            "column": 1
          }
        },
        "type": "if",
        "locations": [
          {
            "start": {
              "line": 6,
              "column": 0
            },
            "end": {
              "line": 16,
              "column": 1
            }
          },
          {
            "start": {},
            "end": {}
          }
        ],
        "line": 6
      },
      "2": {
        "loc": {
          "start": {
            "line": 6,
            "column": 4
          },
          "end": {
            "line": 6,
            "column": 35
          }
        },
        "type": "binary-expr",
        "locations": [
          {
            "start": {
              "line": 6,
              "column": 4
            },
            "end": {
              "line": 6,
              "column": 19
            }
          },
          {
            "start": {
              "line": 6,
              "column": 23
            },
            "end": {
              "line": 6,
              "column": 35
            }
          }
        ],
        "line": 6
      },
      "3": {
        "loc": {
          "start": {
            "line": 7,
            "column": 2
          },
          "end": {
            "line": 11,
            "column": 3
          }
        },
        "type": "if",
        "locations": [
          {
            "start": {
              "line": 7,
              "column": 2
            },
            "end": {
              "line": 11,
              "column": 3
            }
          },
          {
            "start": {},
            "end": {}
          }
        ],
        "line": 7
      },
      "4": {
        "loc": {
          "start": {
            "line": 70,
            "column": 0
          },
          "end": {
            "line": 73,
            "column": 1
          }
        },
        "type": "if",
        "locations": [
          {
            "start": {
              "line": 70,
              "column": 0
            },
            "end": {
              "line": 73,
              "column": 1
            }
          },
          {
            "start": {},
            "end": {}
          }
        ],
        "line": 70
      },
      "5": {
        "loc": {
          "start": {
            "line": 70,
            "column": 4
          },
          "end": {
            "line": 70,
            "column": 35
          }
        },
        "type": "binary-expr",
        "locations": [
          {
            "start": {
              "line": 70,
              "column": 4
            },
            "end": {
              "line": 70,
              "column": 19
            }
          },
          {
            "start": {
              "line": 70,
              "column": 23
            },
            "end": {
              "line": 70,
              "column": 35
            }
          }
        ],
        "line": 70
      },
      "6": {
        "loc": {
          "start": {
            "line": 74,
            "column": 0
          },
          "end": {
            "line": 83,
            "column": 1
          }
        },
        "type": "if",
        "locations": [
          {
            "start": {
              "line": 74,
              "column": 0
            },
            "end": {
              "line": 83,
              "column": 1
            }
          },
          {
            "start": {},
            "end": {}
          }
        ],
        "line": 74
      },
      "7": {
        "loc": {
          "start": {
            "line": 74,
            "column": 4
          },
          "end": {
            "line": 74,
            "column": 35
          }
        },
        "type": "binary-expr",
        "locations": [
          {
            "start": {
              "line": 74,
              "column": 4
            },
            "end": {
              "line": 74,
              "column": 19
            }
          },
          {
            "start": {
              "line": 74,
              "column": 23
            },
            "end": {
              "line": 74,
              "column": 35
            }
          }
        ],
        "line": 74
      },
      "8": {
        "loc": {
          "start": {
            "line": 78,
            "column": 6
          },
          "end": {
            "line": 78,
            "column": 31
          }
        },
        "type": "if",
        "locations": [
          {
            "start": {
              "line": 78,
              "column": 6
            },
            "end": {
              "line": 78,
              "column": 31
            }
          },
          {
            "start": {},
            "end": {}
          }
        ],
        "line": 78
      },
      "9": {
        "loc": {
          "start": {
            "line": 80,
            "column": 6
          },
          "end": {
            "line": 80,
            "column": 75
          }
        },
        "type": "if",
        "locations": [
          {
            "start": {
              "line": 80,
              "column": 6
            },
            "end": {
              "line": 80,
              "column": 75
            }
          },
          {
            "start": {},
            "end": {}
          }
        ],
        "line": 80
      }
    },
    "s": {
      "0": 6,
      "1": 6,
      "2": 6,
      "3": 0,
      "4": 6,
      "5": 6,
      "6": 6,
      "7": 6,
      "8": 6,
      "9": 6,
      "10": 12,
      "11": 6,
      "12": 6,
      "13": 6,
      "14": 6,
      "15": 6,
      "16": 6,
      "17": 6,
      "18": 6,
      "19": 6,
      "20": 0,
      "21": 0,
      "22": 0,
      "23": 0,
      "24": 0
    },
    "f": {
      "0": 12,
      "1": 6,
      "2": 0
    },
    "b": {
      "0": [
        6,
        0
      ],
      "1": [
        6,
        0
      ],
      "2": [
        6,
        6
      ],
      "3": [
        0,
        6
      ],
      "4": [
        6,
        0
      ],
      "5": [
        6,
        6
      ],
      "6": [
        6,
        0
      ],
      "7": [
        6,
        6
      ],
      "8": [
        0,
        0
      ],
      "9": [
        0,
        0
      ]
    },
    "inputSourceMap": {
      "version": 3,
      "mappings": "AAWM;;;;;;;;;;;;;;;;AAVN,SAASA,KAAKC,eAAe;AAC7B,SAASC,cAAc;AACvB,SAASC,eAAe;AAGxB,MAAMC,cAAc;AAEb,aAAMC,SAAgCA,CAAC,EAAEC,UAAUC,WAAWC,YAAY,MAAM;AACrF,SACE,uBAAC,OAAI,IAAI,EAAEC,SAAS,OAAO,GACzB;AAAA,2BAAC,YAAD;AAAA;AAAA;AAAA;AAAA,WAAO;AAAA,IACP,uBAAC,WAAQ,WAAsB,eAA/B;AAAA;AAAA;AAAA;AAAA,WAAwD;AAAA,IACxD;AAAA,MAAC;AAAA;AAAA,QACC,WAAU;AAAA,QACV,IAAI;AAAA,UACFC,UAAU;AAAA,UACVC,GAAG;AAAA,UACHC,OAAO,EAAEC,IAAI,eAAeT,WAAW,MAAM;AAAA,QAC/C;AAAA,QACA,WAAU;AAAA,QAEV;AAAA,iCAAC,aAAD;AAAA;AAAA;AAAA;AAAA,iBAAQ;AAAA,UACPE;AAAAA;AAAAA;AAAAA,MAVH;AAAA;AAAA;AAAA;AAAA;AAAA;AAAA;AAAA;AAAA,IAWA;AAAA,OAdF;AAAA;AAAA;AAAA;AAAA,SAeA;AAEJ;AAAEQ,KAnBWT;AAA6B,IAAAS;AAAAC,aAAAD,IAAA",
      "names": [
        "Box",
        "Toolbar",
        "Header",
        "Sidebar",
        "drawerWidth",
        "Layout",
        "children",
        "activeTab",
        "onTabChange",
        "display",
        "flexGrow",
        "p",
        "width",
        "sm",
        "_c",
        "$RefreshReg$"
      ],
      "ignoreList": [],
      "sources": [
        "F:/family_app/src/components/layout/Layout.tsx"
      ],
      "file": "F:/family_app/src/components/layout/Layout.tsx"
    },
    "_coverageSchema": "1a1c01bbd47fc00a2c39e90264f33305004495a9",
    "hash": "266d16743c6cd2df27d2982bda87550eccca4719"
  },
  "F:/family_app/src/components/dashboard/StatCard.tsx": {
    "path": "F:/family_app/src/components/dashboard/StatCard.tsx",
    "statementMap": {
      "0": {
        "start": {
          "line": 3,
          "column": 20
        },
        "end": {
          "line": 3,
          "column": 97
        }
      },
      "1": {
        "start": {
          "line": 6,
          "column": 0
        },
        "end": {
          "line": 16,
          "column": 1
        }
      },
      "2": {
        "start": {
          "line": 7,
          "column": 2
        },
        "end": {
          "line": 11,
          "column": 3
        }
      },
      "3": {
        "start": {
          "line": 8,
          "column": 4
        },
        "end": {
          "line": 10,
          "column": 6
        }
      },
      "4": {
        "start": {
          "line": 12,
          "column": 2
        },
        "end": {
          "line": 12,
          "column": 39
        }
      },
      "5": {
        "start": {
          "line": 13,
          "column": 2
        },
        "end": {
          "line": 13,
          "column": 39
        }
      },
      "6": {
        "start": {
          "line": 14,
          "column": 2
        },
        "end": {
          "line": 14,
          "column": 108
        }
      },
      "7": {
        "start": {
          "line": 15,
          "column": 2
        },
        "end": {
          "line": 15,
          "column": 75
        }
      },
      "8": {
        "start": {
          "line": 26,
          "column": 24
        },
        "end": {
          "line": 126,
          "column": 1
        }
      },
      "9": {
        "start": {
          "line": 33,
          "column": 21
        },
        "end": {
          "line": 33,
          "column": 41
        }
      },
      "10": {
        "start": {
          "line": 34,
          "column": 23
        },
        "end": {
          "line": 40,
          "column": 3
        }
      },
      "11": {
        "start": {
          "line": 41,
          "column": 2
        },
        "end": {
          "line": 125,
          "column": 11
        }
      },
      "12": {
        "start": {
          "line": 127,
          "column": 0
        },
        "end": {
          "line": 127,
          "column": 14
        }
      },
      "13": {
        "start": {
          "line": 129,
          "column": 0
        },
        "end": {
          "line": 129,
          "column": 29
        }
      },
      "14": {
        "start": {
          "line": 130,
          "column": 0
        },
        "end": {
          "line": 133,
          "column": 1
        }
      },
      "15": {
        "start": {
          "line": 131,
          "column": 2
        },
        "end": {
          "line": 131,
          "column": 39
        }
      },
      "16": {
        "start": {
          "line": 132,
          "column": 2
        },
        "end": {
          "line": 132,
          "column": 39
        }
      },
      "17": {
        "start": {
          "line": 134,
          "column": 0
        },
        "end": {
          "line": 143,
          "column": 1
        }
      },
      "18": {
        "start": {
          "line": 135,
          "column": 2
        },
        "end": {
          "line": 142,
          "column": 5
        }
      },
      "19": {
        "start": {
          "line": 136,
          "column": 4
        },
        "end": {
          "line": 136,
          "column": 121
        }
      },
      "20": {
        "start": {
          "line": 137,
          "column": 4
        },
        "end": {
          "line": 141,
          "column": 7
        }
      },
      "21": {
        "start": {
          "line": 138,
          "column": 6
        },
        "end": {
          "line": 138,
          "column": 31
        }
      },
      "22": {
        "start": {
          "line": 138,
          "column": 24
        },
        "end": {
          "line": 138,
          "column": 31
        }
      },
      "23": {
        "start": {
          "line": 139,
          "column": 32
        },
        "end": {
          "line": 139,
          "column": 170
        }
      },
      "24": {
        "start": {
          "line": 140,
          "column": 6
        },
        "end": {
          "line": 140,
          "column": 75
        }
      },
      "25": {
        "start": {
          "line": 140,
          "column": 29
        },
        "end": {
          "line": 140,
          "column": 75
        }
      }
    },
    "fnMap": {
      "0": {
        "name": "(anonymous_0)",
        "decl": {
          "start": {
            "line": 26,
            "column": 24
          },
          "end": {
            "line": 26,
            "column": 25
          }
        },
        "loc": {
          "start": {
            "line": 32,
            "column": 6
          },
          "end": {
            "line": 126,
            "column": 1
          }
        },
        "line": 32
      },
      "1": {
        "name": "(anonymous_1)",
        "decl": {
          "start": {
            "line": 135,
            "column": 52
          },
          "end": {
            "line": 135,
            "column": 53
          }
        },
        "loc": {
          "start": {
            "line": 135,
            "column": 72
          },
          "end": {
            "line": 142,
            "column": 3
          }
        },
        "line": 135
      },
      "2": {
        "name": "(anonymous_2)",
        "decl": {
          "start": {
            "line": 137,
            "column": 27
          },
          "end": {
            "line": 137,
            "column": 28
          }
        },
        "loc": {
          "start": {
            "line": 137,
            "column": 44
          },
          "end": {
            "line": 141,
            "column": 5
          }
        },
        "line": 137
      }
    },
    "branchMap": {
      "0": {
        "loc": {
          "start": {
            "line": 3,
            "column": 20
          },
          "end": {
            "line": 3,
            "column": 97
          }
        },
        "type": "binary-expr",
        "locations": [
          {
            "start": {
              "line": 3,
              "column": 20
            },
            "end": {
              "line": 3,
              "column": 60
            }
          },
          {
            "start": {
              "line": 3,
              "column": 64
            },
            "end": {
              "line": 3,
              "column": 97
            }
          }
        ],
        "line": 3
      },
      "1": {
        "loc": {
          "start": {
            "line": 6,
            "column": 0
          },
          "end": {
            "line": 16,
            "column": 1
          }
        },
        "type": "if",
        "locations": [
          {
            "start": {
              "line": 6,
              "column": 0
            },
            "end": {
              "line": 16,
              "column": 1
            }
          },
          {
            "start": {},
            "end": {}
          }
        ],
        "line": 6
      },
      "2": {
        "loc": {
          "start": {
            "line": 6,
            "column": 4
          },
          "end": {
            "line": 6,
            "column": 35
          }
        },
        "type": "binary-expr",
        "locations": [
          {
            "start": {
              "line": 6,
              "column": 4
            },
            "end": {
              "line": 6,
              "column": 19
            }
          },
          {
            "start": {
              "line": 6,
              "column": 23
            },
            "end": {
              "line": 6,
              "column": 35
            }
          }
        ],
        "line": 6
      },
      "3": {
        "loc": {
          "start": {
            "line": 7,
            "column": 2
          },
          "end": {
            "line": 11,
            "column": 3
          }
        },
        "type": "if",
        "locations": [
          {
            "start": {
              "line": 7,
              "column": 2
            },
            "end": {
              "line": 11,
              "column": 3
            }
          },
          {
            "start": {},
            "end": {}
          }
        ],
        "line": 7
      },
      "4": {
        "loc": {
          "start": {
            "line": 31,
            "column": 2
          },
          "end": {
            "line": 31,
            "column": 19
          }
        },
        "type": "default-arg",
        "locations": [
          {
            "start": {
              "line": 31,
              "column": 10
            },
            "end": {
              "line": 31,
              "column": 19
            }
          }
        ],
        "line": 31
      },
      "5": {
        "loc": {
          "start": {
            "line": 33,
            "column": 21
          },
          "end": {
            "line": 33,
            "column": 41
          }
        },
        "type": "binary-expr",
        "locations": [
          {
            "start": {
              "line": 33,
              "column": 21
            },
            "end": {
              "line": 33,
              "column": 27
            }
          },
          {
            "start": {
              "line": 33,
              "column": 31
            },
            "end": {
              "line": 33,
              "column": 41
            }
          }
        ],
        "line": 33
      },
      "6": {
        "loc": {
          "start": {
            "line": 53,
            "column": 6
          },
          "end": {
            "line": 91,
            "column": 14
          }
        },
        "type": "cond-expr",
        "locations": [
          {
            "start": {
              "line": 53,
              "column": 26
            },
            "end": {
              "line": 53,
              "column": 30
            }
          },
          {
            "start": {
              "line": 53,
              "column": 49
            },
            "end": {
              "line": 91,
              "column": 14
            }
          }
        ],
        "line": 53
      },
      "7": {
        "loc": {
          "start": {
            "line": 54,
            "column": 8
          },
          "end": {
            "line": 62,
            "column": 16
          }
        },
        "type": "cond-expr",
        "locations": [
          {
            "start": {
              "line": 54,
              "column": 37
            },
            "end": {
              "line": 58,
              "column": 16
            }
          },
          {
            "start": {
              "line": 58,
              "column": 35
            },
            "end": {
              "line": 62,
              "column": 16
            }
          }
        ],
        "line": 54
      },
      "8": {
        "loc": {
          "start": {
            "line": 67,
            "column": 38
          },
          "end": {
            "line": 67,
            "column": 84
          }
        },
        "type": "cond-expr",
        "locations": [
          {
            "start": {
              "line": 67,
              "column": 51
            },
            "end": {
              "line": 67,
              "column": 67
            }
          },
          {
            "start": {
              "line": 67,
              "column": 70
            },
            "end": {
              "line": 67,
              "column": 84
            }
          }
        ],
        "line": 67
      },
      "9": {
        "loc": {
          "start": {
            "line": 130,
            "column": 0
          },
          "end": {
            "line": 133,
            "column": 1
          }
        },
        "type": "if",
        "locations": [
          {
            "start": {
              "line": 130,
              "column": 0
            },
            "end": {
              "line": 133,
              "column": 1
            }
          },
          {
            "start": {},
            "end": {}
          }
        ],
        "line": 130
      },
      "10": {
        "loc": {
          "start": {
            "line": 130,
            "column": 4
          },
          "end": {
            "line": 130,
            "column": 35
          }
        },
        "type": "binary-expr",
        "locations": [
          {
            "start": {
              "line": 130,
              "column": 4
            },
            "end": {
              "line": 130,
              "column": 19
            }
          },
          {
            "start": {
              "line": 130,
              "column": 23
            },
            "end": {
              "line": 130,
              "column": 35
            }
          }
        ],
        "line": 130
      },
      "11": {
        "loc": {
          "start": {
            "line": 134,
            "column": 0
          },
          "end": {
            "line": 143,
            "column": 1
          }
        },
        "type": "if",
        "locations": [
          {
            "start": {
              "line": 134,
              "column": 0
            },
            "end": {
              "line": 143,
              "column": 1
            }
          },
          {
            "start": {},
            "end": {}
          }
        ],
        "line": 134
      },
      "12": {
        "loc": {
          "start": {
            "line": 134,
            "column": 4
          },
          "end": {
            "line": 134,
            "column": 35
          }
        },
        "type": "binary-expr",
        "locations": [
          {
            "start": {
              "line": 134,
              "column": 4
            },
            "end": {
              "line": 134,
              "column": 19
            }
          },
          {
            "start": {
              "line": 134,
              "column": 23
            },
            "end": {
              "line": 134,
              "column": 35
            }
          }
        ],
        "line": 134
      },
      "13": {
        "loc": {
          "start": {
            "line": 138,
            "column": 6
          },
          "end": {
            "line": 138,
            "column": 31
          }
        },
        "type": "if",
        "locations": [
          {
            "start": {
              "line": 138,
              "column": 6
            },
            "end": {
              "line": 138,
              "column": 31
            }
          },
          {
            "start": {},
            "end": {}
          }
        ],
        "line": 138
      },
      "14": {
        "loc": {
          "start": {
            "line": 140,
            "column": 6
          },
          "end": {
            "line": 140,
            "column": 75
          }
        },
        "type": "if",
        "locations": [
          {
            "start": {
[...]
        "start": {
          "line": 71,
          "column": 8
        },
        "end": {
          "line": 75,
          "column": 17
        }
      },
      "22": {
        "start": {
          "line": 77,
          "column": 8
        },
        "end": {
          "line": 81,
          "column": 17
        }
      },
      "23": {
        "start": {
          "line": 83,
          "column": 8
        },
        "end": {
          "line": 87,
          "column": 17
        }
      },
      "24": {
        "start": {
          "line": 90,
          "column": 2
        },
        "end": {
          "line": 105,
          "column": 11
        }
      },
      "25": {
        "start": {
          "line": 107,
          "column": 0
        },
        "end": {
          "line": 107,
          "column": 40
        }
      },
      "26": {
        "start": {
          "line": 108,
          "column": 0
        },
        "end": {
          "line": 108,
          "column": 9
        }
      },
      "27": {
        "start": {
          "line": 111,
          "column": 0
        },
        "end": {
          "line": 111,
          "column": 24
        }
      },
      "28": {
        "start": {
          "line": 112,
          "column": 0
        },
        "end": {
          "line": 115,
          "column": 1
        }
      },
      "29": {
        "start": {
          "line": 113,
          "column": 2
        },
        "end": {
          "line": 113,
          "column": 39
        }
      },
      "30": {
        "start": {
          "line": 114,
          "column": 2
        },
        "end": {
          "line": 114,
          "column": 39
        }
      },
      "31": {
        "start": {
          "line": 116,
          "column": 0
        },
        "end": {
          "line": 125,
          "column": 1
        }
      },
      "32": {
        "start": {
          "line": 117,
          "column": 2
        },
        "end": {
          "line": 124,
          "column": 5
        }
      },
      "33": {
        "start": {
          "line": 118,
          "column": 4
        },
        "end": {
          "line": 118,
          "column": 95
        }
      },
      "34": {
        "start": {
          "line": 119,
          "column": 4
        },
        "end": {
          "line": 123,
          "column": 7
        }
      },
      "35": {
        "start": {
          "line": 120,
          "column": 6
        },
        "end": {
          "line": 120,
          "column": 31
        }
      },
      "36": {
        "start": {
          "line": 120,
          "column": 24
        },
        "end": {
          "line": 120,
          "column": 31
        }
      },
      "37": {
        "start": {
          "line": 121,
          "column": 32
        },
        "end": {
          "line": 121,
          "column": 144
        }
      },
      "38": {
        "start": {
          "line": 122,
          "column": 6
        },
        "end": {
          "line": 122,
          "column": 75
        }
      },
      "39": {
        "start": {
          "line": 122,
          "column": 29
        },
        "end": {
          "line": 122,
          "column": 75
        }
      }
    },
    "fnMap": {
      "0": {
        "name": "App",
        "decl": {
          "start": {
            "line": 26,
            "column": 9
          },
          "end": {
            "line": 26,
            "column": 12
          }
        },
        "loc": {
          "start": {
            "line": 26,
            "column": 15
          },
          "end": {
            "line": 106,
            "column": 1
          }
        },
        "line": 26
      },
      "1": {
        "name": "(anonymous_1)",
        "decl": {
          "start": {
            "line": 29,
            "column": 26
          },
          "end": {
            "line": 29,
            "column": 27
          }
        },
        "loc": {
          "start": {
            "line": 29,
            "column": 35
          },
          "end": {
            "line": 31,
            "column": 3
          }
        },
        "line": 29
      },
      "2": {
        "name": "(anonymous_2)",
        "decl": {
          "start": {
            "line": 32,
            "column": 24
          },
          "end": {
            "line": 32,
            "column": 25
          }
        },
        "loc": {
          "start": {
            "line": 32,
            "column": 30
          },
          "end": {
            "line": 89,
            "column": 3
          }
        },
        "line": 32
      },
      "3": {
        "name": "(anonymous_3)",
        "decl": {
          "start": {
            "line": 117,
            "column": 52
          },
          "end": {
            "line": 117,
            "column": 53
          }
        },
        "loc": {
          "start": {
            "line": 117,
            "column": 72
          },
          "end": {
            "line": 124,
            "column": 3
          }
        },
        "line": 117
      },
      "4": {
        "name": "(anonymous_4)",
        "decl": {
          "start": {
            "line": 119,
            "column": 27
          },
          "end": {
            "line": 119,
            "column": 28
          }
        },
        "loc": {
          "start": {
            "line": 119,
            "column": 44
          },
          "end": {
            "line": 123,
            "column": 5
          }
        },
        "line": 119
      }
    },
    "branchMap": {
      "0": {
        "loc": {
          "start": {
            "line": 3,
            "column": 20
          },
          "end": {
            "line": 3,
            "column": 97
          }
        },
        "type": "binary-expr",
        "locations": [
          {
            "start": {
              "line": 3,
              "column": 20
            },
            "end": {
              "line": 3,
              "column": 60
            }
          },
          {
            "start": {
              "line": 3,
              "column": 64
            },
            "end": {
              "line": 3,
              "column": 97
            }
          }
        ],
        "line": 3
      },
      "1": {
        "loc": {
          "start": {
            "line": 6,
            "column": 0
          },
          "end": {
            "line": 16,
            "column": 1
          }
        },
        "type": "if",
        "locations": [
          {
            "start": {
              "line": 6,
              "column": 0
            },
            "end": {
              "line": 16,
              "column": 1
            }
          },
          {
            "start": {},
            "end": {}
          }
        ],
        "line": 6
      },
      "2": {
        "loc": {
          "start": {
            "line": 6,
            "column": 4
          },
          "end": {
            "line": 6,
            "column": 35
          }
        },
        "type": "binary-expr",
        "locations": [
          {
            "start": {
              "line": 6,
              "column": 4
            },
            "end": {
              "line": 6,
              "column": 19
            }
          },
          {
            "start": {
              "line": 6,
              "column": 23
            },
            "end": {
              "line": 6,
              "column": 35
            }
          }
        ],
        "line": 6
      },
      "3": {
        "loc": {
          "start": {
            "line": 7,
            "column": 2
          },
          "end": {
            "line": 11,
            "column": 3
          }
        },
        "type": "if",
        "locations": [
          {
            "start": {
              "line": 7,
              "column": 2
            },
            "end": {
              "line": 11,
              "column": 3
            }
          },
          {
            "start": {},
            "end": {}
          }
        ],
        "line": 7
      },
      "4": {
        "loc": {
          "start": {
            "line": 33,
            "column": 4
          },
          "end": {
            "line": 88,
            "column": 5
          }
        },
        "type": "switch",
        "locations": [
          {
            "start": {
              "line": 34,
              "column": 6
            },
            "end": {
              "line": 39,
              "column": 17
            }
          },
          {
            "start": {
              "line": 40,
              "column": 6
            },
            "end": {
              "line": 45,
              "column": 17
            }
          },
          {
            "start": {
              "line": 46,
              "column": 6
            },
            "end": {
              "line": 51,
              "column": 17
            }
          },
          {
            "start": {
              "line": 52,
              "column": 6
            },
            "end": {
              "line": 57,
              "column": 17
            }
          },
          {
            "start": {
              "line": 58,
              "column": 6
            },
            "end": {
              "line": 63,
              "column": 17
            }
          },
          {
            "start": {
              "line": 64,
              "column": 6
            },
            "end": {
              "line": 69,
              "column": 17
            }
          },
          {
            "start": {
              "line": 70,
              "column": 6
            },
            "end": {
              "line": 75,
              "column": 17
            }
          },
          {
            "start": {
              "line": 76,
              "column": 6
            },
            "end": {
              "line": 81,
              "column": 17
            }
          },
          {
            "start": {
              "line": 82,
              "column": 6
            },
            "end": {
              "line": 87,
              "column": 17
            }
          }
        ],
        "line": 33
      },
      "5": {
        "loc": {
          "start": {
            "line": 112,
            "column": 0
          },
          "end": {
            "line": 115,
            "column": 1
          }
        },
        "type": "if",
        "locations": [
          {
            "start": {
              "line": 112,
              "column": 0
            },
            "end": {
              "line": 115,
              "column": 1
            }
          },
          {
            "start": {},
            "end": {}
          }
        ],
        "line": 112
      },
      "6": {
        "loc": {
          "start": {
            "line": 112,
            "column": 4
          },
          "end": {
            "line": 112,
            "column": 35
          }
        },
        "type": "binary-expr",
        "locations": [
          {
            "start": {
              "line": 112,
              "column": 4
            },
            "end": {
              "line": 112,
              "column": 19
            }
          },
          {
            "start": {
              "line": 112,
              "column": 23
            },
            "end": {
              "line": 112,
              "column": 35
            }
          }
        ],
        "line": 112
      },
      "7": {
        "loc": {
          "start": {
            "line": 116,
            "column": 0
          },
          "end": {
            "line": 125,
            "column": 1
          }
        },
        "type": "if",
        "locations": [
          {
            "start": {
              "line": 116,
              "column": 0
            },
            "end": {
              "line": 125,
              "column": 1
            }
          },
          {
            "start": {},
            "end": {}
          }
        ],
        "line": 116
      },
      "8": {
        "loc": {
          "start": {
            "line": 116,
            "column": 4
          },
          "end": {
            "line": 116,
            "column": 35
          }
        },
        "type": "binary-expr",
        "locations": [
          {
            "start": {
              "line": 116,
              "column": 4
            },
            "end": {
              "line": 116,
              "column": 19
            }
          },
          {
            "start": {
              "line": 116,
              "column": 23
            },
            "end": {
              "line": 116,
              "column": 35
            }
          }
        ],
        "line": 116
      },
      "9": {
        "loc": {
          "start": {
            "line": 120,
            "column": 6
          },
          "end": {
            "line": 120,
            "column": 31
          }
        },
        "type": "if",
        "locations": [
          {
            "start": {
              "line": 120,
              "column": 6
            },
            "end": {
              "line": 120,
              "column": 31
            }
          },
          {
            "start": {},
            "end": {}
          }
        ],
        "line": 120
      },
      "10": {
        "loc": {
          "start": {
            "line": 122,
            "column": 6
          },
          "end": {
            "line": 122,
            "column": 75
          }
        },
        "type": "if",
        "locations": [
          {
            "start": {
              "line": 122,
              "column": 6
            },
            "end": {
              "line": 122,
              "column": 75
            }
          },
          {
            "start": {},
            "end": {}
          }
        ],
        "line": 122
      }
    },
    "s": {
      "0": 6,
      "1": 6,
      "2": 6,
      "3": 0,
      "4": 6,
      "5": 6,
      "6": 6,
      "7": 6,
      "8": 6,
      "9": 12,
      "10": 12,
      "11": 12,
      "12": 0,
      "13": 12,
      "14": 12,
      "15": 12,
      "16": 0,
      "17": 0,
      "18": 0,
      "19": 0,
      "20": 0,
      "21": 0,
      "22": 0,
      "23": 0,
      "24": 12,
      "25": 6,
      "26": 6,
      "27": 6,
      "28": 6,
      "29": 6,
      "30": 6,
      "31": 6,
      "32": 6,
      "33": 4,
      "34": 4,
      "35": 0,
      "36": 0,
      "37": 0,
      "38": 0,
      "39": 0
    },
    "f": {
      "0": 12,
      "1": 0,
      "2": 12,
      "3": 4,
      "4": 0
    },
    "b": {
      "0": [
        6,
        0
      ],
      "1": [
        6,
        0
      ],
      "2": [
        6,
        6
      ],
      "3": [
        0,
        6
      ],
      "4": [
        12,
        0,
        0,
        0,
        0,
        0,
        0,
        0,
        0
      ],
      "5": [
        6,
        0
      ],
      "6": [
        6,
        6
      ],
      "7": [
        6,
        0
      ],
      "8": [
        6,
        6
      ],
      "9": [
        0,
        0
      ],
      "10": [
        0,
        0
      ]
    },
    "inputSourceMap": {
      "version": 3,
      "mappings": "AAoBe;;;;;;;;;;;;;;;;;AApBf,SAASA,gBAAgB;AACzB,SAASC,qBAAqB;AAC9B,OAAOC,iBAAiB;AACxB,SAASC,aAAa;AACtB,SAASC,cAAc;AACvB,SAASC,iBAAiB;AAC1B,OAAOC,cAAc;AAErB,OAAOC,aAAa;AAEpB,SAASC,MAAM;AAAAC,KAAA;AACb,QAAM,CAACC,WAAWC,YAAY,IAAIX,SAAkB,WAAW;AAE/D,QAAMY,kBAAkBA,CAACC,QAAgB;AACvCF,iBAAaE,GAAc;AAAA,EAC7B;AAEA,QAAMC,gBAAgBA,MAAM;AAC1B,YAAQJ,WAAS;AAAA,MACf,KAAK;AACH,eAAO,uBAAC,eAAD;AAAA;AAAA;AAAA;AAAA,eAAU;AAAA,MACnB,KAAK;AACH,eAAO,uBAAC,cAAD;AAAA;AAAA;AAAA;AAAA,eAAS;AAAA,MAClB,KAAK;AACH,eAAO,uBAAC,aAAD;AAAA;AAAA;AAAA;AAAA,eAAQ;AAAA,MACjB,KAAK;AACH,eAAO,uBAAC,SAAI,WAAU,iCAAgC,6CAA/C;AAAA;AAAA;AAAA;AAAA,eAA4E;AAAA,MACrF,KAAK;AACH,eAAO,uBAAC,SAAI,WAAU,iCAAgC,wCAA/C;AAAA;AAAA;AAAA;AAAA,eAAuE;AAAA,MAChF,KAAK;AACH,eAAO,uBAAC,SAAI,WAAU,iCAAgC,oCAA/C;AAAA;AAAA;AAAA;AAAA,eAAmE;AAAA,MAC5E,KAAK;AACH,eAAO,uBAAC,SAAI,WAAU,iCAAgC,qCAA/C;AAAA;AAAA;AAAA;AAAA,eAAoE;AAAA,MAC7E,KAAK;AACH,eAAO,uBAAC,SAAI,WAAU,iCAAgC,0CAA/C;AAAA;AAAA;AAAA;AAAA,eAAyE;AAAA,MAClF;AACE,eAAO,uBAAC,eAAD;AAAA;AAAA;AAAA;AAAA,eAAU;AAAA,IACrB;AAAA,EACF;AAEA,SACE,uBAAC,iBAAc,OACb;AAAA,2BAAC,iBAAD;AAAA;AAAA;AAAA;AAAA,WAAY;AAAA,IACZ,uBAAC,UAAO,WAAsB,aAAaE,iBACxCE,wBAAc,KADjB;AAAA;AAAA;AAAA;AAAA,WAEA;AAAA,OAJF;AAAA;AAAA;AAAA;AAAA,SAKA;AAEJ;AAACL,GAtCQD,KAAG;AAAAO,KAAHP;AAwCT,eAAeA;AAAI,IAAAO;AAAAC,aAAAD,IAAA",
      "names": [
        "useState",
        "ThemeProvider",
        "CssBaseline",
        "theme",
        "Layout",
        "Dashboard",
        "Expenses",
        "Incomes",
        "App",
        "_s",
        "activeTab",
        "setActiveTab",
        "handleTabChange",
        "tab",
        "renderContent",
        "_c",
        "$RefreshReg$"
      ],
      "ignoreList": [],
      "sources": [
        "F:/family_app/src/App.tsx"
      ],
      "file": "F:/family_app/src/App.tsx"
    },
    "_coverageSchema": "1a1c01bbd47fc00a2c39e90264f33305004495a9",
    "hash": "c9262c0dc2aa1d9570ccf9634af032d99100cfee"
  },
  "F:/family_app/src/main.tsx": {
    "path": "F:/family_app/src/main.tsx",
    "statementMap": {
      "0": {
        "start": {
          "line": 8,
          "column": 15
        },
        "end": {
          "line": 12,
          "column": 2
        }
      },
      "1": {
        "start": {
          "line": 13,
          "column": 0
        },
        "end": {
          "line": 27,
          "column": 2
        }
      },
      "2": {
        "start": {
          "line": 8,
          "column": 22
        },
        "end": {
          "line": 8,
          "column": 79
        }
      },
      "3": {
        "start": {
          "line": 9,
          "column": 15
        },
        "end": {
          "line": 13,
          "column": 2
        }
      },
      "4": {
        "start": {
          "line": 14,
          "column": 0
        },
        "end": {
          "line": 28,
          "column": 2
        }
      }
    },
    "fnMap": {},
    "branchMap": {
      "0": {
        "loc": {
          "start": {
            "line": 8,
            "column": 22
          },
          "end": {
            "line": 8,
            "column": 79
          }
        },
        "type": "binary-expr",
        "locations": [
          {
            "start": {
              "line": 8,
              "column": 22
            },
            "end": {
              "line": 8,
              "column": 53
            }
          },
          {
            "start": {
              "line": 8,
              "column": 57
            },
            "end": {
              "line": 8,
              "column": 79
            }
          }
        ],
        "line": 8
      }
    },
    "s": {
      "0": 5,
      "1": 5,
      "2": 6,
      "3": 1,
      "4": 1
    },
    "f": {},
    "b": {
      "0": [
        1,
        0
      ]
    },
    "inputSourceMap": {
      "version": 3,
      "mappings": "AAeM;AAfN,SAASA,kBAAkB;AAC3B,SAASC,kBAAkB;AAC3B,OAAO;AACP,OAAOC,SAAS;AAChB,SAASC,cAAcC,eAAeC,gBAAgB;AACtD,SAASC,sBAAsB;AAE/B,MAAMC,SAAS,IAAIJ,aAAa;AAAA,EAC9BK,MAAM,IAAIH,SAAS,EAAEI,KAAK,gCAAgC,CAAC;AAAA;AAAA,EAC3DC,OAAO,IAAIN,cAAc;AAC3B,CAAC;AAEDH,WAAWU,SAASC,eAAe,MAAM,CAAE,EAAEC;AAAAA,EAC3C,uBAAC,cACC,iCAAC,kBAAe,QACd,iCAAC,SAAD;AAAA;AAAA;AAAA;AAAA,SAAI,KADN;AAAA;AAAA;AAAA;AAAA,SAEA,KAHF;AAAA;AAAA;AAAA;AAAA,SAIA;AACF",
      "names": [
        "StrictMode",
        "createRoot",
        "App",
        "ApolloClient",
        "InMemoryCache",
        "HttpLink",
        "ApolloProvider",
        "client",
        "link",
        "uri",
        "cache",
        "document",
        "getElementById",
        "render"
      ],
      "ignoreList": [],
      "sources": [
        "F:/family_app/src/main.tsx"
      ],
      "file": "F:/family_app/src/main.tsx"
    },
    "_coverageSchema": "1a1c01bbd47fc00a2c39e90264f33305004495a9",
    "hash": "902dcd6b5cf5ca8e2fb2ad3345bd61b4d62baeae"
  }
}