{"F:/family_app/src/App.tsx": {"path":"F:/family_app/src/App.tsx","statementMap":{"0":{"start":{"line":11,"column":15},"end":{"line":11,"column":null}},"1":{"start":{"line":12,"column":36},"end":{"line":12,"column":null}},"2":{"start":{"line":14,"column":26},"end":{"line":16,"column":null}},"3":{"start":{"line":15,"column":4},"end":{"line":15,"column":null}},"4":{"start":{"line":18,"column":24},"end":{"line":39,"column":null}},"5":{"start":{"line":19,"column":4},"end":{"line":38,"column":null}},"6":{"start":{"line":21,"column":8},"end":{"line":21,"column":null}},"7":{"start":{"line":23,"column":8},"end":{"line":23,"column":null}},"8":{"start":{"line":25,"column":8},"end":{"line":25,"column":null}},"9":{"start":{"line":27,"column":8},"end":{"line":27,"column":null}},"10":{"start":{"line":29,"column":8},"end":{"line":29,"column":null}},"11":{"start":{"line":31,"column":8},"end":{"line":31,"column":null}},"12":{"start":{"line":33,"column":8},"end":{"line":33,"column":null}},"13":{"start":{"line":35,"column":8},"end":{"line":35,"column":null}},"14":{"start":{"line":37,"column":8},"end":{"line":37,"column":null}},"15":{"start":{"line":41,"column":2},"end":{"line":47,"column":null}},"16":{"start":{"line":49,"column":1},"end":{"line":11,"column":15}},"17":{"start":{"line":11,"column":12},"end":{"line":null,"column":-1}},"18":{"start":{"line":51,"column":19},"end":{"line":51,"column":null}}},"fnMap":{"0":{"name":"App","decl":{"start":{"line":11,"column":9},"end":{"line":11,"column":12}},"loc":{"start":{"line":11,"column":15},"end":{"line":49,"column":1}}},"1":{"name":"(anonymous_1)","decl":{"start":{"line":14,"column":26},"end":{"line":14,"column":27}},"loc":{"start":{"line":14,"column":43},"end":{"line":16,"column":null}}},"2":{"name":"(anonymous_2)","decl":{"start":{"line":18,"column":24},"end":{"line":18,"column":30}},"loc":{"start":{"line":18,"column":30},"end":{"line":39,"column":null}}}},"branchMap":{"0":{"loc":{"start":{"line":19,"column":4},"end":{"line":38,"column":null}},"type":"switch","locations":[{"start":{"line":20,"column":6},"end":{"line":21,"column":null}},{"start":{"line":22,"column":6},"end":{"line":23,"column":null}},{"start":{"line":24,"column":6},"end":{"line":25,"column":null}},{"start":{"line":26,"column":6},"end":{"line":27,"column":null}},{"start":{"line":28,"column":6},"end":{"line":29,"column":null}},{"start":{"line":30,"column":6},"end":{"line":31,"column":null}},{"start":{"line":32,"column":6},"end":{"line":33,"column":null}},{"start":{"line":34,"column":6},"end":{"line":35,"column":null}},{"start":{"line":36,"column":6},"end":{"line":37,"column":null}}]}},"s":{"0":10,"1":10,"2":10,"3":0,"4":10,"5":10,"6":10,"7":0,"8":0,"9":0,"10":0,"11":0,"12":0,"13":0,"14":0,"15":10,"16":5,"17":5,"18":5},"f":{"0":10,"1":0,"2":10},"b":{"0":[10,0,0,0,0,0,0,0,0]}}
,"F:/family_app/src/main.tsx": {"path":"F:/family_app/src/main.tsx","statementMap":{"0":{"start":{"line":8,"column":15},"end":{"line":11,"column":null}},"1":{"start":{"line":13,"column":0},"end":{"line":19,"column":null}}},"fnMap":{},"branchMap":{},"s":{"0":5,"1":5},"f":{},"b":{}}
,"F:/family_app/src/components/common/AddTransactionForm.tsx": {"path":"F:/family_app/src/components/common/AddTransactionForm.tsx","statementMap":{"0":{"start":{"line":18,"column":69},"end":{"line":78,"column":2}},"1":{"start":{"line":31,"column":2},"end":{"line":76,"column":null}},"2":{"start":{"line":40,"column":29},"end":{"line":40,"column":null}},"3":{"start":{"line":49,"column":29},"end":{"line":49,"column":null}},"4":{"start":{"line":57,"column":29},"end":{"line":57,"column":null}},"5":{"start":{"line":66,"column":29},"end":{"line":66,"column":null}},"6":{"start":{"line":78,"column":2},"end":{"line":18,"column":69}},"7":{"start":{"line":80,"column":34},"end":{"line":80,"column":null}}},"fnMap":{"0":{"name":"(anonymous_0)","decl":{"start":{"line":18,"column":69},"end":{"line":18,"column":70}},"loc":{"start":{"line":30,"column":6},"end":{"line":78,"column":2}}},"1":{"name":"(anonymous_1)","decl":{"start":{"line":40,"column":22},"end":{"line":40,"column":23}},"loc":{"start":{"line":40,"column":29},"end":{"line":40,"column":null}}},"2":{"name":"(anonymous_2)","decl":{"start":{"line":49,"column":22},"end":{"line":49,"column":23}},"loc":{"start":{"line":49,"column":29},"end":{"line":49,"column":null}}},"3":{"name":"(anonymous_3)","decl":{"start":{"line":57,"column":22},"end":{"line":57,"column":23}},"loc":{"start":{"line":57,"column":29},"end":{"line":57,"column":null}}},"4":{"name":"(anonymous_4)","decl":{"start":{"line":66,"column":22},"end":{"line":66,"column":23}},"loc":{"start":{"line":66,"column":29},"end":{"line":66,"column":null}}}},"branchMap":{"0":{"loc":{"start":{"line":33,"column":58},"end":{"line":33,"column":91}},"type":"cond-expr","locations":[{"start":{"line":33,"column":69},"end":{"line":33,"column":88}},{"start":{"line":33,"column":88},"end":{"line":33,"column":91}}]}},"s":{"0":5,"1":0,"2":0,"3":0,"4":0,"5":0,"6":5,"7":5},"f":{"0":0,"1":0,"2":0,"3":0,"4":0},"b":{"0":[0,0]}}
,"F:/family_app/src/components/common/CardEditorControls.tsx": {"path":"F:/family_app/src/components/common/CardEditorControls.tsx","statementMap":{"0":{"start":{"line":14,"column":69},"end":{"line":56,"column":2}},"1":{"start":{"line":23,"column":2},"end":{"line":54,"column":null}},"2":{"start":{"line":30,"column":25},"end":{"line":30,"column":null}},"3":{"start":{"line":38,"column":25},"end":{"line":38,"column":null}},"4":{"start":{"line":41,"column":62},"end":{"line":41,"column":72}},"5":{"start":{"line":47,"column":23},"end":{"line":47,"column":null}},"6":{"start":{"line":50,"column":49},"end":{"line":50,"column":73}},"7":{"start":{"line":56,"column":2},"end":{"line":14,"column":69}},"8":{"start":{"line":58,"column":34},"end":{"line":58,"column":null}}},"fnMap":{"0":{"name":"(anonymous_0)","decl":{"start":{"line":14,"column":69},"end":{"line":14,"column":70}},"loc":{"start":{"line":22,"column":6},"end":{"line":56,"column":2}}},"1":{"name":"(anonymous_1)","decl":{"start":{"line":30,"column":18},"end":{"line":30,"column":19}},"loc":{"start":{"line":30,"column":25},"end":{"line":30,"column":null}}},"2":{"name":"(anonymous_2)","decl":{"start":{"line":38,"column":18},"end":{"line":38,"column":19}},"loc":{"start":{"line":38,"column":25},"end":{"line":38,"column":null}}},"3":{"name":"(anonymous_3)","decl":{"start":{"line":41,"column":56},"end":{"line":41,"column":62}},"loc":{"start":{"line":41,"column":62},"end":{"line":41,"column":72}}},"4":{"name":"(anonymous_4)","decl":{"start":{"line":47,"column":17},"end":{"line":47,"column":23}},"loc":{"start":{"line":47,"column":23},"end":{"line":47,"column":null}}},"5":{"name":"(anonymous_5)","decl":{"start":{"line":50,"column":43},"end":{"line":50,"column":49}},"loc":{"start":{"line":50,"column":49},"end":{"line":50,"column":73}}}},"branchMap":{},"s":{"0":5,"1":0,"2":0,"3":0,"4":0,"5":0,"6":0,"7":5,"8":5},"f":{"0":0,"1":0,"2":0,"3":0,"4":0,"5":0},"b":{}}
,"F:/family_app/src/components/common/CardSelector.tsx": {"path":"F:/family_app/src/components/common/CardSelector.tsx","statementMap":{"0":{"start":{"line":21,"column":57},"end":{"line":74,"column":2}},"1":{"start":{"line":22,"column":23},"end":{"line":24,"column":null}},"2":{"start":{"line":23,"column":4},"end":{"line":23,"column":null}},"3":{"start":{"line":26,"column":2},"end":{"line":72,"column":null}},"4":{"start":{"line":51,"column":12},"end":{"line":63,"column":null}},"5":{"start":{"line":74,"column":2},"end":{"line":21,"column":57}},"6":{"start":{"line":76,"column":28},"end":{"line":76,"column":null}}},"fnMap":{"0":{"name":"(anonymous_0)","decl":{"start":{"line":21,"column":57},"end":{"line":21,"column":58}},"loc":{"start":{"line":21,"column":107},"end":{"line":74,"column":2}}},"1":{"name":"(anonymous_1)","decl":{"start":{"line":22,"column":23},"end":{"line":22,"column":24}},"loc":{"start":{"line":22,"column":61},"end":{"line":24,"column":null}}},"2":{"name":"(anonymous_2)","decl":{"start":{"line":50,"column":22},"end":{"line":50,"column":23}},"loc":{"start":{"line":51,"column":12},"end":{"line":63,"column":null}}}},"branchMap":{"0":{"loc":{"start":{"line":67,"column":7},"end":{"line":70,"column":null}},"type":"binary-expr","locations":[{"start":{"line":67,"column":7},"end":{"line":67,"column":null}},{"start":{"line":68,"column":8},"end":{"line":70,"column":null}}]}},"s":{"0":5,"1":0,"2":0,"3":0,"4":0,"5":5,"6":5},"f":{"0":0,"1":0,"2":0},"b":{"0":[0,0]}}
,"F:/family_app/src/components/dashboard/DataTable.tsx": {"path":"F:/family_app/src/components/dashboard/DataTable.tsx","statementMap":{"0":{"start":{"line":18,"column":51},"end":{"line":69,"column":2}},"1":{"start":{"line":19,"column":2},"end":{"line":67,"column":null}},"2":{"start":{"line":39,"column":18},"end":{"line":41,"column":null}},"3":{"start":{"line":47,"column":31},"end":{"line":47,"column":null}},"4":{"start":{"line":48,"column":36},"end":{"line":48,"column":null}},"5":{"start":{"line":48,"column":57},"end":{"line":48,"column":76}},"6":{"start":{"line":49,"column":31},"end":{"line":49,"column":null}},"7":{"start":{"line":50,"column":16},"end":{"line":60,"column":null}},"8":{"start":{"line":56,"column":22},"end":{"line":58,"column":null}},"9":{"start":{"line":69,"column":2},"end":{"line":18,"column":48}},"10":{"start":{"line":18,"column":48},"end":{"line":18,"column":51}}},"fnMap":{"0":{"name":"(anonymous_0)","decl":{"start":{"line":18,"column":51},"end":{"line":18,"column":52}},"loc":{"start":{"line":18,"column":81},"end":{"line":69,"column":2}}},"1":{"name":"(anonymous_1)","decl":{"start":{"line":38,"column":29},"end":{"line":38,"column":30}},"loc":{"start":{"line":39,"column":18},"end":{"line":41,"column":null}}},"2":{"name":"(anonymous_2)","decl":{"start":{"line":46,"column":24},"end":{"line":46,"column":25}},"loc":{"start":{"line":46,"column":40},"end":{"line":62,"column":15}}},"3":{"name":"(anonymous_3)","decl":{"start":{"line":48,"column":48},"end":{"line":48,"column":49}},"loc":{"start":{"line":48,"column":57},"end":{"line":48,"column":76}}},"4":{"name":"(anonymous_4)","decl":{"start":{"line":55,"column":33},"end":{"line":55,"column":34}},"loc":{"start":{"line":56,"column":22},"end":{"line":58,"column":null}}}},"branchMap":{"0":{"loc":{"start":{"line":49,"column":31},"end":{"line":49,"column":null}},"type":"cond-expr","locations":[{"start":{"line":49,"column":48},"end":{"line":49,"column":80}},{"start":{"line":49,"column":80},"end":{"line":49,"column":null}}]},"1":{"loc":{"start":{"line":49,"column":48},"end":{"line":49,"column":80}},"type":"binary-expr","locations":[{"start":{"line":49,"column":48},"end":{"line":49,"column":63}},{"start":{"line":49,"column":63},"end":{"line":49,"column":80}}]},"2":{"loc":{"start":{"line":57,"column":25},"end":{"line":57,"column":null}},"type":"cond-expr","locations":[{"start":{"line":57,"column":41},"end":{"line":57,"column":74}},{"start":{"line":57,"column":74},"end":{"line":57,"column":null}}]}},"s":{"0":5,"1":10,"2":50,"3":40,"4":40,"5":200,"6":40,"7":40,"8":200,"9":5,"10":5},"f":{"0":10,"1":50,"2":40,"3":200,"4":200},"b":{"0":[0,40],"1":[0,0],"2":[40,160]}}
,"F:/family_app/src/components/dashboard/ExpandedExpenseRow.tsx": {"path":"F:/family_app/src/components/dashboard/ExpandedExpenseRow.tsx","statementMap":{"0":{"start":{"line":63,"column":62},"end":{"line":282,"column":2}},"1":{"start":{"line":63,"column":150},"end":{"line":63,"column":null}},"2":{"start":{"line":64,"column":18},"end":{"line":64,"column":null}},"3":{"start":{"line":65,"column":34},"end":{"line":65,"column":null}},"4":{"start":{"line":66,"column":38},"end":{"line":66,"column":null}},"5":{"start":{"line":67,"column":42},"end":{"line":67,"column":null}},"6":{"start":{"line":68,"column":81},"end":{"line":68,"column":null}},"7":{"start":{"line":69,"column":30},"end":{"line":69,"column":null}},"8":{"start":{"line":70,"column":46},"end":{"line":70,"column":null}},"9":{"start":{"line":74,"column":21},"end":{"line":74,"column":null}},"10":{"start":{"line":75,"column":2},"end":{"line":82,"column":null}},"11":{"start":{"line":76,"column":23},"end":{"line":76,"column":null}},"12":{"start":{"line":77,"column":4},"end":{"line":80,"column":null}},"13":{"start":{"line":78,"column":6},"end":{"line":78,"column":null}},"14":{"start":{"line":79,"column":6},"end":{"line":79,"column":null}},"15":{"start":{"line":84,"column":2},"end":{"line":88,"column":null}},"16":{"start":{"line":85,"column":4},"end":{"line":87,"column":null}},"17":{"start":{"line":86,"column":6},"end":{"line":86,"column":null}},"18":{"start":{"line":90,"column":27},"end":{"line":112,"column":null}},"19":{"start":{"line":91,"column":4},"end":{"line":91,"column":null}},"20":{"start":{"line":92,"column":4},"end":{"line":92,"column":null}},"21":{"start":{"line":92,"column":71},"end":{"line":92,"column":null}},"22":{"start":{"line":93,"column":26},"end":{"line":93,"column":null}},"23":{"start":{"line":93,"column":81},"end":{"line":93,"column":107}},"24":{"start":{"line":94,"column":21},"end":{"line":94,"column":null}},"25":{"start":{"line":95,"column":4},"end":{"line":98,"column":null}},"26":{"start":{"line":96,"column":6},"end":{"line":96,"column":null}},"27":{"start":{"line":97,"column":6},"end":{"line":97,"column":null}},"28":{"start":{"line":99,"column":4},"end":{"line":108,"column":null}},"29":{"start":{"line":109,"column":4},"end":{"line":109,"column":null}},"30":{"start":{"line":111,"column":4},"end":{"line":111,"column":null}},"31":{"start":{"line":114,"column":31},"end":{"line":117,"column":null}},"32":{"start":{"line":115,"column":4},"end":{"line":115,"column":null}},"33":{"start":{"line":116,"column":4},"end":{"line":116,"column":null}},"34":{"start":{"line":116,"column":27},"end":{"line":116,"column":29}},"35":{"start":{"line":119,"column":2},"end":{"line":280,"column":null}},"36":{"start":{"line":125,"column":23},"end":{"line":125,"column":null}},"37":{"start":{"line":130,"column":49},"end":{"line":130,"column":73}},"38":{"start":{"line":143,"column":29},"end":{"line":143,"column":50}},"39":{"start":{"line":143,"column":50},"end":{"line":143,"column":62}},"40":{"start":{"line":159,"column":54},"end":{"line":159,"column":78}},"41":{"start":{"line":162,"column":62},"end":{"line":162,"column":86}},"42":{"start":{"line":168,"column":38},"end":{"line":168,"column":59}},"43":{"start":{"line":168,"column":59},"end":{"line":168,"column":71}},"44":{"start":{"line":207,"column":45},"end":{"line":207,"column":null}},"45":{"start":{"line":207,"column":65},"end":{"line":207,"column":96}},"46":{"start":{"line":218,"column":45},"end":{"line":218,"column":null}},"47":{"start":{"line":218,"column":65},"end":{"line":218,"column":108}},"48":{"start":{"line":229,"column":45},"end":{"line":229,"column":null}},"49":{"start":{"line":229,"column":65},"end":{"line":229,"column":105}},"50":{"start":{"line":259,"column":30},"end":{"line":263,"column":null}},"51":{"start":{"line":282,"column":2},"end":{"line":69,"column":42}},"52":{"start":{"line":63,"column":59},"end":{"line":69,"column":42}},"53":{"start":{"line":69,"column":41},"end":{"line":63,"column":59}},"54":{"start":{"line":284,"column":34},"end":{"line":284,"column":null}},"55":{"start":{"line":29,"column":2},"end":{"line":120,"column":null}},"56":{"start":{"line":29,"column":2},"end":{"line":29,"column":null}},"57":{"start":{"line":63,"column":6},"end":{"line":63,"column":88}},"58":{"start":{"line":64,"column":35},"end":{"line":64,"column":null}},"59":{"start":{"line":66,"column":134},"end":{"line":66,"column":null}},"60":{"start":{"line":67,"column":23},"end":{"line":67,"column":null}},"61":{"start":{"line":68,"column":37},"end":{"line":68,"column":76}},"62":{"start":{"line":69,"column":9},"end":{"line":69,"column":41}},"63":{"start":{"line":70,"column":2},"end":{"line":79,"column":35}},"64":{"start":{"line":75,"column":2},"end":{"line":78,"column":25}},"65":{"start":{"line":76,"column":4},"end":{"line":76,"column":null}},"66":{"start":{"line":77,"column":4},"end":{"line":77,"column":46}},"67":{"start":{"line":79,"column":39},"end":{"line":86,"column":31}},"68":{"start":{"line":82,"column":2},"end":{"line":85,"column":8}},"69":{"start":{"line":84,"column":2},"end":{"line":84,"column":null}},"70":{"start":{"line":87,"column":4},"end":{"line":109,"column":18}},"71":{"start":{"line":88,"column":2},"end":{"line":88,"column":null}},"72":{"start":{"line":90,"column":2},"end":{"line":90,"column":null}},"73":{"start":{"line":90,"column":57},"end":{"line":90,"column":null}},"74":{"start":{"line":91,"column":21},"end":{"line":91,"column":null}},"75":{"start":{"line":92,"column":20},"end":{"line":92,"column":64}},"76":{"start":{"line":93,"column":4},"end":{"line":96,"column":22}},"77":{"start":{"line":94,"column":4},"end":{"line":94,"column":37}},"78":{"start":{"line":95,"column":4},"end":{"line":95,"column":19}},"79":{"start":{"line":97,"column":6},"end":{"line":105,"column":null}},"80":{"start":{"line":106,"column":8},"end":{"line":107,"column":null}},"81":{"start":{"line":108,"column":4},"end":{"line":108,"column":null}},"82":{"start":{"line":111,"column":25},"end":{"line":115,"column":6}},"83":{"start":{"line":112,"column":2},"end":{"line":112,"column":null}},"84":{"start":{"line":114,"column":2},"end":{"line":114,"column":56}},"85":{"start":{"line":114,"column":8},"end":{"line":114,"column":31}},"86":{"start":{"line":116,"column":4},"end":{"line":120,"column":null}},"87":{"start":{"line":123,"column":14},"end":{"line":123,"column":null}},"88":{"start":{"line":127,"column":35},"end":{"line":127,"column":null}},"89":{"start":{"line":142,"column":12},"end":{"line":142,"column":null}},"90":{"start":{"line":143,"column":12},"end":{"line":143,"column":27}},"91":{"start":{"line":157,"column":28},"end":{"line":157,"column":null}},"92":{"start":{"line":154,"column":16},"end":{"line":154,"column":17}},"93":{"start":{"line":151,"column":10},"end":{"line":165,"column":null}},"94":{"start":{"line":167,"column":8},"end":{"line":167,"column":9}},"95":{"start":{"line":205,"column":35},"end":{"line":205,"column":null}},"96":{"start":{"line":216,"column":35},"end":{"line":216,"column":null}},"97":{"start":{"line":227,"column":35},"end":{"line":227,"column":null}},"98":{"start":{"line":256,"column":26},"end":{"line":259,"column":31}},"99":{"start":{"line":120,"column":4},"end":{"line":282,"column":null}},"100":{"start":{"line":282,"column":0},"end":{"line":282,"column":2}},"101":{"start":{"line":63,"column":59},"end":{"line":68,"column":118}},"102":{"start":{"line":284,"column":0},"end":{"line":284,"column":34}}},"fnMap":{"0":{"name":"(anonymous_0)","decl":{"start":{"line":63,"column":62},"end":{"line":63,"column":63}},"loc":{"start":{"line":63,"column":150},"end":{"line":282,"column":2}}},"1":{"name":"(anonymous_1)","decl":{"start":{"line":75,"column":12},"end":{"line":75,"column":18}},"loc":{"start":{"line":75,"column":18},"end":{"line":82,"column":5}}},"2":{"name":"(anonymous_2)","decl":{"start":{"line":84,"column":12},"end":{"line":84,"column":18}},"loc":{"start":{"line":84,"column":18},"end":{"line":88,"column":5}}},"3":{"name":"(anonymous_3)","decl":{"start":{"line":90,"column":27},"end":{"line":90,"column":34}},"loc":{"start":{"line":90,"column":57},"end":{"line":112,"column":null}}},"4":{"name":"(anonymous_4)","decl":{"start":{"line":93,"column":42},"end":{"line":93,"column":43}},"loc":{"start":{"line":93,"column":81},"end":{"line":93,"column":107}}},"5":{"name":"(anonymous_5)","decl":{"start":{"line":114,"column":31},"end":{"line":114,"column":32}},"loc":{"start":{"line":114,"column":56},"end":{"line":117,"column":null}}},"6":{"name":"(anonymous_6)","decl":{"start":{"line":116,"column":22},"end":{"line":116,"column":27}},"loc":{"start":{"line":116,"column":27},"end":{"line":116,"column":29}}},"7":{"name":"(anonymous_7)","decl":{"start":{"line":125,"column":17},"end":{"line":125,"column":23}},"loc":{"start":{"line":125,"column":23},"end":{"line":125,"column":null}}},"8":{"name":"(anonymous_8)","decl":{"start":{"line":130,"column":43},"end":{"line":130,"column":49}},"loc":{"start":{"line":130,"column":49},"end":{"line":130,"column":73}}},"9":{"name":"(anonymous_9)","decl":{"start":{"line":143,"column":22},"end":{"line":143,"column":27}},"loc":{"start":{"line":143,"column":27},"end":{"line":143,"column":64}}},"10":{"name":"(anonymous_10)","decl":{"start":{"line":159,"column":49},"end":{"line":159,"column":54}},"loc":{"start":{"line":159,"column":54},"end":{"line":159,"column":78}}},"11":{"name":"(anonymous_11)","decl":{"start":{"line":162,"column":57},"end":{"line":162,"column":62}},"loc":{"start":{"line":162,"column":62},"end":{"line":162,"column":86}}},"12":{"name":"(anonymous_12)","decl":{"start":{"line":168,"column":31},"end":{"line":168,"column":36}},"loc":{"start":{"line":168,"column":36},"end":{"line":168,"column":null}}},"13":{"name":"(anonymous_13)","decl":{"start":{"line":207,"column":40},"end":{"line":207,"column":45}},"loc":{"start":{"line":207,"column":45},"end":{"line":207,"column":null}}},"14":{"name":"(anonymous_14)","decl":{"start":{"line":207,"column":59},"end":{"line":207,"column":65}},"loc":{"start":{"line":207,"column":65},"end":{"line":207,"column":96}}},"15":{"name":"(anonymous_15)","decl":{"start":{"line":218,"column":40},"end":{"line":218,"column":45}},"loc":{"start":{"line":218,"column":45},"end":{"line":218,"column":null}}},"16":{"name":"(anonymous_16)","decl":{"start":{"line":218,"column":59},"end":{"line":218,"column":65}},"loc":{"start":{"line":218,"column":65},"end":{"line":218,"column":108}}},"17":{"name":"(anonymous_17)","decl":{"start":{"line":229,"column":40},"end":{"line":229,"column":45}},"loc":{"start":{"line":229,"column":45},"end":{"line":229,"column":null}}},"18":{"name":"(anonymous_18)","decl":{"start":{"line":229,"column":59},"end":{"line":229,"column":65}},"loc":{"start":{"line":229,"column":65},"end":{"line":229,"column":105}}},"19":{"name":"(anonymous_19)","decl":{"start":{"line":258,"column":42},"end":{"line":258,"column":43}},"loc":{"start":{"line":259,"column":30},"end":{"line":263,"column":null}}},"20":{"name":"(anonymous_20)","decl":{"start":{"line":63,"column":59},"end":{"line":63,"column":62}},"loc":{"start":{"line":63,"column":59},"end":{"line":69,"column":42}}},"21":{"name":"(anonymous_0)","decl":{"start":{"line":29,"column":2},"end":{"line":29,"column":null}},"loc":{"start":{"line":29,"column":2},"end":{"line":120,"column":null}}},"22":{"name":"(anonymous_1)","decl":{"start":{"line":70,"column":9},"end":{"line":70,"column":25}},"loc":{"start":{"line":70,"column":9},"end":{"line":79,"column":17}}},"23":{"name":"(anonymous_2)","decl":{"start":{"line":80,"column":4},"end":{"line":80,"column":null}},"loc":{"start":{"line":80,"column":4},"end":{"line":86,"column":18}}},"24":{"name":"(anonymous_3)","decl":{"start":{"line":87,"column":4},"end":{"line":87,"column":null}},"loc":{"start":{"line":87,"column":4},"end":{"line":109,"column":18}}},"25":{"name":"(anonymous_4)","decl":{"start":{"line":91,"column":21},"end":{"line":91,"column":null}},"loc":{"start":{"line":91,"column":21},"end":{"line":91,"column":null}}},"26":{"name":"(anonymous_5)","decl":{"start":{"line":111,"column":25},"end":{"line":111,"column":36}},"loc":{"start":{"line":111,"column":38},"end":{"line":115,"column":6}}},"27":{"name":"(anonymous_6)","decl":{"start":{"line":114,"column":8},"end":{"line":114,"column":31}},"loc":{"start":{"line":114,"column":8},"end":{"line":114,"column":31}}},"28":{"name":"(anonymous_7)","decl":{"start":{"line":123,"column":14},"end":{"line":123,"column":null}},"loc":{"start":{"line":123,"column":14},"end":{"line":123,"column":null}}},"29":{"name":"(anonymous_8)","decl":{"start":{"line":127,"column":35},"end":{"line":127,"column":null}},"loc":{"start":{"line":127,"column":35},"end":{"line":127,"column":null}}},"30":{"name":"(anonymous_9)","decl":{"start":{"line":141,"column":11},"end":{"line":141,"column":null}},"loc":{"start":{"line":141,"column":11},"end":{"line":143,"column":31}}},"31":{"name":"(anonymous_10)","decl":{"start":{"line":157,"column":28},"end":{"line":157,"column":null}},"loc":{"start":{"line":157,"column":28},"end":{"line":157,"column":null}}},"32":{"name":"(anonymous_11)","decl":{"start":{"line":154,"column":16},"end":{"line":154,"column":17}},"loc":{"start":{"line":154,"column":16},"end":{"line":154,"column":17}}},"33":{"name":"(anonymous_12)","decl":{"start":{"line":151,"column":10},"end":{"line":151,"column":11}},"loc":{"start":{"line":151,"column":10},"end":{"line":168,"column":40}}},"34":{"name":"(anonymous_13)","decl":{"start":{"line":205,"column":35},"end":{"line":205,"column":null}},"loc":{"start":{"line":205,"column":35},"end":{"line":205,"column":null}}},"35":{"name":"(anonymous_15)","decl":{"start":{"line":216,"column":35},"end":{"line":216,"column":null}},"loc":{"start":{"line":216,"column":35},"end":{"line":216,"column":null}}},"36":{"name":"(anonymous_17)","decl":{"start":{"line":227,"column":35},"end":{"line":227,"column":null}},"loc":{"start":{"line":227,"column":35},"end":{"line":227,"column":null}}},"37":{"name":"(anonymous_19)","decl":{"start":{"line":250,"column":26},"end":{"line":250,"column":27}},"loc":{"start":{"line":256,"column":26},"end":{"line":259,"column":31}}},"38":{"name":"(anonymous_20)","decl":{"start":{"line":280,"column":4},"end":{"line":280,"column":null}},"loc":{"start":{"line":280,"column":4},"end":{"line":282,"column":null}}}},"branchMap":{"0":{"loc":{"start":{"line":64,"column":18},"end":{"line":64,"column":null}},"type":"cond-expr","locations":[{"start":{"line":64,"column":43},"end":{"line":64,"column":47}},{"start":{"line":64,"column":47},"end":{"line":64,"column":null}}]},"1":{"loc":{"start":{"line":77,"column":4},"end":{"line":80,"column":null}},"type":"if","locations":[{"start":{"line":77,"column":4},"end":{"line":80,"column":null}}]},"2":{"loc":{"start":{"line":77,"column":8},"end":{"line":77,"column":67}},"type":"binary-expr","locations":[{"start":{"line":77,"column":8},"end":{"line":77,"column":20}},{"start":{"line":77,"column":20},"end":{"line":77,"column":34}},{"start":{"line":77,"column":34},"end":{"line":77,"column":67}}]},"3":{"loc":{"start":{"line":85,"column":4},"end":{"line":87,"column":null}},"type":"if","locations":[{"start":{"line":85,"column":4},"end":{"line":87,"column":null}}]},"4":{"loc":{"start":{"line":92,"column":4},"end":{"line":92,"column":null}},"type":"if","locations":[{"start":{"line":92,"column":4},"end":{"line":92,"column":null}}]},"5":{"loc":{"start":{"line":92,"column":8},"end":{"line":92,"column":71}},"type":"binary-expr","locations":[{"start":{"line":92,"column":8},"end":{"line":92,"column":28}},{"start":{"line":92,"column":28},"end":{"line":92,"column":52}},{"start":{"line":92,"column":52},"end":{"line":92,"column":71}}]},"6":{"loc":{"start":{"line":95,"column":4},"end":{"line":98,"column":null}},"type":"if","locations":[{"start":{"line":95,"column":4},"end":{"line":98,"column":null}}]},"7":{"loc":{"start":{"line":95,"column":8},"end":{"line":95,"column":46}},"type":"binary-expr","locations":[{"start":{"line":95,"column":8},"end":{"line":95,"column":19}},{"start":{"line":95,"column":19},"end":{"line":95,"column":46}}]},"8":{"loc":{"start":{"line":138,"column":48},"end":{"line":138,"column":81}},"type":"cond-expr","locations":[{"start":{"line":138,"column":59},"end":{"line":138,"column":71}},{"start":{"line":138,"column":71},"end":{"line":138,"column":81}}]},"9":{"loc":{"start":{"line":150,"column":9},"end":{"line":165,"column":null}},"type":"binary-expr","locations":[{"start":{"line":150,"column":9},"end":{"line":150,"column":null}},{"start":{"line":151,"column":10},"end":{"line":165,"column":null}}]},"10":{"loc":{"start":{"line":173,"column":7},"end":{"line":278,"column":null}},"type":"binary-expr","locations":[{"start":{"line":173,"column":7},"end":{"line":173,"column":null}},{"start":{"line":174,"column":8},"end":{"line":278,"column":null}}]},"11":{"loc":{"start":{"line":176,"column":13},"end":{"line":275,"column":null}},"type":"cond-expr","locations":[{"start":{"line":177,"column":14},"end":{"line":177,"column":null}},{"start":{"line":179,"column":14},"end":{"line":275,"column":null}}]},"12":{"loc":{"start":{"line":180,"column":17},"end":{"line":269,"column":null}},"type":"binary-expr","locations":[{"start":{"line":180,"column":17},"end":{"line":180,"column":null}},{"start":{"line":181,"column":18},"end":{"line":269,"column":null}}]},"13":{"loc":{"start":{"line":184,"column":25},"end":{"line":184,"column":null}},"type":"cond-expr","locations":[{"start":{"line":184,"column":42},"end":{"line":184,"column":55}},{"start":{"line":184,"column":55},"end":{"line":184,"column":null}}]},"14":{"loc":{"start":{"line":188,"column":21},"end":{"line":244,"column":null}},"type":"binary-expr","locations":[{"start":{"line":188,"column":21},"end":{"line":188,"column":null}},{"start":{"line":189,"column":22},"end":{"line":244,"column":null}}]},"15":{"loc":{"start":{"line":271,"column":17},"end":{"line":272,"column":null}},"type":"binary-expr","locations":[{"start":{"line":271,"column":17},"end":{"line":271,"column":null}},{"start":{"line":272,"column":18},"end":{"line":272,"column":null}}]},"16":{"loc":{"start":{"line":63,"column":6},"end":{"line":63,"column":88}},"type":"cond-expr","locations":[{"start":{"line":63,"column":74},"end":{"line":63,"column":88}},{"start":{"line":63,"column":74},"end":{"line":63,"column":88}}]},"17":{"loc":{"start":{"line":75,"column":2},"end":{"line":78,"column":25}},"type":"if","locations":[{"start":{"line":75,"column":2},"end":{"line":78,"column":25}}]},"18":{"loc":{"start":{"line":75,"column":2},"end":{"line":75,"column":null}},"type":"binary-expr","locations":[{"start":{"line":75,"column":2},"end":{"line":75,"column":18}},{"start":{"line":75,"column":18},"end":{"line":75,"column":null}},{"start":{"line":75,"column":18},"end":{"line":75,"column":null}}]},"19":{"loc":{"start":{"line":82,"column":2},"end":{"line":85,"column":8}},"type":"if","locations":[{"start":{"line":82,"column":2},"end":{"line":85,"column":8}}]},"20":{"loc":{"start":{"line":90,"column":2},"end":{"line":90,"column":null}},"type":"if","locations":[{"start":{"line":90,"column":2},"end":{"line":90,"column":null}}]},"21":{"loc":{"start":{"line":90,"column":8},"end":{"line":90,"column":null}},"type":"binary-expr","locations":[{"start":{"line":90,"column":8},"end":{"line":90,"column":27}},{"start":{"line":90,"column":27},"end":{"line":90,"column":null}},{"start":{"line":90,"column":57},"end":{"line":90,"column":null}}]},"22":{"loc":{"start":{"line":93,"column":4},"end":{"line":96,"column":22}},"type":"if","locations":[{"start":{"line":93,"column":4},"end":{"line":96,"column":22}}]},"23":{"loc":{"start":{"line":93,"column":4},"end":{"line":93,"column":56}},"type":"binary-expr","locations":[{"start":{"line":93,"column":4},"end":{"line":93,"column":26}},{"start":{"line":93,"column":10},"end":{"line":93,"column":56}}]},"24":{"loc":{"start":{"line":136,"column":8},"end":{"line":136,"column":null}},"type":"cond-expr","locations":[{"start":{"line":136,"column":8},"end":{"line":136,"column":null}},{"start":{"line":136,"column":8},"end":{"line":136,"column":null}}]},"25":{"loc":{"start":{"line":149,"column":8},"end":{"line":151,"column":11}},"type":"binary-expr","locations":[{"start":{"line":149,"column":8},"end":{"line":149,"column":9}},{"start":{"line":149,"column":8},"end":{"line":151,"column":11}}]},"26":{"loc":{"start":{"line":135,"column":6},"end":{"line":174,"column":9}},"type":"binary-expr","locations":[{"start":{"line":135,"column":6},"end":{"line":135,"column":7}},{"start":{"line":135,"column":6},"end":{"line":174,"column":9}}]},"27":{"loc":{"start":{"line":135,"column":6},"end":{"line":179,"column":15}},"type":"cond-expr","locations":[{"start":{"line":135,"column":6},"end":{"line":177,"column":15}},{"start":{"line":177,"column":14},"end":{"line":179,"column":15}}]},"28":{"loc":{"start":{"line":177,"column":14},"end":{"line":181,"column":19}},"type":"binary-expr","locations":[{"start":{"line":177,"column":14},"end":{"line":177,"column":15}},{"start":{"line":177,"column":14},"end":{"line":181,"column":19}}]},"29":{"loc":{"start":{"line":180,"column":17},"end":{"line":184,"column":56}},"type":"cond-expr","locations":[{"start":{"line":180,"column":17},"end":{"line":184,"column":43}},{"start":{"line":184,"column":42},"end":{"line":184,"column":56}}]},"30":{"loc":{"start":{"line":187,"column":20},"end":{"line":189,"column":null}},"type":"binary-expr","locations":[{"start":{"line":187,"column":20},"end":{"line":187,"column":21}},{"start":{"line":187,"column":20},"end":{"line":189,"column":null}}]},"31":{"loc":{"start":{"line":181,"column":18},"end":{"line":272,"column":19}},"type":"binary-expr","locations":[{"start":{"line":181,"column":18},"end":{"line":181,"column":19}},{"start":{"line":181,"column":18},"end":{"line":272,"column":19}}]},"32":{"loc":{"start":{"line":284,"column":34},"end":{"line":284,"column":null}},"type":"binary-expr","locations":[{"start":{"line":284,"column":34},"end":{"line":284,"column":null}},{"start":{"line":284,"column":34},"end":{"line":284,"column":null}}]}},"s":{"0":2,"1":5,"2":3,"3":5,"4":3,"5":0,"6":3,"7":3,"8":0,"9":2,"10":3,"11":0,"12":3,"13":0,"14":3,"15":3,"16":3,"17":3,"18":3,"19":0,"20":0,"21":0,"22":0,"23":0,"24":0,"25":0,"26":0,"27":0,"28":0,"29":3,"30":3,"31":3,"32":3,"33":0,"34":0,"35":0,"36":0,"37":0,"38":0,"39":0,"40":0,"41":0,"42":0,"43":0,"44":0,"45":0,"46":0,"47":0,"48":0,"49":0,"50":0,"51":2,"52":0,"53":2,"54":10,"55":3,"56":0,"57":0,"58":2,"59":2,"60":2,"61":2,"62":2,"63":2,"64":0,"65":0,"66":0,"67":2,"68":2,"69":0,"70":2,"71":2,"72":2,"73":0,"74":0,"75":0,"76":0,"77":0,"78":0,"79":0,"80":0,"81":0,"82":2,"83":2,"84":2,"85":2,"86":2,"87":0,"88":0,"89":0,"90":0,"91":0,"92":0,"93":0,"94":0,"95":0,"96":0,"97":0,"98":0,"99":3,"100":0,"101":5,"102":3},"f":{"0":0,"1":0,"2":0,"3":0,"4":0,"5":0,"6":0,"7":0,"8":0,"9":0,"10":0,"11":0,"12":0,"13":0,"14":0,"15":0,"16":0,"17":0,"18":0,"19":0,"20":0,"21":0,"22":0,"23":0,"24":0,"25":0,"26":0,"27":0,"28":0,"29":0,"30":0,"31":0,"32":0,"33":0,"34":0,"35":0,"36":0,"37":0,"38":0},"b":{"0":[0,0],"1":[0],"2":[0,0,0],"3":[0],"4":[0],"5":[0,0,0],"6":[0],"7":[0,0],"8":[0,0],"9":[0,0],"10":[0,0],"11":[0,0],"12":[0,0],"13":[0,0],"14":[0,0],"15":[0,0],"16":[0,0],"17":[0],"18":[0,0,0],"19":[0],"20":[0],"21":[0,0,0],"22":[0],"23":[0,0],"24":[0,0],"25":[0,0],"26":[0,0],"27":[0,0],"28":[0,0],"29":[0,0],"30":[0,0],"31":[0,0],"32":[3,3]}}
,"F:/family_app/src/components/dashboard/StatCard.tsx": {"path":"F:/family_app/src/components/dashboard/StatCard.tsx","statementMap":{"0":{"start":{"line":13,"column":48},"end":{"line":71,"column":2}},"1":{"start":{"line":20,"column":21},"end":{"line":20,"column":null}},"2":{"start":{"line":21,"column":23},"end":{"line":27,"column":null}},"3":{"start":{"line":29,"column":2},"end":{"line":69,"column":null}},"4":{"start":{"line":71,"column":2},"end":{"line":13,"column":45}},"5":{"start":{"line":13,"column":45},"end":{"line":13,"column":48}}},"fnMap":{"0":{"name":"(anonymous_0)","decl":{"start":{"line":13,"column":48},"end":{"line":13,"column":49}},"loc":{"start":{"line":19,"column":6},"end":{"line":71,"column":2}}}},"branchMap":{"0":{"loc":{"start":{"line":18,"column":2},"end":{"line":18,"column":null}},"type":"default-arg","locations":[{"start":{"line":18,"column":10},"end":{"line":18,"column":null}}]},"1":{"loc":{"start":{"line":20,"column":21},"end":{"line":20,"column":null}},"type":"binary-expr","locations":[{"start":{"line":20,"column":21},"end":{"line":20,"column":31}},{"start":{"line":20,"column":31},"end":{"line":20,"column":null}}]},"2":{"loc":{"start":{"line":40,"column":13},"end":{"line":58,"column":null}},"type":"cond-expr","locations":[{"start":{"line":40,"column":36},"end":{"line":40,"column":null}},{"start":{"line":41,"column":14},"end":{"line":58,"column":null}}]},"3":{"loc":{"start":{"line":42,"column":17},"end":{"line":45,"column":null}},"type":"cond-expr","locations":[{"start":{"line":43,"column":18},"end":{"line":43,"column":null}},{"start":{"line":45,"column":18},"end":{"line":45,"column":null}}]},"4":{"loc":{"start":{"line":50,"column":20},"end":{"line":50,"column":66}},"type":"cond-expr","locations":[{"start":{"line":50,"column":33},"end":{"line":50,"column":52}},{"start":{"line":50,"column":52},"end":{"line":50,"column":66}}]}},"s":{"0":5,"1":30,"2":30,"3":30,"4":5,"5":5},"f":{"0":30},"b":{"0":[0],"1":[30,0],"2":[30,0],"3":[0,0],"4":[0,0]}}
,"F:/family_app/src/components/layout/Header.tsx": {"path":"F:/family_app/src/components/layout/Header.tsx","statementMap":{"0":{"start":{"line":18,"column":20},"end":{"line":18,"column":null}},"1":{"start":{"line":20,"column":32},"end":{"line":94,"column":2}},"2":{"start":{"line":20,"column":38},"end":{"line":20,"column":null}},"3":{"start":{"line":21,"column":34},"end":{"line":21,"column":null}},"4":{"start":{"line":23,"column":21},"end":{"line":25,"column":null}},"5":{"start":{"line":24,"column":4},"end":{"line":24,"column":null}},"6":{"start":{"line":27,"column":22},"end":{"line":29,"column":null}},"7":{"start":{"line":28,"column":4},"end":{"line":28,"column":null}},"8":{"start":{"line":31,"column":2},"end":{"line":92,"column":null}},"9":{"start":{"line":94,"column":2},"end":{"line":20,"column":32}},"10":{"start":{"line":20,"column":29},"end":{"line":null,"column":-1}},"11":{"start":{"line":20,"column":29},"end":{"line":20,"column":32}},"12":{"start":{"line":15,"column":19},"end":{"line":15,"column":null}},"13":{"start":{"line":16,"column":7},"end":{"line":32,"column":5}},"14":{"start":{"line":18,"column":0},"end":{"line":18,"column":20}},"15":{"start":{"line":20,"column":38},"end":{"line":23,"column":8}},"16":{"start":{"line":21,"column":2},"end":{"line":21,"column":40}},"17":{"start":{"line":24,"column":22},"end":{"line":27,"column":8}},"18":{"start":{"line":25,"column":2},"end":{"line":25,"column":null}},"19":{"start":{"line":28,"column":4},"end":{"line":32,"column":5}},"20":{"start":{"line":32,"column":4},"end":{"line":92,"column":null}},"21":{"start":{"line":94,"column":0},"end":{"line":94,"column":2}}},"fnMap":{"0":{"name":"(anonymous_0)","decl":{"start":{"line":20,"column":32},"end":{"line":20,"column":38}},"loc":{"start":{"line":20,"column":38},"end":{"line":94,"column":2}}},"1":{"name":"(anonymous_1)","decl":{"start":{"line":23,"column":21},"end":{"line":23,"column":22}},"loc":{"start":{"line":23,"column":63},"end":{"line":25,"column":null}}},"2":{"name":"(anonymous_2)","decl":{"start":{"line":27,"column":22},"end":{"line":27,"column":28}},"loc":{"start":{"line":27,"column":28},"end":{"line":29,"column":null}}},"3":{"name":"(anonymous_0)","decl":{"start":{"line":16,"column":7},"end":{"line":16,"column":null}},"loc":{"start":{"line":16,"column":7},"end":{"line":32,"column":5}}},"4":{"name":"(anonymous_1)","decl":{"start":{"line":20,"column":38},"end":{"line":20,"column":null}},"loc":{"start":{"line":20,"column":38},"end":{"line":23,"column":8}}},"5":{"name":"(anonymous_2)","decl":{"start":{"line":24,"column":22},"end":{"line":24,"column":35}},"loc":{"start":{"line":24,"column":22},"end":{"line":27,"column":8}}}},"branchMap":{"0":{"loc":{"start":{"line":20,"column":29},"end":{"line":20,"column":32}},"type":"binary-expr","locations":[{"start":{"line":20,"column":29},"end":{"line":20,"column":32}},{"start":{"line":20,"column":29},"end":{"line":20,"column":32}}]}},"s":{"0":5,"1":2,"2":15,"3":10,"4":7,"5":3,"6":7,"7":6,"8":4,"9":2,"10":8,"11":8,"12":3,"13":3,"14":6,"15":8,"16":2,"17":8,"18":2,"19":8,"20":5,"21":3},"f":{"0":4,"1":6,"2":6,"3":6,"4":4,"5":4},"b":{"0":[3,3]}}
,"F:/family_app/src/components/layout/Layout.tsx": {"path":"F:/family_app/src/components/layout/Layout.tsx","statementMap":{"0":{"start":{"line":7,"column":20},"end":{"line":7,"column":null}},"1":{"start":{"line":9,"column":45},"end":{"line":28,"column":2}},"2":{"start":{"line":10,"column":2},"end":{"line":26,"column":null}},"3":{"start":{"line":28,"column":2},"end":{"line":9,"column":42}},"4":{"start":{"line":9,"column":42},"end":{"line":9,"column":45}}},"fnMap":{"0":{"name":"(anonymous_0)","decl":{"start":{"line":9,"column":45},"end":{"line":9,"column":46}},"loc":{"start":{"line":9,"column":87},"end":{"line":28,"column":2}}}},"branchMap":{},"s":{"0":5,"1":5,"2":10,"3":5,"4":5},"f":{"0":10},"b":{}}
,"F:/family_app/src/components/layout/Sidebar.tsx": {"path":"F:/family_app/src/components/layout/Sidebar.tsx","statementMap":{"0":{"start":{"line":24,"column":20},"end":{"line":24,"column":null}},"1":{"start":{"line":26,"column":30},"end":{"line":34,"column":null}},"2":{"start":{"line":37,"column":47},"end":{"line":95,"column":2}},"3":{"start":{"line":38,"column":2},"end":{"line":93,"column":null}},"4":{"start":{"line":61,"column":10},"end":{"line":90,"column":null}},"5":{"start":{"line":64,"column":29},"end":{"line":64,"column":null}},"6":{"start":{"line":95,"column":2},"end":{"line":37,"column":44}},"7":{"start":{"line":37,"column":44},"end":{"line":37,"column":47}}},"fnMap":{"0":{"name":"(anonymous_0)","decl":{"start":{"line":37,"column":47},"end":{"line":37,"column":48}},"loc":{"start":{"line":37,"column":79},"end":{"line":95,"column":2}}},"1":{"name":"(anonymous_1)","decl":{"start":{"line":60,"column":23},"end":{"line":60,"column":24}},"loc":{"start":{"line":61,"column":10},"end":{"line":90,"column":null}}},"2":{"name":"(anonymous_2)","decl":{"start":{"line":64,"column":23},"end":{"line":64,"column":29}},"loc":{"start":{"line":64,"column":29},"end":{"line":64,"column":null}}}},"branchMap":{"0":{"loc":{"start":{"line":76,"column":25},"end":{"line":76,"column":null}},"type":"cond-expr","locations":[{"start":{"line":76,"column":49},"end":{"line":76,"column":66}},{"start":{"line":76,"column":66},"end":{"line":76,"column":null}}]},"1":{"loc":{"start":{"line":85,"column":38},"end":{"line":85,"column":72}},"type":"cond-expr","locations":[{"start":{"line":85,"column":62},"end":{"line":85,"column":68}},{"start":{"line":85,"column":68},"end":{"line":85,"column":72}}]}},"s":{"0":5,"1":5,"2":5,"3":10,"4":80,"5":0,"6":5,"7":5},"f":{"0":10,"1":80,"2":0},"b":{"0":[10,70],"1":[10,70]}}
,"F:/family_app/src/graphql/mutations.ts": {"path":"F:/family_app/src/graphql/mutations.ts","statementMap":{"0":{"start":{"line":1,"column":27},"end":{"line":1,"column":null}},"1":{"start":{"line":12,"column":26},"end":{"line":12,"column":null}},"2":{"start":{"line":25,"column":29},"end":{"line":25,"column":null}},"3":{"start":{"line":33,"column":30},"end":{"line":33,"column":null}},"4":{"start":{"line":43,"column":27},"end":{"line":43,"column":null}},"5":{"start":{"line":56,"column":35},"end":{"line":56,"column":null}},"6":{"start":{"line":67,"column":30},"end":{"line":67,"column":null}},"7":{"start":{"line":75,"column":31},"end":{"line":75,"column":null}},"8":{"start":{"line":83,"column":24},"end":{"line":83,"column":null}},"9":{"start":{"line":93,"column":24},"end":{"line":93,"column":null}}},"fnMap":{},"branchMap":{},"s":{"0":5,"1":5,"2":5,"3":5,"4":5,"5":5,"6":5,"7":5,"8":5,"9":5},"f":{},"b":{}}
,"F:/family_app/src/graphql/queries.ts": {"path":"F:/family_app/src/graphql/queries.ts","statementMap":{"0":{"start":{"line":3,"column":27},"end":{"line":3,"column":null}},"1":{"start":{"line":16,"column":36},"end":{"line":16,"column":null}},"2":{"start":{"line":27,"column":25},"end":{"line":27,"column":null}},"3":{"start":{"line":37,"column":25},"end":{"line":37,"column":null}},"4":{"start":{"line":49,"column":28},"end":{"line":49,"column":null}}},"fnMap":{},"branchMap":{},"s":{"0":5,"1":5,"2":5,"3":5,"4":5},"f":{},"b":{}}
,"F:/family_app/src/pages/Dashboard.tsx": {"path":"F:/family_app/src/pages/Dashboard.tsx","statementMap":{"0":{"start":{"line":20,"column":18},"end":{"line":29,"column":2}},"1":{"start":{"line":20,"column":24},"end":{"line":20,"column":null}},"2":{"start":{"line":21,"column":35},"end":{"line":21,"column":null}},"3":{"start":{"line":22,"column":34},"end":{"line":22,"column":null}},"4":{"start":{"line":23,"column":32},"end":{"line":23,"column":null}},"5":{"start":{"line":24,"column":26},"end":{"line":24,"column":null}},"6":{"start":{"line":24,"column":69},"end":{"line":24,"column":92}},"7":{"start":{"line":25,"column":25},"end":{"line":25,"column":null}},"8":{"start":{"line":25,"column":66},"end":{"line":25,"column":89}},"9":{"start":{"line":26,"column":33},"end":{"line":26,"column":null}},"10":{"start":{"line":26,"column":70},"end":{"line":26,"column":103}},"11":{"start":{"line":27,"column":32},"end":{"line":27,"column":null}},"12":{"start":{"line":28,"column":4},"end":{"line":28,"column":null}},"13":{"start":{"line":29,"column":2},"end":{"line":23,"column":64}},"14":{"start":{"line":20,"column":15},"end":{"line":23,"column":64}},"15":{"start":{"line":31,"column":28},"end":{"line":63,"column":null}},"16":{"start":{"line":66,"column":36},"end":{"line":84,"column":null}},"17":{"start":{"line":73,"column":22},"end":{"line":73,"column":null}},"18":{"start":{"line":74,"column":12},"end":{"line":78,"column":null}},"19":{"start":{"line":88,"column":35},"end":{"line":241,"column":2}},"20":{"start":{"line":88,"column":41},"end":{"line":88,"column":null}},"21":{"start":{"line":89,"column":65},"end":{"line":89,"column":null}},"22":{"start":{"line":91,"column":38},"end":{"line":109,"column":null}},"23":{"start":{"line":112,"column":4},"end":{"line":239,"column":null}},"24":{"start":{"line":139,"column":20},"end":{"line":139,"column":null}},"25":{"start":{"line":241,"column":2},"end":{"line":89,"column":75}},"26":{"start":{"line":88,"column":32},"end":{"line":89,"column":75}},"27":{"start":{"line":89,"column":74},"end":{"line":88,"column":32}},"28":{"start":{"line":88,"column":32},"end":{"line":88,"column":35}}},"fnMap":{"0":{"name":"(anonymous_0)","decl":{"start":{"line":20,"column":18},"end":{"line":20,"column":24}},"loc":{"start":{"line":20,"column":24},"end":{"line":29,"column":2}}},"1":{"name":"(anonymous_1)","decl":{"start":{"line":24,"column":57},"end":{"line":24,"column":58}},"loc":{"start":{"line":24,"column":69},"end":{"line":24,"column":92}}},"2":{"name":"(anonymous_2)","decl":{"start":{"line":25,"column":54},"end":{"line":25,"column":55}},"loc":{"start":{"line":25,"column":66},"end":{"line":25,"column":89}}},"3":{"name":"(anonymous_3)","decl":{"start":{"line":26,"column":58},"end":{"line":26,"column":59}},"loc":{"start":{"line":26,"column":70},"end":{"line":26,"column":103}}},"4":{"name":"(anonymous_4)","decl":{"start":{"line":20,"column":15},"end":{"line":20,"column":18}},"loc":{"start":{"line":20,"column":15},"end":{"line":23,"column":64}}},"5":{"name":"(anonymous_5)","decl":{"start":{"line":72,"column":16},"end":{"line":72,"column":17}},"loc":{"start":{"line":72,"column":27},"end":{"line":81,"column":null}}},"6":{"name":"(anonymous_6)","decl":{"start":{"line":88,"column":35},"end":{"line":88,"column":41}},"loc":{"start":{"line":88,"column":41},"end":{"line":241,"column":2}}},"7":{"name":"(anonymous_7)","decl":{"start":{"line":138,"column":31},"end":{"line":138,"column":32}},"loc":{"start":{"line":139,"column":20},"end":{"line":139,"column":null}}},"8":{"name":"(anonymous_8)","decl":{"start":{"line":88,"column":32},"end":{"line":88,"column":35}},"loc":{"start":{"line":88,"column":32},"end":{"line":89,"column":75}}}},"branchMap":{"0":{"loc":{"start":{"line":24,"column":26},"end":{"line":24,"column":null}},"type":"binary-expr","locations":[{"start":{"line":24,"column":26},"end":{"line":24,"column":98}},{"start":{"line":24,"column":98},"end":{"line":24,"column":null}}]},"1":{"loc":{"start":{"line":24,"column":76},"end":{"line":24,"column":92}},"type":"binary-expr","locations":[{"start":{"line":24,"column":76},"end":{"line":24,"column":88}},{"start":{"line":24,"column":88},"end":{"line":24,"column":92}}]},"2":{"loc":{"start":{"line":25,"column":25},"end":{"line":25,"column":null}},"type":"binary-expr","locations":[{"start":{"line":25,"column":25},"end":{"line":25,"column":95}},{"start":{"line":25,"column":95},"end":{"line":25,"column":null}}]},"3":{"loc":{"start":{"line":25,"column":73},"end":{"line":25,"column":89}},"type":"binary-expr","locations":[{"start":{"line":25,"column":73},"end":{"line":25,"column":85}},{"start":{"line":25,"column":85},"end":{"line":25,"column":89}}]},"4":{"loc":{"start":{"line":26,"column":33},"end":{"line":26,"column":null}},"type":"binary-expr","locations":[{"start":{"line":26,"column":33},"end":{"line":26,"column":109}},{"start":{"line":26,"column":109},"end":{"line":26,"column":null}}]},"5":{"loc":{"start":{"line":26,"column":77},"end":{"line":26,"column":103}},"type":"binary-expr","locations":[{"start":{"line":26,"column":77},"end":{"line":26,"column":99}},{"start":{"line":26,"column":99},"end":{"line":26,"column":103}}]},"6":{"loc":{"start":{"line":77,"column":23},"end":{"line":77,"column":null}},"type":"cond-expr","locations":[{"start":{"line":77,"column":40},"end":{"line":77,"column":52}},{"start":{"line":77,"column":52},"end":{"line":77,"column":null}}]}},"s":{"0":5,"1":10,"2":10,"3":10,"4":10,"5":10,"6":0,"7":10,"8":0,"9":10,"10":0,"11":10,"12":10,"13":5,"14":5,"15":5,"16":5,"17":40,"18":40,"19":5,"20":10,"21":10,"22":10,"23":10,"24":30,"25":5,"26":5,"27":5,"28":5},"f":{"0":10,"1":0,"2":0,"3":0,"4":5,"5":40,"6":10,"7":30,"8":5},"b":{"0":[10,10],"1":[0,0],"2":[10,10],"3":[0,0],"4":[10,10],"5":[0,0],"6":[30,10]}}
,"F:/family_app/src/pages/Expenses.tsx": {"path":"F:/family_app/src/pages/Expenses.tsx","statementMap":{"0":{"start":{"line":36,"column":27},"end":{"line":297,"column":2}},"1":{"start":{"line":36,"column":33},"end":{"line":36,"column":null}},"2":{"start":{"line":37,"column":42},"end":{"line":37,"column":null}},"3":{"start":{"line":38,"column":44},"end":{"line":38,"column":null}},"4":{"start":{"line":39,"column":42},"end":{"line":39,"column":null}},"5":{"start":{"line":40,"column":32},"end":{"line":40,"column":null}},"6":{"start":{"line":41,"column":28},"end":{"line":41,"column":null}},"7":{"start":{"line":42,"column":36},"end":{"line":42,"column":null}},"8":{"start":{"line":43,"column":42},"end":{"line":43,"column":null}},"9":{"start":{"line":46,"column":28},"end":{"line":46,"column":null}},"10":{"start":{"line":47,"column":56},"end":{"line":50,"column":null}},"11":{"start":{"line":51,"column":28},"end":{"line":51,"column":null}},"12":{"start":{"line":53,"column":29},"end":{"line":53,"column":null}},"13":{"start":{"line":55,"column":25},"end":{"line":55,"column":null}},"14":{"start":{"line":56,"column":25},"end":{"line":56,"column":null}},"15":{"start":{"line":59,"column":4},"end":{"line":63,"column":null}},"16":{"start":{"line":60,"column":8},"end":{"line":62,"column":null}},"17":{"start":{"line":61,"column":12},"end":{"line":61,"column":null}},"18":{"start":{"line":66,"column":42},"end":{"line":66,"column":null}},"19":{"start":{"line":67,"column":28},"end":{"line":69,"column":null}},"20":{"start":{"line":68,"column":8},"end":{"line":68,"column":null}},"21":{"start":{"line":70,"column":4},"end":{"line":72,"column":null}},"22":{"start":{"line":71,"column":8},"end":{"line":71,"column":null}},"23":{"start":{"line":75,"column":33},"end":{"line":77,"column":null}},"24":{"start":{"line":76,"column":8},"end":{"line":76,"column":null}},"25":{"start":{"line":80,"column":29},"end":{"line":82,"column":null}},"26":{"start":{"line":81,"column":8},"end":{"line":81,"column":null}},"27":{"start":{"line":81,"column":65},"end":{"line":81,"column":89}},"28":{"start":{"line":85,"column":25},"end":{"line":99,"column":null}},"29":{"start":{"line":87,"column":8},"end":{"line":87,"column":null}},"30":{"start":{"line":89,"column":8},"end":{"line":89,"column":null}},"31":{"start":{"line":90,"column":8},"end":{"line":90,"column":null}},"32":{"start":{"line":92,"column":8},"end":{"line":92,"column":null}},"33":{"start":{"line":93,"column":8},"end":{"line":93,"column":null}},"34":{"start":{"line":94,"column":8},"end":{"line":94,"column":null}},"35":{"start":{"line":95,"column":8},"end":{"line":95,"column":null}},"36":{"start":{"line":97,"column":8},"end":{"line":97,"column":null}},"37":{"start":{"line":98,"column":8},"end":{"line":98,"column":null}},"38":{"start":{"line":102,"column":32},"end":{"line":105,"column":null}},"39":{"start":{"line":103,"column":8},"end":{"line":103,"column":null}},"40":{"start":{"line":103,"column":31},"end":{"line":103,"column":72}},"41":{"start":{"line":103,"column":54},"end":{"line":103,"column":71}},"42":{"start":{"line":104,"column":8},"end":{"line":104,"column":null}},"43":{"start":{"line":108,"column":29},"end":{"line":127,"column":null}},"44":{"start":{"line":109,"column":8},"end":{"line":109,"column":null}},"45":{"start":{"line":109,"column":85},"end":{"line":109,"column":null}},"46":{"start":{"line":111,"column":36},"end":{"line":117,"column":null}},"47":{"start":{"line":119,"column":8},"end":{"line":119,"column":null}},"48":{"start":{"line":119,"column":32},"end":{"line":119,"column":54}},"49":{"start":{"line":121,"column":8},"end":{"line":121,"column":null}},"50":{"start":{"line":123,"column":8},"end":{"line":123,"column":null}},"51":{"start":{"line":124,"column":8},"end":{"line":124,"column":null}},"52":{"start":{"line":125,"column":8},"end":{"line":125,"column":null}},"53":{"start":{"line":126,"column":8},"end":{"line":126,"column":null}},"54":{"start":{"line":129,"column":25},"end":{"line":133,"column":null}},"55":{"start":{"line":130,"column":8},"end":{"line":132,"column":null}},"56":{"start":{"line":131,"column":12},"end":{"line":131,"column":null}},"57":{"start":{"line":131,"column":51},"end":{"line":131,"column":59}},"58":{"start":{"line":135,"column":28},"end":{"line":146,"column":null}},"59":{"start":{"line":136,"column":8},"end":{"line":145,"column":null}},"60":{"start":{"line":137,"column":12},"end":{"line":142,"column":null}},"61":{"start":{"line":139,"column":41},"end":{"line":139,"column":45}},"62":{"start":{"line":140,"column":70},"end":{"line":140,"column":92}},"63":{"start":{"line":144,"column":12},"end":{"line":144,"column":null}},"64":{"start":{"line":150,"column":28},"end":{"line":150,"column":null}},"65":{"start":{"line":151,"column":8},"end":{"line":151,"column":null}},"66":{"start":{"line":151,"column":38},"end":{"line":151,"column":null}},"67":{"start":{"line":154,"column":8},"end":{"line":154,"column":null}},"68":{"start":{"line":154,"column":31},"end":{"line":154,"column":94}},"69":{"start":{"line":154,"column":54},"end":{"line":154,"column":93}},"70":{"start":{"line":156,"column":8},"end":{"line":156,"column":null}},"71":{"start":{"line":158,"column":8},"end":{"line":158,"column":null}},"72":{"start":{"line":162,"column":28},"end":{"line":162,"column":null}},"73":{"start":{"line":162,"column":100},"end":{"line":162,"column":121}},"74":{"start":{"line":163,"column":34},"end":{"line":163,"column":null}},"75":{"start":{"line":164,"column":38},"end":{"line":164,"column":null}},"76":{"start":{"line":165,"column":44},"end":{"line":165,"column":null}},"77":{"start":{"line":166,"column":4},"end":{"line":169,"column":null}},"78":{"start":{"line":167,"column":8},"end":{"line":167,"column":null}},"79":{"start":{"line":168,"column":8},"end":{"line":168,"column":null}},"80":{"start":{"line":171,"column":4},"end":{"line":295,"column":null}},"81":{"start":{"line":184,"column":45},"end":{"line":184,"column":55}},"82":{"start":{"line":205,"column":36},"end":{"line":205,"column":null}},"83":{"start":{"line":206,"column":36},"end":{"line":206,"column":null}},"84":{"start":{"line":217,"column":73},"end":{"line":217,"column":94}},"85":{"start":{"line":254,"column":44},"end":{"line":265,"column":null}},"86":{"start":{"line":260,"column":68},"end":{"line":260,"column":null}},"87":{"start":{"line":261,"column":68},"end":{"line":261,"column":null}},"88":{"start":{"line":262,"column":68},"end":{"line":262,"column":null}},"89":{"start":{"line":272,"column":158},"end":{"line":272,"column":179}},"90":{"start":{"line":297,"column":2},"end":{"line":56,"column":37}},"91":{"start":{"line":36,"column":24},"end":{"line":56,"column":37}},"92":{"start":{"line":56,"column":36},"end":{"line":36,"column":24}},"93":{"start":{"line":299,"column":24},"end":{"line":299,"column":null}}},"fnMap":{"0":{"name":"(anonymous_0)","decl":{"start":{"line":36,"column":27},"end":{"line":36,"column":33}},"loc":{"start":{"line":36,"column":33},"end":{"line":297,"column":2}}},"1":{"name":"(anonymous_1)","decl":{"start":{"line":59,"column":14},"end":{"line":59,"column":20}},"loc":{"start":{"line":59,"column":20},"end":{"line":63,"column":7}}},"2":{"name":"(anonymous_2)","decl":{"start":{"line":67,"column":28},"end":{"line":67,"column":29}},"loc":{"start":{"line":67,"column":51},"end":{"line":69,"column":null}}},"3":{"name":"(anonymous_3)","decl":{"start":{"line":70,"column":14},"end":{"line":70,"column":20}},"loc":{"start":{"line":70,"column":20},"end":{"line":72,"column":7}}},"4":{"name":"(anonymous_4)","decl":{"start":{"line":75,"column":33},"end":{"line":75,"column":50}},"loc":{"start":{"line":75,"column":50},"end":{"line":77,"column":null}}},"5":{"name":"(anonymous_5)","decl":{"start":{"line":80,"column":29},"end":{"line":80,"column":43}},"loc":{"start":{"line":80,"column":43},"end":{"line":82,"column":null}}},"6":{"name":"(anonymous_6)","decl":{"start":{"line":81,"column":45},"end":{"line":81,"column":46}},"loc":{"start":{"line":81,"column":65},"end":{"line":81,"column":89}}},"7":{"name":"(anonymous_7)","decl":{"start":{"line":85,"column":25},"end":{"line":85,"column":26}},"loc":{"start":{"line":85,"column":44},"end":{"line":99,"column":null}}},"8":{"name":"(anonymous_8)","decl":{"start":{"line":102,"column":32},"end":{"line":102,"column":33}},"loc":{"start":{"line":102,"column":49},"end":{"line":105,"column":null}}},"9":{"name":"(anonymous_9)","decl":{"start":{"line":103,"column":23},"end":{"line":103,"column":31}},"loc":{"start":{"line":103,"column":31},"end":{"line":103,"column":72}}},"10":{"name":"(anonymous_10)","decl":{"start":{"line":103,"column":43},"end":{"line":103,"column":54}},"loc":{"start":{"line":103,"column":54},"end":{"line":103,"column":71}}},"11":{"name":"(anonymous_11)","decl":{"start":{"line":108,"column":29},"end":{"line":108,"column":35}},"loc":{"start":{"line":108,"column":35},"end":{"line":127,"column":null}}},"12":{"name":"(anonymous_12)","decl":{"start":{"line":119,"column":23},"end":{"line":119,"column":32}},"loc":{"start":{"line":119,"column":32},"end":{"line":119,"column":54}}},"13":{"name":"(anonymous_13)","decl":{"start":{"line":129,"column":25},"end":{"line":129,"column":26}},"loc":{"start":{"line":129,"column":41},"end":{"line":133,"column":null}}},"14":{"name":"(anonymous_14)","decl":{"start":{"line":130,"column":23},"end":{"line":130,"column":24}},"loc":{"start":{"line":131,"column":12},"end":{"line":131,"column":null}}},"15":{"name":"(anonymous_15)","decl":{"start":{"line":131,"column":44},"end":{"line":131,"column":45}},"loc":{"start":{"line":131,"column":51},"end":{"line":131,"column":59}}},"16":{"name":"(anonymous_16)","decl":{"start":{"line":135,"column":28},"end":{"line":135,"column":29}},"loc":{"start":{"line":135,"column":76},"end":{"line":146,"column":null}}},"17":{"name":"(anonymous_17)","decl":{"start":{"line":139,"column":25},"end":{"line":139,"column":26}},"loc":{"start":{"line":139,"column":41},"end":{"line":139,"column":45}}},"18":{"name":"(anonymous_18)","decl":{"start":{"line":140,"column":28},"end":{"line":140,"column":29}},"loc":{"start":{"line":140,"column":70},"end":{"line":140,"column":92}}},"19":{"name":"handleDeleteSelected","decl":{"start":{"line":148,"column":13},"end":{"line":148,"column":42}},"loc":{"start":{"line":148,"column":42},"end":{"line":159,"column":null}}},"20":{"name":"(anonymous_20)","decl":{"start":{"line":154,"column":23},"end":{"line":154,"column":31}},"loc":{"start":{"line":154,"column":31},"end":{"line":154,"column":94}}},"21":{"name":"(anonymous_21)","decl":{"start":{"line":154,"column":43},"end":{"line":154,"column":54}},"loc":{"start":{"line":154,"column":54},"end":{"line":154,"column":93}}},"22":{"name":"(anonymous_22)","decl":{"start":{"line":162,"column":83},"end":{"line":162,"column":84}},"loc":{"start":{"line":162,"column":100},"end":{"line":162,"column":121}}},"23":{"name":"(anonymous_23)","decl":{"start":{"line":166,"column":14},"end":{"line":166,"column":20}},"loc":{"start":{"line":166,"column":20},"end":{"line":169,"column":7}}},"24":{"name":"(anonymous_24)","decl":{"start":{"line":184,"column":39},"end":{"line":184,"column":45}},"loc":{"start":{"line":184,"column":45},"end":{"line":184,"column":55}}},"25":{"name":"(anonymous_25)","decl":{"start":{"line":204,"column":40},"end":{"line":204,"column":52}},"loc":{"start":{"line":204,"column":52},"end":{"line":207,"column":null}}},"26":{"name":"(anonymous_26)","decl":{"start":{"line":217,"column":56},"end":{"line":217,"column":57}},"loc":{"start":{"line":217,"column":73},"end":{"line":217,"column":94}}},"27":{"name":"(anonymous_27)","decl":{"start":{"line":253,"column":67},"end":{"line":253,"column":68}},"loc":{"start":{"line":254,"column":44},"end":{"line":265,"column":null}}},"28":{"name":"(anonymous_28)","decl":{"start":{"line":260,"column":62},"end":{"line":260,"column":68}},"loc":{"start":{"line":260,"column":68},"end":{"line":260,"column":null}}},"29":{"name":"(anonymous_29)","decl":{"start":{"line":261,"column":62},"end":{"line":261,"column":68}},"loc":{"start":{"line":261,"column":68},"end":{"line":261,"column":null}}},"30":{"name":"(anonymous_30)","decl":{"start":{"line":262,"column":62},"end":{"line":262,"column":68}},"loc":{"start":{"line":262,"column":68},"end":{"line":262,"column":null}}},"31":{"name":"(anonymous_31)","decl":{"start":{"line":272,"column":141},"end":{"line":272,"column":142}},"loc":{"start":{"line":272,"column":158},"end":{"line":272,"column":179}}},"32":{"name":"(anonymous_32)","decl":{"start":{"line":36,"column":24},"end":{"line":36,"column":27}},"loc":{"start":{"line":36,"column":24},"end":{"line":56,"column":37}}}},"branchMap":{"0":{"loc":{"start":{"line":48,"column":29},"end":{"line":48,"column":74}},"type":"cond-expr","locations":[{"start":{"line":48,"column":54},"end":{"line":48,"column":61}},{"start":{"line":48,"column":61},"end":{"line":48,"column":74}}]},"1":{"loc":{"start":{"line":60,"column":8},"end":{"line":62,"column":null}},"type":"if","locations":[{"start":{"line":60,"column":8},"end":{"line":62,"column":null}}]},"2":{"loc":{"start":{"line":68,"column":23},"end":{"line":68,"column":67}},"type":"cond-expr","locations":[{"start":{"line":68,"column":51},"end":{"line":68,"column":58}},{"start":{"line":68,"column":58},"end":{"line":68,"column":67}}]},"3":{"loc":{"start":{"line":71,"column":23},"end":{"line":71,"column":47}},"type":"binary-expr","locations":[{"start":{"line":71,"column":23},"end":{"line":71,"column":45}},{"start":{"line":71,"column":45},"end":{"line":71,"column":47}}]},"4":{"loc":{"start":{"line":76,"column":15},"end":{"line":76,"column":null}},"type":"binary-expr","locations":[{"start":{"line":76,"column":15},"end":{"line":76,"column":30}},{"start":{"line":76,"column":30},"end":{"line":76,"column":null}}]},"5":{"loc":{"start":{"line":109,"column":8},"end":{"line":109,"column":null}},"type":"if","locations":[{"start":{"line":109,"column":8},"end":{"line":109,"column":null}}]},"6":{"loc":{"start":{"line":109,"column":12},"end":{"line":109,"column":85}},"type":"binary-expr","locations":[{"start":{"line":109,"column":12},"end":{"line":109,"column":28}},{"start":{"line":109,"column":28},"end":{"line":109,"column":39}},{"start":{"line":109,"column":39},"end":{"line":109,"column":48}},{"start":{"line":109,"column":48},"end":{"line":109,"column":61}},{"start":{"line":109,"column":61},"end":{"line":109,"column":85}}]},"7":{"loc":{"start":{"line":116,"column":21},"end":{"line":116,"column":null}},"type":"cond-expr","locations":[{"start":{"line":116,"column":46},"end":{"line":116,"column":58}},{"start":{"line":116,"column":58},"end":{"line":116,"column":null}}]},"8":{"loc":{"start":{"line":131,"column":12},"end":{"line":131,"column":null}},"type":"cond-expr","locations":[{"start":{"line":131,"column":32},"end":{"line":131,"column":63}},{"start":{"line":131,"column":63},"end":{"line":131,"column":null}}]},"9":{"loc":{"start":{"line":136,"column":8},"end":{"line":145,"column":null}},"type":"if","locations":[{"start":{"line":136,"column":8},"end":{"line":145,"column":null}},{"start":{"line":143,"column":15},"end":{"line":145,"column":null}}]},"10":{"loc":{"start":{"line":138,"column":16},"end":{"line":141,"column":null}},"type":"binary-expr","locations":[{"start":{"line":138,"column":16},"end":{"line":140,"column":null}},{"start":{"line":141,"column":19},"end":{"line":141,"column":null}}]},"11":{"loc":{"start":{"line":151,"column":8},"end":{"line":151,"column":null}},"type":"if","locations":[{"start":{"line":151,"column":8},"end":{"line":151,"column":null}}]},"12":{"loc":{"start":{"line":154,"column":76},"end":{"line":154,"column":92}},"type":"binary-expr","locations":[{"start":{"line":154,"column":76},"end":{"line":154,"column":90}},{"start":{"line":154,"column":90},"end":{"line":154,"column":92}}]},"13":{"loc":{"start":{"line":162,"column":28},"end":{"line":162,"column":null}},"type":"cond-expr","locations":[{"start":{"line":162,"column":53},"end":{"line":162,"column":65}},{"start":{"line":162,"column":65},"end":{"line":162,"column":null}}]},"14":{"loc":{"start":{"line":167,"column":26},"end":{"line":167,"column":65}},"type":"binary-expr","locations":[{"start":{"line":167,"column":26},"end":{"line":167,"column":63}},{"start":{"line":167,"column":63},"end":{"line":167,"column":65}}]},"15":{"loc":{"start":{"line":190,"column":39},"end":{"line":190,"column":null}},"type":"cond-expr","locations":[{"start":{"line":190,"column":64},"end":{"line":190,"column":83}},{"start":{"line":190,"column":83},"end":{"line":190,"column":null}}]},"16":{"loc":{"start":{"line":198,"column":25},"end":{"line":209,"column":null}},"type":"binary-expr","locations":[{"start":{"line":198,"column":25},"end":{"line":198,"column":null}},{"start":{"line":199,"column":28},"end":{"line":209,"column":null}}]},"17":{"loc":{"start":{"line":214,"column":21},"end":{"line":226,"column":null}},"type":"binary-expr","locations":[{"start":{"line":214,"column":21},"end":{"line":214,"column":null}},{"start":{"line":215,"column":24},"end":{"line":226,"column":null}}]},"18":{"loc":{"start":{"line":236,"column":45},"end":{"line":240,"column":null}},"type":"binary-expr","locations":[{"start":{"line":236,"column":45},"end":{"line":236,"column":71}},{"start":{"line":236,"column":71},"end":{"line":236,"column":83}},{"start":{"line":236,"column":83},"end":{"line":236,"column":93}},{"start":{"line":236,"column":93},"end":{"line":240,"column":null}}]},"19":{"loc":{"start":{"line":237,"column":58},"end":{"line":237,"column":null}},"type":"binary-expr","locations":[{"start":{"line":237,"column":58},"end":{"line":237,"column":86}},{"start":{"line":237,"column":86},"end":{"line":237,"column":97}},{"start":{"line":237,"column":97},"end":{"line":237,"column":null}}]},"20":{"loc":{"start":{"line":238,"column":63},"end":{"line":238,"column":null}},"type":"binary-expr","locations":[{"start":{"line":238,"column":63},"end":{"line":238,"column":89}},{"start":{"line":238,"column":89},"end":{"line":238,"column":null}}]},"21":{"loc":{"start":{"line":238,"column":112},"end":{"line":238,"column":null}},"type":"binary-expr","locations":[{"start":{"line":238,"column":112},"end":{"line":238,"column":143}},{"start":{"line":238,"column":143},"end":{"line":238,"column":null}}]},"22":{"loc":{"start":{"line":239,"column":48},"end":{"line":239,"column":null}},"type":"binary-expr","locations":[{"start":{"line":239,"column":48},"end":{"line":239,"column":100}},{"start":{"line":239,"column":100},"end":{"line":239,"column":null}}]},"23":{"loc":{"start":{"line":239,"column":59},"end":{"line":239,"column":95}},"type":"binary-expr","locations":[{"start":{"line":239,"column":59},"end":{"line":239,"column":90}},{"start":{"line":239,"column":90},"end":{"line":239,"column":95}}]},"24":{"loc":{"start":{"line":239,"column":125},"end":{"line":239,"column":null}},"type":"binary-expr","locations":[{"start":{"line":239,"column":125},"end":{"line":239,"column":156}},{"start":{"line":239,"column":156},"end":{"line":239,"column":null}}]},"25":{"loc":{"start":{"line":247,"column":41},"end":{"line":247,"column":null}},"type":"binary-expr","locations":[{"start":{"line":247,"column":41},"end":{"line":247,"column":67}},{"start":{"line":247,"column":67},"end":{"line":247,"column":null}}]},"26":{"loc":{"start":{"line":252,"column":37},"end":{"line":266,"column":null}},"type":"binary-expr","locations":[{"start":{"line":252,"column":37},"end":{"line":252,"column":49}},{"start":{"line":252,"column":49},"end":{"line":252,"column":null}},{"start":{"line":253,"column":40},"end":{"line":266,"column":null}}]},"27":{"loc":{"start":{"line":259,"column":83},"end":{"line":259,"column":99}},"type":"binary-expr","locations":[{"start":{"line":259,"column":83},"end":{"line":259,"column":97}},{"start":{"line":259,"column":97},"end":{"line":259,"column":99}}]},"28":{"loc":{"start":{"line":260,"column":81},"end":{"line":260,"column":97}},"type":"binary-expr","locations":[{"start":{"line":260,"column":81},"end":{"line":260,"column":95}},{"start":{"line":260,"column":95},"end":{"line":260,"column":97}}]},"29":{"loc":{"start":{"line":262,"column":84},"end":{"line":262,"column":100}},"type":"binary-expr","locations":[{"start":{"line":262,"column":84},"end":{"line":262,"column":98}},{"start":{"line":262,"column":98},"end":{"line":262,"column":100}}]},"30":{"loc":{"start":{"line":268,"column":37},"end":{"line":275,"column":null}},"type":"binary-expr","locations":[{"start":{"line":268,"column":37},"end":{"line":268,"column":null}},{"start":{"line":269,"column":40},"end":{"line":275,"column":null}}]},"31":{"loc":{"start":{"line":270,"column":64},"end":{"line":270,"column":96}},"type":"cond-expr","locations":[{"start":{"line":270,"column":89},"end":{"line":270,"column":93}},{"start":{"line":270,"column":93},"end":{"line":270,"column":96}}]},"32":{"loc":{"start":{"line":272,"column":79},"end":{"line":272,"column":null}},"type":"cond-expr","locations":[{"start":{"line":272,"column":104},"end":{"line":272,"column":123}},{"start":{"line":272,"column":123},"end":{"line":272,"column":null}}]},"33":{"loc":{"start":{"line":279,"column":29},"end":{"line":289,"column":null}},"type":"binary-expr","locations":[{"start":{"line":279,"column":29},"end":{"line":279,"column":null}},{"start":{"line":280,"column":32},"end":{"line":289,"column":null}}]}},"s":{"0":5,"1":0,"2":0,"3":0,"4":0,"5":0,"6":0,"7":0,"8":0,"9":0,"10":0,"11":0,"12":0,"13":0,"14":0,"15":0,"16":0,"17":0,"18":0,"19":0,"20":0,"21":0,"22":0,"23":0,"24":0,"25":0,"26":0,"27":0,"28":0,"29":0,"30":0,"31":0,"32":0,"33":0,"34":0,"35":0,"36":0,"37":0,"38":0,"39":0,"40":0,"41":0,"42":0,"43":0,"44":0,"45":0,"46":0,"47":0,"48":0,"49":0,"50":0,"51":0,"52":0,"53":0,"54":0,"55":0,"56":0,"57":0,"58":0,"59":0,"60":0,"61":0,"62":0,"63":0,"64":0,"65":0,"66":0,"67":0,"68":0,"69":0,"70":0,"71":0,"72":0,"73":0,"74":0,"75":0,"76":0,"77":0,"78":0,"79":0,"80":0,"81":0,"82":0,"83":0,"84":0,"85":0,"86":0,"87":0,"88":0,"89":0,"90":5,"91":0,"92":5,"93":5},"f":{"0":0,"1":0,"2":0,"3":0,"4":0,"5":0,"6":0,"7":0,"8":0,"9":0,"10":0,"11":0,"12":0,"13":0,"14":0,"15":0,"16":0,"17":0,"18":0,"19":0,"20":0,"21":0,"22":0,"23":0,"24":0,"25":0,"26":0,"27":0,"28":0,"29":0,"30":0,"31":0,"32":0},"b":{"0":[0,0],"1":[0],"2":[0,0],"3":[0,0],"4":[0,0],"5":[0],"6":[0,0,0,0,0],"7":[0,0],"8":[0,0],"9":[0,0],"10":[0,0],"11":[0],"12":[0,0],"13":[0,0],"14":[0,0],"15":[0,0],"16":[0,0],"17":[0,0],"18":[0,0,0,0],"19":[0,0,0],"20":[0,0],"21":[0,0],"22":[0,0],"23":[0,0],"24":[0,0],"25":[0,0],"26":[0,0,0],"27":[0,0],"28":[0,0],"29":[0,0],"30":[0,0],"31":[0,0],"32":[0,0],"33":[0,0]}}
,"F:/family_app/src/pages/Incomes.tsx": {"path":"F:/family_app/src/pages/Incomes.tsx","statementMap":{"0":{"start":{"line":36,"column":16},"end":{"line":269,"column":2}},"1":{"start":{"line":36,"column":22},"end":{"line":36,"column":null}},"2":{"start":{"line":37,"column":42},"end":{"line":37,"column":null}},"3":{"start":{"line":38,"column":26},"end":{"line":38,"column":null}},"4":{"start":{"line":39,"column":53},"end":{"line":42,"column":null}},"5":{"start":{"line":43,"column":22},"end":{"line":43,"column":null}},"6":{"start":{"line":44,"column":25},"end":{"line":44,"column":null}},"7":{"start":{"line":45,"column":26},"end":{"line":45,"column":null}},"8":{"start":{"line":46,"column":23},"end":{"line":46,"column":null}},"9":{"start":{"line":48,"column":40},"end":{"line":48,"column":null}},"10":{"start":{"line":49,"column":30},"end":{"line":49,"column":null}},"11":{"start":{"line":50,"column":34},"end":{"line":50,"column":null}},"12":{"start":{"line":51,"column":26},"end":{"line":51,"column":null}},"13":{"start":{"line":52,"column":40},"end":{"line":52,"column":null}},"14":{"start":{"line":53,"column":32},"end":{"line":53,"column":null}},"15":{"start":{"line":54,"column":36},"end":{"line":54,"column":null}},"16":{"start":{"line":55,"column":42},"end":{"line":55,"column":null}},"17":{"start":{"line":57,"column":26},"end":{"line":57,"column":null}},"18":{"start":{"line":57,"column":86},"end":{"line":57,"column":107}},"19":{"start":{"line":59,"column":2},"end":{"line":62,"column":null}},"20":{"start":{"line":60,"column":4},"end":{"line":60,"column":null}},"21":{"start":{"line":61,"column":4},"end":{"line":61,"column":null}},"22":{"start":{"line":64,"column":23},"end":{"line":75,"column":null}},"23":{"start":{"line":65,"column":4},"end":{"line":65,"column":null}},"24":{"start":{"line":67,"column":4},"end":{"line":67,"column":null}},"25":{"start":{"line":68,"column":4},"end":{"line":68,"column":null}},"26":{"start":{"line":69,"column":4},"end":{"line":69,"column":null}},"27":{"start":{"line":70,"column":4},"end":{"line":70,"column":null}},"28":{"start":{"line":71,"column":4},"end":{"line":71,"column":null}},"29":{"start":{"line":73,"column":4},"end":{"line":73,"column":null}},"30":{"start":{"line":74,"column":4},"end":{"line":74,"column":null}},"31":{"start":{"line":77,"column":23},"end":{"line":85,"column":null}},"32":{"start":{"line":78,"column":4},"end":{"line":84,"column":null}},"33":{"start":{"line":79,"column":6},"end":{"line":83,"column":null}},"34":{"start":{"line":80,"column":8},"end":{"line":80,"column":null}},"35":{"start":{"line":80,"column":32},"end":{"line":80,"column":40}},"36":{"start":{"line":82,"column":8},"end":{"line":82,"column":null}},"37":{"start":{"line":87,"column":26},"end":{"line":94,"column":null}},"38":{"start":{"line":88,"column":4},"end":{"line":93,"column":null}},"39":{"start":{"line":89,"column":21},"end":{"line":89,"column":null}},"40":{"start":{"line":89,"column":57},"end":{"line":89,"column":67}},"41":{"start":{"line":90,"column":6},"end":{"line":90,"column":null}},"42":{"start":{"line":92,"column":6},"end":{"line":92,"column":null}},"43":{"start":{"line":96,"column":26},"end":{"line":114,"column":null}},"44":{"start":{"line":97,"column":4},"end":{"line":97,"column":null}},"45":{"start":{"line":97,"column":55},"end":{"line":97,"column":null}},"46":{"start":{"line":98,"column":4},"end":{"line":108,"column":null}},"47":{"start":{"line":109,"column":4},"end":{"line":109,"column":null}},"48":{"start":{"line":110,"column":4},"end":{"line":110,"column":null}},"49":{"start":{"line":111,"column":4},"end":{"line":111,"column":null}},"50":{"start":{"line":112,"column":4},"end":{"line":112,"column":null}},"51":{"start":{"line":113,"column":4},"end":{"line":113,"column":null}},"52":{"start":{"line":116,"column":29},"end":{"line":119,"column":null}},"53":{"start":{"line":117,"column":4},"end":{"line":117,"column":null}},"54":{"start":{"line":118,"column":4},"end":{"line":118,"column":null}},"55":{"start":{"line":121,"column":31},"end":{"line":125,"column":null}},"56":{"start":{"line":122,"column":4},"end":{"line":122,"column":null}},"57":{"start":{"line":123,"column":4},"end":{"line":123,"column":null}},"58":{"start":{"line":124,"column":4},"end":{"line":124,"column":null}},"59":{"start":{"line":127,"column":26},"end":{"line":129,"column":null}},"60":{"start":{"line":128,"column":4},"end":{"line":128,"column":null}},"61":{"start":{"line":128,"column":71},"end":{"line":128,"column":94}},"62":{"start":{"line":131,"column":46},"end":{"line":136,"column":null}},"63":{"start":{"line":132,"column":4},"end":{"line":135,"column":null}},"64":{"start":{"line":133,"column":6},"end":{"line":133,"column":null}},"65":{"start":{"line":133,"column":34},"end":{"line":133,"column":null}},"66":{"start":{"line":134,"column":6},"end":{"line":134,"column":null}},"67":{"start":{"line":138,"column":2},"end":{"line":267,"column":null}},"68":{"start":{"line":151,"column":31},"end":{"line":151,"column":41}},"69":{"start":{"line":172,"column":18},"end":{"line":172,"column":null}},"70":{"start":{"line":173,"column":18},"end":{"line":173,"column":null}},"71":{"start":{"line":183,"column":47},"end":{"line":183,"column":68}},"72":{"start":{"line":220,"column":22},"end":{"line":237,"column":null}},"73":{"start":{"line":224,"column":44},"end":{"line":224,"column":74}},"74":{"start":{"line":231,"column":113},"end":{"line":231,"column":136}},"75":{"start":{"line":233,"column":53},"end":{"line":233,"column":null}},"76":{"start":{"line":244,"column":122},"end":{"line":244,"column":143}},"77":{"start":{"line":269,"column":2},"end":{"line":46,"column":35}},"78":{"start":{"line":36,"column":13},"end":{"line":46,"column":35}},"79":{"start":{"line":46,"column":34},"end":{"line":36,"column":13}},"80":{"start":{"line":271,"column":23},"end":{"line":271,"column":null}}},"fnMap":{"0":{"name":"(anonymous_0)","decl":{"start":{"line":36,"column":16},"end":{"line":36,"column":22}},"loc":{"start":{"line":36,"column":22},"end":{"line":269,"column":2}}},"1":{"name":"(anonymous_1)","decl":{"start":{"line":57,"column":81},"end":{"line":57,"column":86}},"loc":{"start":{"line":57,"column":86},"end":{"line":57,"column":107}}},"2":{"name":"(anonymous_2)","decl":{"start":{"line":59,"column":12},"end":{"line":59,"column":18}},"loc":{"start":{"line":59,"column":18},"end":{"line":62,"column":5}}},"3":{"name":"(anonymous_3)","decl":{"start":{"line":64,"column":23},"end":{"line":64,"column":24}},"loc":{"start":{"line":64,"column":42},"end":{"line":75,"column":null}}},"4":{"name":"(anonymous_4)","decl":{"start":{"line":77,"column":23},"end":{"line":77,"column":24}},"loc":{"start":{"line":77,"column":39},"end":{"line":85,"column":null}}},"5":{"name":"(anonymous_5)","decl":{"start":{"line":78,"column":19},"end":{"line":78,"column":27}},"loc":{"start":{"line":78,"column":27},"end":{"line":84,"column":5}}},"6":{"name":"(anonymous_6)","decl":{"start":{"line":80,"column":27},"end":{"line":80,"column":32}},"loc":{"start":{"line":80,"column":32},"end":{"line":80,"column":40}}},"7":{"name":"(anonymous_7)","decl":{"start":{"line":87,"column":26},"end":{"line":87,"column":27}},"loc":{"start":{"line":87,"column":74},"end":{"line":94,"column":null}}},"8":{"name":"(anonymous_8)","decl":{"start":{"line":89,"column":47},"end":{"line":89,"column":57}},"loc":{"start":{"line":89,"column":57},"end":{"line":89,"column":67}}},"9":{"name":"(anonymous_9)","decl":{"start":{"line":96,"column":26},"end":{"line":96,"column":38}},"loc":{"start":{"line":96,"column":38},"end":{"line":114,"column":null}}},"10":{"name":"(anonymous_10)","decl":{"start":{"line":116,"column":29},"end":{"line":116,"column":36}},"loc":{"start":{"line":116,"column":52},"end":{"line":119,"column":null}}},"11":{"name":"(anonymous_11)","decl":{"start":{"line":121,"column":31},"end":{"line":121,"column":43}},"loc":{"start":{"line":121,"column":43},"end":{"line":125,"column":null}}},"12":{"name":"(anonymous_12)","decl":{"start":{"line":127,"column":26},"end":{"line":127,"column":32}},"loc":{"start":{"line":127,"column":32},"end":{"line":129,"column":null}}},"13":{"name":"(anonymous_13)","decl":{"start":{"line":128,"column":36},"end":{"line":128,"column":37}},"loc":{"start":{"line":128,"column":71},"end":{"line":128,"column":94}}},"14":{"name":"(anonymous_14)","decl":{"start":{"line":131,"column":46},"end":{"line":131,"column":52}},"loc":{"start":{"line":131,"column":52},"end":{"line":136,"column":null}}},"15":{"name":"(anonymous_15)","decl":{"start":{"line":132,"column":36},"end":{"line":132,"column":37}},"loc":{"start":{"line":132,"column":56},"end":{"line":135,"column":5}}},"16":{"name":"(anonymous_16)","decl":{"start":{"line":151,"column":25},"end":{"line":151,"column":31}},"loc":{"start":{"line":151,"column":31},"end":{"line":151,"column":41}}},"17":{"name":"(anonymous_17)","decl":{"start":{"line":171,"column":24},"end":{"line":171,"column":36}},"loc":{"start":{"line":171,"column":36},"end":{"line":174,"column":null}}},"18":{"name":"(anonymous_18)","decl":{"start":{"line":183,"column":42},"end":{"line":183,"column":47}},"loc":{"start":{"line":183,"column":47},"end":{"line":183,"column":68}}},"19":{"name":"(anonymous_19)","decl":{"start":{"line":219,"column":46},"end":{"line":219,"column":47}},"loc":{"start":{"line":220,"column":22},"end":{"line":237,"column":null}}},"20":{"name":"(anonymous_20)","decl":{"start":{"line":224,"column":38},"end":{"line":224,"column":44}},"loc":{"start":{"line":224,"column":44},"end":{"line":224,"column":74}}},"21":{"name":"(anonymous_21)","decl":{"start":{"line":231,"column":96},"end":{"line":231,"column":97}},"loc":{"start":{"line":231,"column":113},"end":{"line":231,"column":136}}},"22":{"name":"(anonymous_22)","decl":{"start":{"line":233,"column":47},"end":{"line":233,"column":53}},"loc":{"start":{"line":233,"column":53},"end":{"line":233,"column":null}}},"23":{"name":"(anonymous_23)","decl":{"start":{"line":244,"column":117},"end":{"line":244,"column":122}},"loc":{"start":{"line":244,"column":122},"end":{"line":244,"column":143}}},"24":{"name":"(anonymous_24)","decl":{"start":{"line":36,"column":13},"end":{"line":36,"column":16}},"loc":{"start":{"line":36,"column":13},"end":{"line":46,"column":35}}}},"branchMap":{"0":{"loc":{"start":{"line":40,"column":25},"end":{"line":40,"column":75}},"type":"cond-expr","locations":[{"start":{"line":40,"column":50},"end":{"line":40,"column":62}},{"start":{"line":40,"column":62},"end":{"line":40,"column":75}}]},"1":{"loc":{"start":{"line":57,"column":26},"end":{"line":57,"column":null}},"type":"cond-expr","locations":[{"start":{"line":57,"column":51},"end":{"line":57,"column":63}},{"start":{"line":57,"column":63},"end":{"line":57,"column":null}}]},"2":{"loc":{"start":{"line":60,"column":22},"end":{"line":60,"column":61}},"type":"binary-expr","locations":[{"start":{"line":60,"column":22},"end":{"line":60,"column":59}},{"start":{"line":60,"column":59},"end":{"line":60,"column":61}}]},"3":{"loc":{"start":{"line":79,"column":6},"end":{"line":83,"column":null}},"type":"if","locations":[{"start":{"line":79,"column":6},"end":{"line":83,"column":null}},{"start":{"line":81,"column":13},"end":{"line":83,"column":null}}]},"4":{"loc":{"start":{"line":88,"column":4},"end":{"line":93,"column":null}},"type":"if","locations":[{"start":{"line":88,"column":4},"end":{"line":93,"column":null}},{"start":{"line":91,"column":11},"end":{"line":93,"column":null}}]},"5":{"loc":{"start":{"line":97,"column":4},"end":{"line":97,"column":null}},"type":"if","locations":[{"start":{"line":97,"column":4},"end":{"line":97,"column":null}}]},"6":{"loc":{"start":{"line":97,"column":8},"end":{"line":97,"column":55}},"type":"binary-expr","locations":[{"start":{"line":97,"column":8},"end":{"line":97,"column":24}},{"start":{"line":97,"column":24},"end":{"line":97,"column":35}},{"start":{"line":97,"column":35},"end":{"line":97,"column":48}},{"start":{"line":97,"column":48},"end":{"line":97,"column":55}}]},"7":{"loc":{"start":{"line":105,"column":19},"end":{"line":105,"column":null}},"type":"cond-expr","locations":[{"start":{"line":105,"column":44},"end":{"line":105,"column":56}},{"start":{"line":105,"column":56},"end":{"line":105,"column":null}}]},"8":{"loc":{"start":{"line":128,"column":11},"end":{"line":128,"column":null}},"type":"binary-expr","locations":[{"start":{"line":128,"column":11},"end":{"line":128,"column":100}},{"start":{"line":128,"column":100},"end":{"line":128,"column":null}}]},"9":{"loc":{"start":{"line":132,"column":11},"end":{"line":135,"column":null}},"type":"binary-expr","locations":[{"start":{"line":132,"column":11},"end":{"line":135,"column":10}},{"start":{"line":135,"column":10},"end":{"line":135,"column":null}}]},"10":{"loc":{"start":{"line":133,"column":6},"end":{"line":133,"column":null}},"type":"if","locations":[{"start":{"line":133,"column":6},"end":{"line":133,"column":null}}]},"11":{"loc":{"start":{"line":157,"column":25},"end":{"line":157,"column":null}},"type":"cond-expr","locations":[{"start":{"line":157,"column":50},"end":{"line":157,"column":69}},{"start":{"line":157,"column":69},"end":{"line":157,"column":null}}]},"12":{"loc":{"start":{"line":165,"column":13},"end":{"line":176,"column":null}},"type":"binary-expr","locations":[{"start":{"line":165,"column":13},"end":{"line":165,"column":null}},{"start":{"line":166,"column":14},"end":{"line":176,"column":null}}]},"13":{"loc":{"start":{"line":180,"column":11},"end":{"line":192,"column":null}},"type":"binary-expr","locations":[{"start":{"line":180,"column":11},"end":{"line":180,"column":null}},{"start":{"line":181,"column":12},"end":{"line":192,"column":null}}]},"14":{"loc":{"start":{"line":202,"column":23},"end":{"line":206,"column":null}},"type":"binary-expr","locations":[{"start":{"line":202,"column":23},"end":{"line":202,"column":48}},{"start":{"line":202,"column":48},"end":{"line":202,"column":60}},{"start":{"line":202,"column":60},"end":{"line":202,"column":70}},{"start":{"line":202,"column":70},"end":{"line":206,"column":null}}]},"15":{"loc":{"start":{"line":203,"column":34},"end":{"line":203,"column":null}},"type":"binary-expr","locations":[{"start":{"line":203,"column":34},"end":{"line":203,"column":61}},{"start":{"line":203,"column":61},"end":{"line":203,"column":72}},{"start":{"line":203,"column":72},"end":{"line":203,"column":null}}]},"16":{"loc":{"start":{"line":204,"column":39},"end":{"line":204,"column":null}},"type":"binary-expr","locations":[{"start":{"line":204,"column":39},"end":{"line":204,"column":65}},{"start":{"line":204,"column":65},"end":{"line":204,"column":null}}]},"17":{"loc":{"start":{"line":204,"column":88},"end":{"line":204,"column":null}},"type":"binary-expr","locations":[{"start":{"line":204,"column":88},"end":{"line":204,"column":117}},{"start":{"line":204,"column":117},"end":{"line":204,"column":null}}]},"18":{"loc":{"start":{"line":205,"column":24},"end":{"line":205,"column":null}},"type":"binary-expr","locations":[{"start":{"line":205,"column":24},"end":{"line":205,"column":74}},{"start":{"line":205,"column":74},"end":{"line":205,"column":null}}]},"19":{"loc":{"start":{"line":205,"column":35},"end":{"line":205,"column":69}},"type":"binary-expr","locations":[{"start":{"line":205,"column":35},"end":{"line":205,"column":64}},{"start":{"line":205,"column":64},"end":{"line":205,"column":69}}]},"20":{"loc":{"start":{"line":205,"column":99},"end":{"line":205,"column":null}},"type":"binary-expr","locations":[{"start":{"line":205,"column":99},"end":{"line":205,"column":128}},{"start":{"line":205,"column":128},"end":{"line":205,"column":null}}]},"21":{"loc":{"start":{"line":213,"column":21},"end":{"line":213,"column":null}},"type":"binary-expr","locations":[{"start":{"line":213,"column":21},"end":{"line":213,"column":47}},{"start":{"line":213,"column":47},"end":{"line":213,"column":null}}]},"22":{"loc":{"start":{"line":218,"column":19},"end":{"line":238,"column":null}},"type":"binary-expr","locations":[{"start":{"line":218,"column":19},"end":{"line":218,"column":31}},{"start":{"line":218,"column":31},"end":{"line":218,"column":null}},{"start":{"line":219,"column":20},"end":{"line":238,"column":null}}]},"23":{"loc":{"start":{"line":223,"column":58},"end":{"line":223,"column":73}},"type":"binary-expr","locations":[{"start":{"line":223,"column":58},"end":{"line":223,"column":71}},{"start":{"line":223,"column":71},"end":{"line":223,"column":73}}]},"24":{"loc":{"start":{"line":224,"column":57},"end":{"line":224,"column":72}},"type":"binary-expr","locations":[{"start":{"line":224,"column":57},"end":{"line":224,"column":70}},{"start":{"line":224,"column":70},"end":{"line":224,"column":72}}]},"25":{"loc":{"start":{"line":231,"column":25},"end":{"line":231,"column":null}},"type":"binary-expr","locations":[{"start":{"line":231,"column":25},"end":{"line":231,"column":51}},{"start":{"line":231,"column":51},"end":{"line":231,"column":null}}]},"26":{"loc":{"start":{"line":240,"column":19},"end":{"line":247,"column":null}},"type":"binary-expr","locations":[{"start":{"line":240,"column":19},"end":{"line":240,"column":null}},{"start":{"line":241,"column":20},"end":{"line":247,"column":null}}]},"27":{"loc":{"start":{"line":242,"column":42},"end":{"line":242,"column":74}},"type":"cond-expr","locations":[{"start":{"line":242,"column":67},"end":{"line":242,"column":71}},{"start":{"line":242,"column":71},"end":{"line":242,"column":74}}]},"28":{"loc":{"start":{"line":244,"column":55},"end":{"line":244,"column":null}},"type":"cond-expr","locations":[{"start":{"line":244,"column":80},"end":{"line":244,"column":99}},{"start":{"line":244,"column":99},"end":{"line":244,"column":null}}]},"29":{"loc":{"start":{"line":251,"column":15},"end":{"line":261,"column":null}},"type":"binary-expr","locations":[{"start":{"line":251,"column":15},"end":{"line":251,"column":null}},{"start":{"line":252,"column":16},"end":{"line":261,"column":null}}]}},"s":{"0":5,"1":0,"2":0,"3":0,"4":0,"5":0,"6":0,"7":0,"8":0,"9":0,"10":0,"11":0,"12":0,"13":0,"14":0,"15":0,"16":0,"17":0,"18":0,"19":0,"20":0,"21":0,"22":0,"23":0,"24":0,"25":0,"26":0,"27":0,"28":0,"29":0,"30":0,"31":0,"32":0,"33":0,"34":0,"35":0,"36":0,"37":0,"38":0,"39":0,"40":0,"41":0,"42":0,"43":0,"44":0,"45":0,"46":0,"47":0,"48":0,"49":0,"50":0,"51":0,"52":0,"53":0,"54":0,"55":0,"56":0,"57":0,"58":0,"59":0,"60":0,"61":0,"62":0,"63":0,"64":0,"65":0,"66":0,"67":0,"68":0,"69":0,"70":0,"71":0,"72":0,"73":0,"74":0,"75":0,"76":0,"77":5,"78":0,"79":5,"80":5},"f":{"0":0,"1":0,"2":0,"3":0,"4":0,"5":0,"6":0,"7":0,"8":0,"9":0,"10":0,"11":0,"12":0,"13":0,"14":0,"15":0,"16":0,"17":0,"18":0,"19":0,"20":0,"21":0,"22":0,"23":0,"24":0},"b":{"0":[0,0],"1":[0,0],"2":[0,0],"3":[0,0],"4":[0,0],"5":[0],"6":[0,0,0,0],"7":[0,0],"8":[0,0],"9":[0,0],"10":[0],"11":[0,0],"12":[0,0],"13":[0,0],"14":[0,0,0,0],"15":[0,0,0],"16":[0,0],"17":[0,0],"18":[0,0],"19":[0,0],"20":[0,0],"21":[0,0],"22":[0,0,0],"23":[0,0],"24":[0,0],"25":[0,0],"26":[0,0],"27":[0,0],"28":[0,0],"29":[0,0]}}
,"F:/family_app/src/theme/theme.ts": {"path":"F:/family_app/src/theme/theme.ts","statementMap":{"0":{"start":{"line":3,"column":21},"end":{"line":77,"column":null}}},"fnMap":{},"branchMap":{},"s":{"0":5},"f":{},"b":{}}
,"F:/family_app/src/types/index.ts": {"path":"F:/family_app/src/types/index.ts","statementMap":{"0":{"start":{"line":147,"column":2},"end":{"line":147,"column":null}},"1":{"start":{"line":147,"column":18},"end":{"line":147,"column":null}},"2":{"start":{"line":148,"column":12},"end":{"line":148,"column":null}},"3":{"start":{"line":149,"column":15},"end":{"line":149,"column":null}},"4":{"start":{"line":150,"column":16},"end":{"line":150,"column":null}},"5":{"start":{"line":151,"column":14},"end":{"line":151,"column":null}},"6":{"start":{"line":152,"column":2},"end":{"line":152,"column":null}}},"fnMap":{"0":{"name":"formatDateYYYYMMDDLocal","decl":{"start":{"line":146,"column":16},"end":{"line":146,"column":40}},"loc":{"start":{"line":146,"column":95},"end":{"line":153,"column":null}}}},"branchMap":{"0":{"loc":{"start":{"line":147,"column":2},"end":{"line":147,"column":null}},"type":"if","locations":[{"start":{"line":147,"column":2},"end":{"line":147,"column":null}}]}},"s":{"0":0,"1":0,"2":0,"3":0,"4":0,"5":0,"6":0},"f":{"0":0},"b":{"0":[0]}}
}
