{"total": {"lines":{"total":340,"covered":130,"skipped":0,"pct":38.23},"statements":{"total":427,"covered":164,"skipped":0,"pct":38.4},"functions":{"total":140,"covered":23,"skipped":0,"pct":16.42},"branches":{"total":247,"covered":22,"skipped":0,"pct":8.9},"branchesTrue":{"total":0,"covered":0,"skipped":0,"pct":100}}
,"F:/family_app/src/App.tsx": {"lines":{"total":18,"covered":9,"skipped":0,"pct":50},"functions":{"total":3,"covered":2,"skipped":0,"pct":66.66},"statements":{"total":19,"covered":10,"skipped":0,"pct":52.63},"branches":{"total":9,"covered":1,"skipped":0,"pct":11.11}}
,"F:/family_app/src/main.tsx": {"lines":{"total":2,"covered":2,"skipped":0,"pct":100},"functions":{"total":0,"covered":0,"skipped":0,"pct":100},"statements":{"total":2,"covered":2,"skipped":0,"pct":100},"branches":{"total":0,"covered":0,"skipped":0,"pct":100}}
,"F:/family_app/src/components/common/AddTransactionForm.tsx": {"lines":{"total":8,"covered":3,"skipped":0,"pct":37.5},"functions":{"total":5,"covered":0,"skipped":0,"pct":0},"statements":{"total":8,"covered":3,"skipped":0,"pct":37.5},"branches":{"total":2,"covered":0,"skipped":0,"pct":0}}
,"F:/family_app/src/components/common/CardEditorControls.tsx": {"lines":{"total":9,"covered":3,"skipped":0,"pct":33.33},"functions":{"total":6,"covered":0,"skipped":0,"pct":0},"statements":{"total":9,"covered":3,"skipped":0,"pct":33.33},"branches":{"total":0,"covered":0,"skipped":0,"pct":100}}
,"F:/family_app/src/components/common/CardSelector.tsx": {"lines":{"total":7,"covered":3,"skipped":0,"pct":42.85},"functions":{"total":3,"covered":0,"skipped":0,"pct":0},"statements":{"total":7,"covered":3,"skipped":0,"pct":42.85},"branches":{"total":2,"covered":0,"skipped":0,"pct":0}}
,"F:/family_app/src/components/dashboard/DataTable.tsx": {"lines":{"total":9,"covered":9,"skipped":0,"pct":100},"functions":{"total":5,"covered":5,"skipped":0,"pct":100},"statements":{"total":11,"covered":11,"skipped":0,"pct":100},"branches":{"total":6,"covered":3,"skipped":0,"pct":50}}
,"F:/family_app/src/components/dashboard/ExpandedExpenseRow.tsx": {"lines":{"total":63,"covered":29,"skipped":0,"pct":46.03},"functions":{"total":39,"covered":0,"skipped":0,"pct":0},"statements":{"total":103,"covered":42,"skipped":0,"pct":40.77},"branches":{"total":62,"covered":2,"skipped":0,"pct":3.22}}
,"F:/family_app/src/components/dashboard/StatCard.tsx": {"lines":{"total":5,"covered":5,"skipped":0,"pct":100},"functions":{"total":1,"covered":1,"skipped":0,"pct":100},"statements":{"total":6,"covered":6,"skipped":0,"pct":100},"branches":{"total":9,"covered":2,"skipped":0,"pct":22.22}}
,"F:/family_app/src/components/layout/Header.tsx": {"lines":{"total":13,"covered":13,"skipped":0,"pct":100},"functions":{"total":6,"covered":6,"skipped":0,"pct":100},"statements":{"total":22,"covered":22,"skipped":0,"pct":100},"branches":{"total":2,"covered":2,"skipped":0,"pct":100}}
,"F:/family_app/src/components/layout/Layout.tsx": {"lines":{"total":4,"covered":4,"skipped":0,"pct":100},"functions":{"total":1,"covered":1,"skipped":0,"pct":100},"statements":{"total":5,"covered":5,"skipped":0,"pct":100},"branches":{"total":0,"covered":0,"skipped":0,"pct":100}}
,"F:/family_app/src/components/layout/Sidebar.tsx": {"lines":{"total":7,"covered":6,"skipped":0,"pct":85.71},"functions":{"total":3,"covered":2,"skipped":0,"pct":66.66},"statements":{"total":8,"covered":7,"skipped":0,"pct":87.5},"branches":{"total":4,"covered":4,"skipped":0,"pct":100}}
,"F:/family_app/src/graphql/mutations.ts": {"lines":{"total":10,"covered":10,"skipped":0,"pct":100},"functions":{"total":0,"covered":0,"skipped":0,"pct":100},"statements":{"total":10,"covered":10,"skipped":0,"pct":100},"branches":{"total":0,"covered":0,"skipped":0,"pct":100}}
,"F:/family_app/src/graphql/queries.ts": {"lines":{"total":5,"covered":5,"skipped":0,"pct":100},"functions":{"total":0,"covered":0,"skipped":0,"pct":100},"statements":{"total":5,"covered":5,"skipped":0,"pct":100},"branches":{"total":0,"covered":0,"skipped":0,"pct":100}}
,"F:/family_app/src/pages/Dashboard.tsx": {"lines":{"total":20,"covered":20,"skipped":0,"pct":100},"functions":{"total":9,"covered":6,"skipped":0,"pct":66.66},"statements":{"total":29,"covered":26,"skipped":0,"pct":89.65},"branches":{"total":14,"covered":8,"skipped":0,"pct":57.14}}
,"F:/family_app/src/pages/Expenses.tsx": {"lines":{"total":81,"covered":4,"skipped":0,"pct":4.93},"functions":{"total":33,"covered":0,"skipped":0,"pct":0},"statements":{"total":94,"covered":4,"skipped":0,"pct":4.25},"branches":{"total":72,"covered":0,"skipped":0,"pct":0}}
,"F:/family_app/src/pages/Incomes.tsx": {"lines":{"total":72,"covered":4,"skipped":0,"pct":5.55},"functions":{"total":25,"covered":0,"skipped":0,"pct":0},"statements":{"total":81,"covered":4,"skipped":0,"pct":4.93},"branches":{"total":64,"covered":0,"skipped":0,"pct":0}}
,"F:/family_app/src/theme/theme.ts": {"lines":{"total":1,"covered":1,"skipped":0,"pct":100},"functions":{"total":0,"covered":0,"skipped":0,"pct":100},"statements":{"total":1,"covered":1,"skipped":0,"pct":100},"branches":{"total":0,"covered":0,"skipped":0,"pct":100}}
,"F:/family_app/src/types/index.ts": {"lines":{"total":6,"covered":0,"skipped":0,"pct":0},"functions":{"total":1,"covered":0,"skipped":0,"pct":0},"statements":{"total":7,"covered":0,"skipped":0,"pct":0},"branches":{"total":1,"covered":0,"skipped":0,"pct":0}}
}
